2023-02-06 03:15:55,215 - mmcls - INFO - Environment info:
------------------------------------------------------------
sys.platform: win32
Python: 3.9.16 (main, Jan 11 2023, 16:16:36) [MSC v.1916 64 bit (AMD64)]
CUDA available: True
GPU 0: NVIDIA GeForce RTX 3070
CUDA_HOME: C:\Program Files\NVIDIA GPU Computing Toolkit\CUDA\v11.7
NVCC: Cuda compilation tools, release 11.7, V11.7.99
MSVC: Microsoft(R) C/C++ Optimizing Compiler Version 19.29.30146 for x64
GCC: n/a
PyTorch: 1.13.1
PyTorch compiling details: PyTorch built with:
  - C++ Version: 199711
  - MSVC 192829337
  - Intel(R) Math Kernel Library Version 2020.0.2 Product Build 20200624 for Intel(R) 64 architecture applications
  - Intel(R) MKL-DNN v2.6.0 (Git Hash 52b5f107dd9cf10910aaa19cb47f3abf9b349815)
  - OpenMP 2019
  - LAPACK is enabled (usually provided by MKL)
  - CPU capability usage: AVX2
  - CUDA Runtime 11.7
  - NVCC architecture flags: -gencode;arch=compute_37,code=sm_37;-gencode;arch=compute_50,code=sm_50;-gencode;arch=compute_60,code=sm_60;-gencode;arch=compute_61,code=sm_61;-gencode;arch=compute_70,code=sm_70;-gencode;arch=compute_75,code=sm_75;-gencode;arch=compute_80,code=sm_80;-gencode;arch=compute_86,code=sm_86;-gencode;arch=compute_37,code=compute_37
  - CuDNN 8.5
  - Magma 2.5.4
  - Build settings: BLAS_INFO=mkl, BUILD_TYPE=Release, CUDA_VERSION=11.7, CUDNN_VERSION=8.5.0, CXX_COMPILER=C:/cb/pytorch_1000000000000/work/tmp_bin/sccache-cl.exe, CXX_FLAGS=/DWIN32 /D_WINDOWS /GR /EHsc /w /bigobj -DUSE_PTHREADPOOL -openmp:experimental -IC:/cb/pytorch_1000000000000/work/mkl/include -DNDEBUG -DUSE_KINETO -DLIBKINETO_NOCUPTI -DUSE_FBGEMM -DUSE_XNNPACK -DSYMBOLICATE_MOBILE_DEBUG_HANDLE -DEDGE_PROFILER_USE_KINETO, LAPACK_INFO=mkl, PERF_WITH_AVX=1, PERF_WITH_AVX2=1, PERF_WITH_AVX512=1, TORCH_VERSION=1.13.1, USE_CUDA=ON, USE_CUDNN=ON, USE_EXCEPTION_PTR=1, USE_GFLAGS=OFF, USE_GLOG=OFF, USE_MKL=ON, USE_MKLDNN=ON, USE_MPI=OFF, USE_NCCL=OFF, USE_NNPACK=OFF, USE_OPENMP=ON, USE_ROCM=OFF, 

TorchVision: 0.14.1
OpenCV: 4.7.0
MMCV: 1.7.1
MMCV Compiler: MSVC 192829924
MMCV CUDA Compiler: 11.7
MMClassification: 0.25.0+
------------------------------------------------------------

2023-02-06 03:15:55,216 - mmcls - INFO - Distributed training: False
2023-02-06 03:15:55,263 - mmcls - INFO - Config:
model = dict(
    type='ImageClassifier',
    backbone=dict(type='EfficientNet', arch='b4'),
    neck=dict(type='GlobalAveragePooling'),
    head=dict(
        type='LinearClsHead',
        num_classes=10,
        in_channels=1792,
        loss=dict(type='CrossEntropyLoss', loss_weight=1.0),
        topk=(1, 5)))
dataset_type = 'CIFAR10'
img_norm_cfg = dict(
    mean=[125.307, 122.961, 113.8575],
    std=[51.5865, 50.847, 51.255],
    to_rgb=False)
train_pipeline = [
    dict(type='RandomCrop', size=32, padding=4),
    dict(type='RandomFlip', flip_prob=0.5, direction='horizontal'),
    dict(
        type='Normalize',
        mean=[125.307, 122.961, 113.8575],
        std=[51.5865, 50.847, 51.255],
        to_rgb=False),
    dict(type='ImageToTensor', keys=['img']),
    dict(type='ToTensor', keys=['gt_label']),
    dict(type='Collect', keys=['img', 'gt_label'])
]
test_pipeline = [
    dict(
        type='Normalize',
        mean=[125.307, 122.961, 113.8575],
        std=[51.5865, 50.847, 51.255],
        to_rgb=False),
    dict(type='ImageToTensor', keys=['img']),
    dict(type='Collect', keys=['img'])
]
data = dict(
    samples_per_gpu=256,
    workers_per_gpu=2,
    train=dict(
        type='CIFAR10',
        data_prefix='data/cifar10/data',
        pipeline=[
            dict(type='RandomCrop', size=32, padding=4),
            dict(type='RandomFlip', flip_prob=0.5, direction='horizontal'),
            dict(
                type='Normalize',
                mean=[125.307, 122.961, 113.8575],
                std=[51.5865, 50.847, 51.255],
                to_rgb=False),
            dict(type='ImageToTensor', keys=['img']),
            dict(type='ToTensor', keys=['gt_label']),
            dict(type='Collect', keys=['img', 'gt_label'])
        ]),
    val=dict(
        type='CIFAR10',
        data_prefix='data/cifar10/data',
        pipeline=[
            dict(
                type='Normalize',
                mean=[125.307, 122.961, 113.8575],
                std=[51.5865, 50.847, 51.255],
                to_rgb=False),
            dict(type='ImageToTensor', keys=['img']),
            dict(type='Collect', keys=['img'])
        ],
        test_mode=True),
    test=dict(
        type='CIFAR10',
        data_prefix='data/cifar10/data',
        pipeline=[
            dict(
                type='Normalize',
                mean=[125.307, 122.961, 113.8575],
                std=[51.5865, 50.847, 51.255],
                to_rgb=False),
            dict(type='ImageToTensor', keys=['img']),
            dict(type='Collect', keys=['img'])
        ],
        test_mode=True))
checkpoint_config = dict(interval=1)
log_config = dict(interval=100, hooks=[dict(type='TextLoggerHook')])
dist_params = dict(backend='nccl')
log_level = 'INFO'
load_from = 'checkpoints/efficientnet-b4_3rdparty_8xb32-aa-advprop_in1k_20220119-38c2238c.pth'
resume_from = None
workflow = [('train', 1)]
optimizer = dict(type='Adam', lr=0.001, weight_decay=0.0001)
optimizer_config = dict(grad_clip=None)
lr_config = dict(policy='step', step=[60, 100, 140])
evaluation = dict(
    interval=1,
    save_best='auto',
    metric='accuracy',
    metric_options=dict(topk=(1, 5)))
runner = dict(type='EpochBasedRunner', max_epochs=150)
work_dir = '.\work\efficientnet_b4_cifar10_batch-256_adam'
gpu_ids = [0]

2023-02-06 03:15:55,266 - mmcls - INFO - Set random seed to 614220142, deterministic: False
2023-02-06 03:15:56,552 - mmcls - INFO - load checkpoint from local path: checkpoints/efficientnet-b4_3rdparty_8xb32-aa-advprop_in1k_20220119-38c2238c.pth
2023-02-06 03:15:56,643 - mmcls - WARNING - The model and loaded state dict do not match exactly

size mismatch for head.fc.weight: copying a param with shape torch.Size([1000, 1792]) from checkpoint, the shape in current model is torch.Size([10, 1792]).
size mismatch for head.fc.bias: copying a param with shape torch.Size([1000]) from checkpoint, the shape in current model is torch.Size([10]).
2023-02-06 03:15:56,647 - mmcls - INFO - Start running, host: xiech@Ikura-R13, work_dir: D:\OneDrive - ’}”g‘åŠw\workspace\openmmlab_tutorial\hw1\work\efficientnet_b4_cifar10_batch-256_adam
2023-02-06 03:15:56,648 - mmcls - INFO - Hooks will be executed in the following order:
before_run:
(VERY_HIGH   ) StepLrUpdaterHook                  
(NORMAL      ) CheckpointHook                     
(LOW         ) EvalHook                           
(VERY_LOW    ) TextLoggerHook                     
 -------------------- 
before_train_epoch:
(VERY_HIGH   ) StepLrUpdaterHook                  
(LOW         ) IterTimerHook                      
(LOW         ) EvalHook                           
(VERY_LOW    ) TextLoggerHook                     
 -------------------- 
before_train_iter:
(VERY_HIGH   ) StepLrUpdaterHook                  
(LOW         ) IterTimerHook                      
(LOW         ) EvalHook                           
 -------------------- 
after_train_iter:
(ABOVE_NORMAL) OptimizerHook                      
(NORMAL      ) CheckpointHook                     
(LOW         ) IterTimerHook                      
(LOW         ) EvalHook                           
(VERY_LOW    ) TextLoggerHook                     
 -------------------- 
after_train_epoch:
(NORMAL      ) CheckpointHook                     
(LOW         ) EvalHook                           
(VERY_LOW    ) TextLoggerHook                     
 -------------------- 
before_val_epoch:
(LOW         ) IterTimerHook                      
(VERY_LOW    ) TextLoggerHook                     
 -------------------- 
before_val_iter:
(LOW         ) IterTimerHook                      
 -------------------- 
after_val_iter:
(LOW         ) IterTimerHook                      
 -------------------- 
after_val_epoch:
(VERY_LOW    ) TextLoggerHook                     
 -------------------- 
after_run:
(VERY_LOW    ) TextLoggerHook                     
 -------------------- 
2023-02-06 03:15:56,649 - mmcls - INFO - workflow: [('train', 1)], max: 150 epochs
2023-02-06 03:15:56,650 - mmcls - INFO - Checkpoints will be saved to D:\OneDrive - ’}”g‘åŠw\workspace\openmmlab_tutorial\hw1\work\efficientnet_b4_cifar10_batch-256_adam by HardDiskBackend.
2023-02-06 03:16:27,704 - mmcls - INFO - Epoch [1][100/196]	lr: 1.000e-03, eta: 2:31:37, time: 0.310, data_time: 0.106, memory: 2687, loss: 1.3505
2023-02-06 03:16:44,282 - mmcls - INFO - Saving checkpoint at 1 epochs
2023-02-06 03:16:56,355 - mmcls - INFO - Now best checkpoint is saved as best_accuracy_top-1_epoch_1.pth.
2023-02-06 03:16:56,355 - mmcls - INFO - Best accuracy_top-1 is 76.3300 at 1 epoch.
2023-02-06 03:16:56,356 - mmcls - INFO - Epoch(val) [1][40]	accuracy_top-1: 76.3300, accuracy_top-5: 98.3100
2023-02-06 03:17:15,592 - mmcls - INFO - Epoch [2][100/196]	lr: 1.000e-03, eta: 1:22:23, time: 0.192, data_time: 0.021, memory: 2687, loss: 0.6564
2023-02-06 03:17:32,008 - mmcls - INFO - Saving checkpoint at 2 epochs
2023-02-06 03:17:36,811 - mmcls - INFO - The previous best checkpoint D:\OneDrive - ’}”g‘åŠw\workspace\openmmlab_tutorial\hw1\work\efficientnet_b4_cifar10_batch-256_adam\best_accuracy_top-1_epoch_1.pth was removed
2023-02-06 03:17:37,884 - mmcls - INFO - Now best checkpoint is saved as best_accuracy_top-1_epoch_2.pth.
2023-02-06 03:17:37,884 - mmcls - INFO - Best accuracy_top-1 is 81.3400 at 2 epoch.
2023-02-06 03:17:37,885 - mmcls - INFO - Epoch(val) [2][40]	accuracy_top-1: 81.3400, accuracy_top-5: 99.1900
2023-02-06 03:17:57,721 - mmcls - INFO - Epoch [3][100/196]	lr: 1.000e-03, eta: 1:08:39, time: 0.198, data_time: 0.021, memory: 2687, loss: 0.5284
2023-02-06 03:18:14,217 - mmcls - INFO - Saving checkpoint at 3 epochs
2023-02-06 03:18:18,516 - mmcls - INFO - The previous best checkpoint D:\OneDrive - ’}”g‘åŠw\workspace\openmmlab_tutorial\hw1\work\efficientnet_b4_cifar10_batch-256_adam\best_accuracy_top-1_epoch_2.pth was removed
2023-02-06 03:18:19,514 - mmcls - INFO - Now best checkpoint is saved as best_accuracy_top-1_epoch_3.pth.
2023-02-06 03:18:19,514 - mmcls - INFO - Best accuracy_top-1 is 83.5000 at 3 epoch.
2023-02-06 03:18:19,514 - mmcls - INFO - Epoch(val) [3][40]	accuracy_top-1: 83.5000, accuracy_top-5: 99.2300
2023-02-06 03:18:38,833 - mmcls - INFO - Epoch [4][100/196]	lr: 1.000e-03, eta: 1:02:11, time: 0.193, data_time: 0.021, memory: 2687, loss: 0.4531
2023-02-06 03:18:55,102 - mmcls - INFO - Saving checkpoint at 4 epochs
2023-02-06 03:18:59,638 - mmcls - INFO - The previous best checkpoint D:\OneDrive - ’}”g‘åŠw\workspace\openmmlab_tutorial\hw1\work\efficientnet_b4_cifar10_batch-256_adam\best_accuracy_top-1_epoch_3.pth was removed
2023-02-06 03:19:00,642 - mmcls - INFO - Now best checkpoint is saved as best_accuracy_top-1_epoch_4.pth.
2023-02-06 03:19:00,644 - mmcls - INFO - Best accuracy_top-1 is 84.2300 at 4 epoch.
2023-02-06 03:19:00,645 - mmcls - INFO - Epoch(val) [4][40]	accuracy_top-1: 84.2300, accuracy_top-5: 99.4400
2023-02-06 03:19:20,022 - mmcls - INFO - Epoch [5][100/196]	lr: 1.000e-03, eta: 0:58:29, time: 0.194, data_time: 0.020, memory: 2687, loss: 0.3909
2023-02-06 03:19:36,437 - mmcls - INFO - Saving checkpoint at 5 epochs
2023-02-06 03:19:40,838 - mmcls - INFO - The previous best checkpoint D:\OneDrive - ’}”g‘åŠw\workspace\openmmlab_tutorial\hw1\work\efficientnet_b4_cifar10_batch-256_adam\best_accuracy_top-1_epoch_4.pth was removed
2023-02-06 03:19:41,879 - mmcls - INFO - Now best checkpoint is saved as best_accuracy_top-1_epoch_5.pth.
2023-02-06 03:19:41,880 - mmcls - INFO - Best accuracy_top-1 is 84.5100 at 5 epoch.
2023-02-06 03:19:41,880 - mmcls - INFO - Epoch(val) [5][40]	accuracy_top-1: 84.5100, accuracy_top-5: 99.2500
2023-02-06 03:20:01,258 - mmcls - INFO - Epoch [6][100/196]	lr: 1.000e-03, eta: 0:56:00, time: 0.194, data_time: 0.021, memory: 2687, loss: 0.3600
2023-02-06 03:20:17,859 - mmcls - INFO - Saving checkpoint at 6 epochs
2023-02-06 03:20:22,241 - mmcls - INFO - The previous best checkpoint D:\OneDrive - ’}”g‘åŠw\workspace\openmmlab_tutorial\hw1\work\efficientnet_b4_cifar10_batch-256_adam\best_accuracy_top-1_epoch_5.pth was removed
2023-02-06 03:20:23,314 - mmcls - INFO - Now best checkpoint is saved as best_accuracy_top-1_epoch_6.pth.
2023-02-06 03:20:23,315 - mmcls - INFO - Best accuracy_top-1 is 85.5900 at 6 epoch.
2023-02-06 03:20:23,315 - mmcls - INFO - Epoch(val) [6][40]	accuracy_top-1: 85.5900, accuracy_top-5: 99.5200
2023-02-06 03:20:42,834 - mmcls - INFO - Epoch [7][100/196]	lr: 1.000e-03, eta: 0:54:14, time: 0.195, data_time: 0.020, memory: 2687, loss: 0.3382
2023-02-06 03:20:59,161 - mmcls - INFO - Saving checkpoint at 7 epochs
2023-02-06 03:21:04,195 - mmcls - INFO - The previous best checkpoint D:\OneDrive - ’}”g‘åŠw\workspace\openmmlab_tutorial\hw1\work\efficientnet_b4_cifar10_batch-256_adam\best_accuracy_top-1_epoch_6.pth was removed
2023-02-06 03:21:05,274 - mmcls - INFO - Now best checkpoint is saved as best_accuracy_top-1_epoch_7.pth.
2023-02-06 03:21:05,275 - mmcls - INFO - Best accuracy_top-1 is 85.6300 at 7 epoch.
2023-02-06 03:21:05,275 - mmcls - INFO - Epoch(val) [7][40]	accuracy_top-1: 85.6300, accuracy_top-5: 99.4900
2023-02-06 03:21:24,630 - mmcls - INFO - Epoch [8][100/196]	lr: 1.000e-03, eta: 0:52:48, time: 0.193, data_time: 0.020, memory: 2687, loss: 0.3090
2023-02-06 03:21:40,960 - mmcls - INFO - Saving checkpoint at 8 epochs
2023-02-06 03:21:45,056 - mmcls - INFO - The previous best checkpoint D:\OneDrive - ’}”g‘åŠw\workspace\openmmlab_tutorial\hw1\work\efficientnet_b4_cifar10_batch-256_adam\best_accuracy_top-1_epoch_7.pth was removed
2023-02-06 03:21:46,138 - mmcls - INFO - Now best checkpoint is saved as best_accuracy_top-1_epoch_8.pth.
2023-02-06 03:21:46,138 - mmcls - INFO - Best accuracy_top-1 is 86.1400 at 8 epoch.
2023-02-06 03:21:46,138 - mmcls - INFO - Epoch(val) [8][40]	accuracy_top-1: 86.1400, accuracy_top-5: 99.4500
2023-02-06 03:22:05,460 - mmcls - INFO - Epoch [9][100/196]	lr: 1.000e-03, eta: 0:51:38, time: 0.193, data_time: 0.020, memory: 2687, loss: 0.2903
2023-02-06 03:22:21,916 - mmcls - INFO - Saving checkpoint at 9 epochs
2023-02-06 03:22:26,768 - mmcls - INFO - The previous best checkpoint D:\OneDrive - ’}”g‘åŠw\workspace\openmmlab_tutorial\hw1\work\efficientnet_b4_cifar10_batch-256_adam\best_accuracy_top-1_epoch_8.pth was removed
2023-02-06 03:22:27,798 - mmcls - INFO - Now best checkpoint is saved as best_accuracy_top-1_epoch_9.pth.
2023-02-06 03:22:27,799 - mmcls - INFO - Best accuracy_top-1 is 86.7300 at 9 epoch.
2023-02-06 03:22:27,799 - mmcls - INFO - Epoch(val) [9][40]	accuracy_top-1: 86.7300, accuracy_top-5: 99.5400
2023-02-06 03:22:47,005 - mmcls - INFO - Epoch [10][100/196]	lr: 1.000e-03, eta: 0:50:36, time: 0.192, data_time: 0.020, memory: 2687, loss: 0.2825
2023-02-06 03:23:03,387 - mmcls - INFO - Saving checkpoint at 10 epochs
2023-02-06 03:23:07,747 - mmcls - INFO - The previous best checkpoint D:\OneDrive - ’}”g‘åŠw\workspace\openmmlab_tutorial\hw1\work\efficientnet_b4_cifar10_batch-256_adam\best_accuracy_top-1_epoch_9.pth was removed
2023-02-06 03:23:08,775 - mmcls - INFO - Now best checkpoint is saved as best_accuracy_top-1_epoch_10.pth.
2023-02-06 03:23:08,775 - mmcls - INFO - Best accuracy_top-1 is 86.8300 at 10 epoch.
2023-02-06 03:23:08,775 - mmcls - INFO - Epoch(val) [10][40]	accuracy_top-1: 86.8300, accuracy_top-5: 99.4900
2023-02-06 03:23:28,194 - mmcls - INFO - Epoch [11][100/196]	lr: 1.000e-03, eta: 0:49:45, time: 0.194, data_time: 0.020, memory: 2687, loss: 0.2606
2023-02-06 03:23:44,556 - mmcls - INFO - Saving checkpoint at 11 epochs
2023-02-06 03:23:49,065 - mmcls - INFO - The previous best checkpoint D:\OneDrive - ’}”g‘åŠw\workspace\openmmlab_tutorial\hw1\work\efficientnet_b4_cifar10_batch-256_adam\best_accuracy_top-1_epoch_10.pth was removed
2023-02-06 03:23:50,097 - mmcls - INFO - Now best checkpoint is saved as best_accuracy_top-1_epoch_11.pth.
2023-02-06 03:23:50,097 - mmcls - INFO - Best accuracy_top-1 is 87.5100 at 11 epoch.
2023-02-06 03:23:50,098 - mmcls - INFO - Epoch(val) [11][40]	accuracy_top-1: 87.5100, accuracy_top-5: 99.4800
2023-02-06 03:24:09,463 - mmcls - INFO - Epoch [12][100/196]	lr: 1.000e-03, eta: 0:48:59, time: 0.194, data_time: 0.021, memory: 2687, loss: 0.2483
2023-02-06 03:24:25,811 - mmcls - INFO - Saving checkpoint at 12 epochs
2023-02-06 03:24:30,282 - mmcls - INFO - Epoch(val) [12][40]	accuracy_top-1: 87.1800, accuracy_top-5: 99.5200
2023-02-06 03:24:49,712 - mmcls - INFO - Epoch [13][100/196]	lr: 1.000e-03, eta: 0:48:18, time: 0.194, data_time: 0.020, memory: 2687, loss: 0.2454
2023-02-06 03:25:06,184 - mmcls - INFO - Saving checkpoint at 13 epochs
2023-02-06 03:25:10,367 - mmcls - INFO - Epoch(val) [13][40]	accuracy_top-1: 87.3500, accuracy_top-5: 99.5400
2023-02-06 03:25:29,677 - mmcls - INFO - Epoch [14][100/196]	lr: 1.000e-03, eta: 0:47:39, time: 0.193, data_time: 0.020, memory: 2687, loss: 0.2334
2023-02-06 03:25:46,339 - mmcls - INFO - Saving checkpoint at 14 epochs
2023-02-06 03:25:50,468 - mmcls - INFO - The previous best checkpoint D:\OneDrive - ’}”g‘åŠw\workspace\openmmlab_tutorial\hw1\work\efficientnet_b4_cifar10_batch-256_adam\best_accuracy_top-1_epoch_11.pth was removed
2023-02-06 03:25:51,564 - mmcls - INFO - Now best checkpoint is saved as best_accuracy_top-1_epoch_14.pth.
2023-02-06 03:25:51,565 - mmcls - INFO - Best accuracy_top-1 is 87.8100 at 14 epoch.
2023-02-06 03:25:51,568 - mmcls - INFO - Epoch(val) [14][40]	accuracy_top-1: 87.8100, accuracy_top-5: 99.6600
2023-02-06 03:26:10,630 - mmcls - INFO - Epoch [15][100/196]	lr: 1.000e-03, eta: 0:47:00, time: 0.191, data_time: 0.021, memory: 2687, loss: 0.2273
2023-02-06 03:26:30,983 - mmcls - INFO - Saving checkpoint at 15 epochs
2023-02-06 03:26:41,318 - mmcls - INFO - Epoch(val) [15][40]	accuracy_top-1: 87.2700, accuracy_top-5: 99.5900
2023-02-06 03:27:00,583 - mmcls - INFO - Epoch [16][100/196]	lr: 1.000e-03, eta: 0:46:26, time: 0.193, data_time: 0.021, memory: 2687, loss: 0.2211
2023-02-06 03:27:17,038 - mmcls - INFO - Saving checkpoint at 16 epochs
2023-02-06 03:27:21,361 - mmcls - INFO - Epoch(val) [16][40]	accuracy_top-1: 87.3600, accuracy_top-5: 99.5800
2023-02-06 03:27:40,422 - mmcls - INFO - Epoch [17][100/196]	lr: 1.000e-03, eta: 0:45:52, time: 0.191, data_time: 0.020, memory: 2687, loss: 0.2193
2023-02-06 03:27:56,761 - mmcls - INFO - Saving checkpoint at 17 epochs
2023-02-06 03:28:01,572 - mmcls - INFO - The previous best checkpoint D:\OneDrive - ’}”g‘åŠw\workspace\openmmlab_tutorial\hw1\work\efficientnet_b4_cifar10_batch-256_adam\best_accuracy_top-1_epoch_14.pth was removed
2023-02-06 03:28:02,650 - mmcls - INFO - Now best checkpoint is saved as best_accuracy_top-1_epoch_17.pth.
2023-02-06 03:28:02,650 - mmcls - INFO - Best accuracy_top-1 is 88.2400 at 17 epoch.
2023-02-06 03:28:02,651 - mmcls - INFO - Epoch(val) [17][40]	accuracy_top-1: 88.2400, accuracy_top-5: 99.5800
2023-02-06 03:28:22,040 - mmcls - INFO - Epoch [18][100/196]	lr: 1.000e-03, eta: 0:45:22, time: 0.194, data_time: 0.021, memory: 2687, loss: 0.2012
2023-02-06 03:28:38,475 - mmcls - INFO - Saving checkpoint at 18 epochs
2023-02-06 03:28:43,404 - mmcls - INFO - Epoch(val) [18][40]	accuracy_top-1: 88.0600, accuracy_top-5: 99.5400
2023-02-06 03:29:02,609 - mmcls - INFO - Epoch [19][100/196]	lr: 1.000e-03, eta: 0:44:52, time: 0.192, data_time: 0.020, memory: 2687, loss: 0.2046
2023-02-06 03:29:18,909 - mmcls - INFO - Saving checkpoint at 19 epochs
2023-02-06 03:29:23,646 - mmcls - INFO - The previous best checkpoint D:\OneDrive - ’}”g‘åŠw\workspace\openmmlab_tutorial\hw1\work\efficientnet_b4_cifar10_batch-256_adam\best_accuracy_top-1_epoch_17.pth was removed
2023-02-06 03:29:24,659 - mmcls - INFO - Now best checkpoint is saved as best_accuracy_top-1_epoch_19.pth.
2023-02-06 03:29:24,660 - mmcls - INFO - Best accuracy_top-1 is 88.5900 at 19 epoch.
2023-02-06 03:29:24,660 - mmcls - INFO - Epoch(val) [19][40]	accuracy_top-1: 88.5900, accuracy_top-5: 99.6400
2023-02-06 03:29:44,035 - mmcls - INFO - Epoch [20][100/196]	lr: 1.000e-03, eta: 0:44:24, time: 0.194, data_time: 0.021, memory: 2687, loss: 0.2021
2023-02-06 03:30:00,306 - mmcls - INFO - Saving checkpoint at 20 epochs
2023-02-06 03:30:04,918 - mmcls - INFO - Epoch(val) [20][40]	accuracy_top-1: 87.9900, accuracy_top-5: 99.6100
2023-02-06 03:30:24,190 - mmcls - INFO - Epoch [21][100/196]	lr: 1.000e-03, eta: 0:43:56, time: 0.193, data_time: 0.021, memory: 2687, loss: 0.1866
2023-02-06 03:30:40,513 - mmcls - INFO - Saving checkpoint at 21 epochs
2023-02-06 03:30:44,625 - mmcls - INFO - The previous best checkpoint D:\OneDrive - ’}”g‘åŠw\workspace\openmmlab_tutorial\hw1\work\efficientnet_b4_cifar10_batch-256_adam\best_accuracy_top-1_epoch_19.pth was removed
2023-02-06 03:30:45,678 - mmcls - INFO - Now best checkpoint is saved as best_accuracy_top-1_epoch_21.pth.
2023-02-06 03:30:45,680 - mmcls - INFO - Best accuracy_top-1 is 88.6800 at 21 epoch.
2023-02-06 03:30:45,680 - mmcls - INFO - Epoch(val) [21][40]	accuracy_top-1: 88.6800, accuracy_top-5: 99.5300
2023-02-06 03:31:04,768 - mmcls - INFO - Epoch [22][100/196]	lr: 1.000e-03, eta: 0:43:28, time: 0.191, data_time: 0.021, memory: 2687, loss: 0.1859
2023-02-06 03:31:21,080 - mmcls - INFO - Saving checkpoint at 22 epochs
2023-02-06 03:31:25,310 - mmcls - INFO - Epoch(val) [22][40]	accuracy_top-1: 88.3100, accuracy_top-5: 99.6300
2023-02-06 03:31:44,441 - mmcls - INFO - Epoch [23][100/196]	lr: 1.000e-03, eta: 0:43:01, time: 0.191, data_time: 0.021, memory: 2687, loss: 0.1795
2023-02-06 03:32:00,820 - mmcls - INFO - Saving checkpoint at 23 epochs
2023-02-06 03:32:04,866 - mmcls - INFO - Epoch(val) [23][40]	accuracy_top-1: 88.1100, accuracy_top-5: 99.5000
2023-02-06 03:32:24,147 - mmcls - INFO - Epoch [24][100/196]	lr: 1.000e-03, eta: 0:42:36, time: 0.193, data_time: 0.020, memory: 2687, loss: 0.1763
2023-02-06 03:32:40,523 - mmcls - INFO - Saving checkpoint at 24 epochs
2023-02-06 03:32:44,597 - mmcls - INFO - Epoch(val) [24][40]	accuracy_top-1: 88.6600, accuracy_top-5: 99.4900
2023-02-06 03:33:03,992 - mmcls - INFO - Epoch [25][100/196]	lr: 1.000e-03, eta: 0:42:11, time: 0.194, data_time: 0.021, memory: 2687, loss: 0.1678
2023-02-06 03:33:20,279 - mmcls - INFO - Saving checkpoint at 25 epochs
2023-02-06 03:33:24,280 - mmcls - INFO - Epoch(val) [25][40]	accuracy_top-1: 87.9400, accuracy_top-5: 99.6000
2023-02-06 03:33:43,585 - mmcls - INFO - Epoch [26][100/196]	lr: 1.000e-03, eta: 0:41:47, time: 0.193, data_time: 0.021, memory: 2687, loss: 0.1733
2023-02-06 03:34:04,718 - mmcls - INFO - Saving checkpoint at 26 epochs
2023-02-06 03:34:09,840 - mmcls - INFO - Epoch(val) [26][40]	accuracy_top-1: 88.6300, accuracy_top-5: 99.5300
2023-02-06 03:34:29,189 - mmcls - INFO - Epoch [27][100/196]	lr: 1.000e-03, eta: 0:41:23, time: 0.193, data_time: 0.020, memory: 2687, loss: 0.1612
2023-02-06 03:34:45,587 - mmcls - INFO - Saving checkpoint at 27 epochs
2023-02-06 03:34:50,116 - mmcls - INFO - Epoch(val) [27][40]	accuracy_top-1: 88.4900, accuracy_top-5: 99.5000
2023-02-06 03:35:09,432 - mmcls - INFO - Epoch [28][100/196]	lr: 1.000e-03, eta: 0:40:59, time: 0.193, data_time: 0.021, memory: 2687, loss: 0.1624
2023-02-06 03:35:25,720 - mmcls - INFO - Saving checkpoint at 28 epochs
2023-02-06 03:35:30,742 - mmcls - INFO - Epoch(val) [28][40]	accuracy_top-1: 88.0900, accuracy_top-5: 99.4500
2023-02-06 03:35:50,507 - mmcls - INFO - Epoch [29][100/196]	lr: 1.000e-03, eta: 0:40:38, time: 0.198, data_time: 0.021, memory: 2687, loss: 0.1641
2023-02-06 03:36:07,978 - mmcls - INFO - Saving checkpoint at 29 epochs
2023-02-06 03:36:12,559 - mmcls - INFO - Epoch(val) [29][40]	accuracy_top-1: 88.5900, accuracy_top-5: 99.5200
2023-02-06 03:36:32,564 - mmcls - INFO - Epoch [30][100/196]	lr: 1.000e-03, eta: 0:40:17, time: 0.200, data_time: 0.021, memory: 2687, loss: 0.1597
2023-02-06 03:36:50,171 - mmcls - INFO - Saving checkpoint at 30 epochs
2023-02-06 03:36:54,953 - mmcls - INFO - The previous best checkpoint D:\OneDrive - ’}”g‘åŠw\workspace\openmmlab_tutorial\hw1\work\efficientnet_b4_cifar10_batch-256_adam\best_accuracy_top-1_epoch_21.pth was removed
2023-02-06 03:36:55,968 - mmcls - INFO - Now best checkpoint is saved as best_accuracy_top-1_epoch_30.pth.
2023-02-06 03:36:55,970 - mmcls - INFO - Best accuracy_top-1 is 88.7400 at 30 epoch.
2023-02-06 03:36:55,970 - mmcls - INFO - Epoch(val) [30][40]	accuracy_top-1: 88.7400, accuracy_top-5: 99.5800
2023-02-06 03:37:16,031 - mmcls - INFO - Epoch [31][100/196]	lr: 1.000e-03, eta: 0:39:57, time: 0.201, data_time: 0.021, memory: 2687, loss: 0.1476
2023-02-06 03:37:33,259 - mmcls - INFO - Saving checkpoint at 31 epochs
2023-02-06 03:37:38,160 - mmcls - INFO - Epoch(val) [31][40]	accuracy_top-1: 88.6500, accuracy_top-5: 99.5100
2023-02-06 03:37:58,097 - mmcls - INFO - Epoch [32][100/196]	lr: 1.000e-03, eta: 0:39:37, time: 0.199, data_time: 0.021, memory: 2687, loss: 0.1565
2023-02-06 03:38:14,993 - mmcls - INFO - Saving checkpoint at 32 epochs
2023-02-06 03:38:19,703 - mmcls - INFO - Epoch(val) [32][40]	accuracy_top-1: 87.4100, accuracy_top-5: 99.5400
2023-02-06 03:38:39,944 - mmcls - INFO - Epoch [33][100/196]	lr: 1.000e-03, eta: 0:39:17, time: 0.202, data_time: 0.021, memory: 2687, loss: 0.1435
2023-02-06 03:38:56,923 - mmcls - INFO - Saving checkpoint at 33 epochs
2023-02-06 03:39:01,344 - mmcls - INFO - Epoch(val) [33][40]	accuracy_top-1: 88.7400, accuracy_top-5: 99.4300
2023-02-06 03:39:21,424 - mmcls - INFO - Epoch [34][100/196]	lr: 1.000e-03, eta: 0:38:57, time: 0.201, data_time: 0.021, memory: 2687, loss: 0.1540
2023-02-06 03:39:38,437 - mmcls - INFO - Saving checkpoint at 34 epochs
2023-02-06 03:39:43,243 - mmcls - INFO - Epoch(val) [34][40]	accuracy_top-1: 88.5700, accuracy_top-5: 99.6300
2023-02-06 03:40:03,181 - mmcls - INFO - Epoch [35][100/196]	lr: 1.000e-03, eta: 0:38:37, time: 0.199, data_time: 0.020, memory: 2687, loss: 0.1386
2023-02-06 03:40:20,266 - mmcls - INFO - Saving checkpoint at 35 epochs
2023-02-06 03:40:27,215 - mmcls - INFO - Epoch(val) [35][40]	accuracy_top-1: 88.4900, accuracy_top-5: 99.5300
2023-02-06 03:40:47,409 - mmcls - INFO - Epoch [36][100/196]	lr: 1.000e-03, eta: 0:38:17, time: 0.202, data_time: 0.021, memory: 2687, loss: 0.1477
2023-02-06 03:41:04,420 - mmcls - INFO - Saving checkpoint at 36 epochs
2023-02-06 03:41:09,082 - mmcls - INFO - The previous best checkpoint D:\OneDrive - ’}”g‘åŠw\workspace\openmmlab_tutorial\hw1\work\efficientnet_b4_cifar10_batch-256_adam\best_accuracy_top-1_epoch_30.pth was removed
2023-02-06 03:41:10,172 - mmcls - INFO - Now best checkpoint is saved as best_accuracy_top-1_epoch_36.pth.
2023-02-06 03:41:10,173 - mmcls - INFO - Best accuracy_top-1 is 88.9100 at 36 epoch.
2023-02-06 03:41:10,173 - mmcls - INFO - Epoch(val) [36][40]	accuracy_top-1: 88.9100, accuracy_top-5: 99.5000
2023-02-06 03:41:30,090 - mmcls - INFO - Epoch [37][100/196]	lr: 1.000e-03, eta: 0:37:57, time: 0.199, data_time: 0.020, memory: 2687, loss: 0.1370
2023-02-06 03:41:47,813 - mmcls - INFO - Saving checkpoint at 37 epochs
2023-02-06 03:41:53,076 - mmcls - INFO - Epoch(val) [37][40]	accuracy_top-1: 87.7000, accuracy_top-5: 99.3800
2023-02-06 03:42:13,046 - mmcls - INFO - Epoch [38][100/196]	lr: 1.000e-03, eta: 0:37:36, time: 0.200, data_time: 0.020, memory: 2687, loss: 0.1316
2023-02-06 03:42:30,041 - mmcls - INFO - Saving checkpoint at 38 epochs
2023-02-06 03:42:34,301 - mmcls - INFO - Epoch(val) [38][40]	accuracy_top-1: 88.4500, accuracy_top-5: 99.5600
2023-02-06 03:42:54,263 - mmcls - INFO - Epoch [39][100/196]	lr: 1.000e-03, eta: 0:37:16, time: 0.200, data_time: 0.020, memory: 2687, loss: 0.1258
2023-02-06 03:43:11,296 - mmcls - INFO - Saving checkpoint at 39 epochs
2023-02-06 03:43:16,027 - mmcls - INFO - Epoch(val) [39][40]	accuracy_top-1: 88.3300, accuracy_top-5: 99.6100
2023-02-06 03:43:35,854 - mmcls - INFO - Epoch [40][100/196]	lr: 1.000e-03, eta: 0:36:55, time: 0.198, data_time: 0.021, memory: 2687, loss: 0.1303
2023-02-06 03:43:52,130 - mmcls - INFO - Saving checkpoint at 40 epochs
2023-02-06 03:43:56,291 - mmcls - INFO - Epoch(val) [40][40]	accuracy_top-1: 88.8400, accuracy_top-5: 99.4900
2023-02-06 03:44:15,630 - mmcls - INFO - Epoch [41][100/196]	lr: 1.000e-03, eta: 0:36:33, time: 0.193, data_time: 0.021, memory: 2687, loss: 0.1305
2023-02-06 03:44:32,444 - mmcls - INFO - Saving checkpoint at 41 epochs
2023-02-06 03:44:38,399 - mmcls - INFO - Epoch(val) [41][40]	accuracy_top-1: 88.0400, accuracy_top-5: 99.5000
2023-02-06 03:44:58,344 - mmcls - INFO - Epoch [42][100/196]	lr: 1.000e-03, eta: 0:36:13, time: 0.199, data_time: 0.021, memory: 2687, loss: 0.1312
2023-02-06 03:45:15,263 - mmcls - INFO - Saving checkpoint at 42 epochs
2023-02-06 03:45:20,087 - mmcls - INFO - Epoch(val) [42][40]	accuracy_top-1: 87.9300, accuracy_top-5: 99.5400
2023-02-06 03:45:40,104 - mmcls - INFO - Epoch [43][100/196]	lr: 1.000e-03, eta: 0:35:53, time: 0.200, data_time: 0.020, memory: 2687, loss: 0.1339
2023-02-06 03:45:57,062 - mmcls - INFO - Saving checkpoint at 43 epochs
2023-02-06 03:46:01,326 - mmcls - INFO - Epoch(val) [43][40]	accuracy_top-1: 88.2700, accuracy_top-5: 99.4900
2023-02-06 03:46:21,428 - mmcls - INFO - Epoch [44][100/196]	lr: 1.000e-03, eta: 0:35:33, time: 0.201, data_time: 0.020, memory: 2687, loss: 0.1284
2023-02-06 03:46:38,409 - mmcls - INFO - Saving checkpoint at 44 epochs
2023-02-06 03:46:43,237 - mmcls - INFO - Epoch(val) [44][40]	accuracy_top-1: 88.4400, accuracy_top-5: 99.4800
2023-02-06 03:47:02,788 - mmcls - INFO - Epoch [45][100/196]	lr: 1.000e-03, eta: 0:35:12, time: 0.195, data_time: 0.021, memory: 2687, loss: 0.1299
2023-02-06 03:47:19,030 - mmcls - INFO - Saving checkpoint at 45 epochs
2023-02-06 03:47:23,361 - mmcls - INFO - Epoch(val) [45][40]	accuracy_top-1: 88.2700, accuracy_top-5: 99.4900
2023-02-06 03:47:42,549 - mmcls - INFO - Epoch [46][100/196]	lr: 1.000e-03, eta: 0:34:50, time: 0.192, data_time: 0.020, memory: 2687, loss: 0.1302
2023-02-06 03:47:58,851 - mmcls - INFO - Saving checkpoint at 46 epochs
2023-02-06 03:48:03,186 - mmcls - INFO - Epoch(val) [46][40]	accuracy_top-1: 88.2200, accuracy_top-5: 99.5000
2023-02-06 03:48:22,538 - mmcls - INFO - Epoch [47][100/196]	lr: 1.000e-03, eta: 0:34:28, time: 0.193, data_time: 0.021, memory: 2687, loss: 0.1187
2023-02-06 03:48:38,879 - mmcls - INFO - Saving checkpoint at 47 epochs
2023-02-06 03:48:43,198 - mmcls - INFO - Epoch(val) [47][40]	accuracy_top-1: 88.3500, accuracy_top-5: 99.3900
2023-02-06 03:49:02,416 - mmcls - INFO - Epoch [48][100/196]	lr: 1.000e-03, eta: 0:34:07, time: 0.192, data_time: 0.020, memory: 2687, loss: 0.1224
2023-02-06 03:49:18,704 - mmcls - INFO - Saving checkpoint at 48 epochs
2023-02-06 03:49:23,189 - mmcls - INFO - Epoch(val) [48][40]	accuracy_top-1: 88.7400, accuracy_top-5: 99.4100
2023-02-06 03:49:42,406 - mmcls - INFO - Epoch [49][100/196]	lr: 1.000e-03, eta: 0:33:45, time: 0.192, data_time: 0.021, memory: 2687, loss: 0.1153
2023-02-06 03:49:58,740 - mmcls - INFO - Saving checkpoint at 49 epochs
2023-02-06 03:50:03,753 - mmcls - INFO - Epoch(val) [49][40]	accuracy_top-1: 88.2200, accuracy_top-5: 99.3900
2023-02-06 03:50:23,162 - mmcls - INFO - Epoch [50][100/196]	lr: 1.000e-03, eta: 0:33:24, time: 0.194, data_time: 0.020, memory: 2687, loss: 0.1106
2023-02-06 03:50:39,681 - mmcls - INFO - Saving checkpoint at 50 epochs
2023-02-06 03:50:44,646 - mmcls - INFO - Epoch(val) [50][40]	accuracy_top-1: 88.3200, accuracy_top-5: 99.5000
2023-02-06 03:51:03,950 - mmcls - INFO - Epoch [51][100/196]	lr: 1.000e-03, eta: 0:33:03, time: 0.193, data_time: 0.021, memory: 2687, loss: 0.1261
2023-02-06 03:51:20,314 - mmcls - INFO - Saving checkpoint at 51 epochs
2023-02-06 03:51:24,392 - mmcls - INFO - Epoch(val) [51][40]	accuracy_top-1: 88.6800, accuracy_top-5: 99.4500
2023-02-06 03:51:43,997 - mmcls - INFO - Epoch [52][100/196]	lr: 1.000e-03, eta: 0:32:42, time: 0.196, data_time: 0.021, memory: 2687, loss: 0.1238
2023-02-06 03:52:00,425 - mmcls - INFO - Saving checkpoint at 52 epochs
2023-02-06 03:52:04,532 - mmcls - INFO - Epoch(val) [52][40]	accuracy_top-1: 88.8400, accuracy_top-5: 99.5200
2023-02-06 03:52:26,140 - mmcls - INFO - Epoch [53][100/196]	lr: 1.000e-03, eta: 0:32:25, time: 0.216, data_time: 0.020, memory: 2687, loss: 0.1121
2023-02-06 03:52:43,140 - mmcls - INFO - Saving checkpoint at 53 epochs
2023-02-06 03:52:48,702 - mmcls - INFO - Epoch(val) [53][40]	accuracy_top-1: 88.8500, accuracy_top-5: 99.5300
2023-02-06 03:53:07,874 - mmcls - INFO - Epoch [54][100/196]	lr: 1.000e-03, eta: 0:32:04, time: 0.192, data_time: 0.020, memory: 2687, loss: 0.1149
2023-02-06 03:53:24,672 - mmcls - INFO - Saving checkpoint at 54 epochs
2023-02-06 03:53:28,999 - mmcls - INFO - Epoch(val) [54][40]	accuracy_top-1: 88.4300, accuracy_top-5: 99.4500
2023-02-06 03:53:49,109 - mmcls - INFO - Epoch [55][100/196]	lr: 1.000e-03, eta: 0:31:44, time: 0.201, data_time: 0.020, memory: 2687, loss: 0.1164
2023-02-06 03:54:06,018 - mmcls - INFO - Saving checkpoint at 55 epochs
2023-02-06 03:54:10,777 - mmcls - INFO - Epoch(val) [55][40]	accuracy_top-1: 88.4200, accuracy_top-5: 99.3900
2023-02-06 03:54:30,583 - mmcls - INFO - Epoch [56][100/196]	lr: 1.000e-03, eta: 0:31:24, time: 0.198, data_time: 0.020, memory: 2687, loss: 0.1123
2023-02-06 03:54:47,409 - mmcls - INFO - Saving checkpoint at 56 epochs
2023-02-06 03:54:51,705 - mmcls - INFO - Epoch(val) [56][40]	accuracy_top-1: 88.6700, accuracy_top-5: 99.4700
2023-02-06 03:55:11,495 - mmcls - INFO - Epoch [57][100/196]	lr: 1.000e-03, eta: 0:31:04, time: 0.198, data_time: 0.021, memory: 2687, loss: 0.1064
2023-02-06 03:55:28,375 - mmcls - INFO - Saving checkpoint at 57 epochs
2023-02-06 03:55:32,748 - mmcls - INFO - Epoch(val) [57][40]	accuracy_top-1: 88.8300, accuracy_top-5: 99.4600
2023-02-06 03:55:52,367 - mmcls - INFO - Epoch [58][100/196]	lr: 1.000e-03, eta: 0:30:43, time: 0.196, data_time: 0.021, memory: 2687, loss: 0.1152
2023-02-06 03:56:08,867 - mmcls - INFO - Saving checkpoint at 58 epochs
2023-02-06 03:56:13,234 - mmcls - INFO - Epoch(val) [58][40]	accuracy_top-1: 88.0700, accuracy_top-5: 99.4300
2023-02-06 03:56:33,161 - mmcls - INFO - Epoch [59][100/196]	lr: 1.000e-03, eta: 0:30:23, time: 0.199, data_time: 0.020, memory: 2687, loss: 0.1093
2023-02-06 03:56:50,332 - mmcls - INFO - Saving checkpoint at 59 epochs
2023-02-06 03:56:54,701 - mmcls - INFO - Epoch(val) [59][40]	accuracy_top-1: 87.8200, accuracy_top-5: 99.4700
2023-02-06 03:57:14,493 - mmcls - INFO - Epoch [60][100/196]	lr: 1.000e-03, eta: 0:30:03, time: 0.198, data_time: 0.020, memory: 2687, loss: 0.1056
2023-02-06 03:57:31,406 - mmcls - INFO - Saving checkpoint at 60 epochs
2023-02-06 03:57:36,306 - mmcls - INFO - The previous best checkpoint D:\OneDrive - ’}”g‘åŠw\workspace\openmmlab_tutorial\hw1\work\efficientnet_b4_cifar10_batch-256_adam\best_accuracy_top-1_epoch_36.pth was removed
2023-02-06 03:57:37,388 - mmcls - INFO - Now best checkpoint is saved as best_accuracy_top-1_epoch_60.pth.
2023-02-06 03:57:37,388 - mmcls - INFO - Best accuracy_top-1 is 88.9800 at 60 epoch.
2023-02-06 03:57:37,388 - mmcls - INFO - Epoch(val) [60][40]	accuracy_top-1: 88.9800, accuracy_top-5: 99.5700
2023-02-06 03:57:56,837 - mmcls - INFO - Epoch [61][100/196]	lr: 1.000e-04, eta: 0:29:43, time: 0.194, data_time: 0.020, memory: 2687, loss: 0.0739
2023-02-06 03:58:13,779 - mmcls - INFO - Saving checkpoint at 61 epochs
2023-02-06 03:58:18,289 - mmcls - INFO - The previous best checkpoint D:\OneDrive - ’}”g‘åŠw\workspace\openmmlab_tutorial\hw1\work\efficientnet_b4_cifar10_batch-256_adam\best_accuracy_top-1_epoch_60.pth was removed
2023-02-06 03:58:19,336 - mmcls - INFO - Now best checkpoint is saved as best_accuracy_top-1_epoch_61.pth.
2023-02-06 03:58:19,336 - mmcls - INFO - Best accuracy_top-1 is 90.3400 at 61 epoch.
2023-02-06 03:58:19,336 - mmcls - INFO - Epoch(val) [61][40]	accuracy_top-1: 90.3400, accuracy_top-5: 99.6200
2023-02-06 03:58:39,187 - mmcls - INFO - Epoch [62][100/196]	lr: 1.000e-04, eta: 0:29:23, time: 0.198, data_time: 0.021, memory: 2687, loss: 0.0513
2023-02-06 03:58:56,039 - mmcls - INFO - Saving checkpoint at 62 epochs
2023-02-06 03:59:00,434 - mmcls - INFO - The previous best checkpoint D:\OneDrive - ’}”g‘åŠw\workspace\openmmlab_tutorial\hw1\work\efficientnet_b4_cifar10_batch-256_adam\best_accuracy_top-1_epoch_61.pth was removed
2023-02-06 03:59:01,509 - mmcls - INFO - Now best checkpoint is saved as best_accuracy_top-1_epoch_62.pth.
2023-02-06 03:59:01,509 - mmcls - INFO - Best accuracy_top-1 is 90.4900 at 62 epoch.
2023-02-06 03:59:01,510 - mmcls - INFO - Epoch(val) [62][40]	accuracy_top-1: 90.4900, accuracy_top-5: 99.6100
2023-02-06 03:59:20,914 - mmcls - INFO - Epoch [63][100/196]	lr: 1.000e-04, eta: 0:29:02, time: 0.194, data_time: 0.020, memory: 2687, loss: 0.0412
2023-02-06 03:59:37,683 - mmcls - INFO - Saving checkpoint at 63 epochs
2023-02-06 03:59:43,116 - mmcls - INFO - The previous best checkpoint D:\OneDrive - ’}”g‘åŠw\workspace\openmmlab_tutorial\hw1\work\efficientnet_b4_cifar10_batch-256_adam\best_accuracy_top-1_epoch_62.pth was removed
2023-02-06 03:59:44,206 - mmcls - INFO - Now best checkpoint is saved as best_accuracy_top-1_epoch_63.pth.
2023-02-06 03:59:44,207 - mmcls - INFO - Best accuracy_top-1 is 90.6300 at 63 epoch.
2023-02-06 03:59:44,207 - mmcls - INFO - Epoch(val) [63][40]	accuracy_top-1: 90.6300, accuracy_top-5: 99.5900
2023-02-06 04:00:03,989 - mmcls - INFO - Epoch [64][100/196]	lr: 1.000e-04, eta: 0:28:42, time: 0.198, data_time: 0.020, memory: 2687, loss: 0.0372
2023-02-06 04:00:20,911 - mmcls - INFO - Saving checkpoint at 64 epochs
2023-02-06 04:00:25,362 - mmcls - INFO - Epoch(val) [64][40]	accuracy_top-1: 90.6200, accuracy_top-5: 99.6100
2023-02-06 04:00:45,068 - mmcls - INFO - Epoch [65][100/196]	lr: 1.000e-04, eta: 0:28:22, time: 0.197, data_time: 0.020, memory: 2687, loss: 0.0367
2023-02-06 04:01:01,924 - mmcls - INFO - Saving checkpoint at 65 epochs
2023-02-06 04:01:06,685 - mmcls - INFO - The previous best checkpoint D:\OneDrive - ’}”g‘åŠw\workspace\openmmlab_tutorial\hw1\work\efficientnet_b4_cifar10_batch-256_adam\best_accuracy_top-1_epoch_63.pth was removed
2023-02-06 04:01:07,767 - mmcls - INFO - Now best checkpoint is saved as best_accuracy_top-1_epoch_65.pth.
2023-02-06 04:01:07,767 - mmcls - INFO - Best accuracy_top-1 is 90.7500 at 65 epoch.
2023-02-06 04:01:07,767 - mmcls - INFO - Epoch(val) [65][40]	accuracy_top-1: 90.7500, accuracy_top-5: 99.5800
2023-02-06 04:01:27,568 - mmcls - INFO - Epoch [66][100/196]	lr: 1.000e-04, eta: 0:28:02, time: 0.198, data_time: 0.021, memory: 2687, loss: 0.0319
2023-02-06 04:01:44,439 - mmcls - INFO - Saving checkpoint at 66 epochs
2023-02-06 04:01:49,387 - mmcls - INFO - Epoch(val) [66][40]	accuracy_top-1: 90.6900, accuracy_top-5: 99.5700
2023-02-06 04:02:09,501 - mmcls - INFO - Epoch [67][100/196]	lr: 1.000e-04, eta: 0:27:42, time: 0.201, data_time: 0.021, memory: 2687, loss: 0.0298
2023-02-06 04:02:26,282 - mmcls - INFO - Saving checkpoint at 67 epochs
2023-02-06 04:02:40,118 - mmcls - INFO - Epoch(val) [67][40]	accuracy_top-1: 90.4600, accuracy_top-5: 99.5600
2023-02-06 04:02:59,841 - mmcls - INFO - Epoch [68][100/196]	lr: 1.000e-04, eta: 0:27:22, time: 0.197, data_time: 0.021, memory: 2687, loss: 0.0270
2023-02-06 04:03:16,624 - mmcls - INFO - Saving checkpoint at 68 epochs
2023-02-06 04:03:20,882 - mmcls - INFO - The previous best checkpoint D:\OneDrive - ’}”g‘åŠw\workspace\openmmlab_tutorial\hw1\work\efficientnet_b4_cifar10_batch-256_adam\best_accuracy_top-1_epoch_65.pth was removed
2023-02-06 04:03:21,946 - mmcls - INFO - Now best checkpoint is saved as best_accuracy_top-1_epoch_68.pth.
2023-02-06 04:03:21,947 - mmcls - INFO - Best accuracy_top-1 is 90.7700 at 68 epoch.
2023-02-06 04:03:21,947 - mmcls - INFO - Epoch(val) [68][40]	accuracy_top-1: 90.7700, accuracy_top-5: 99.5900
2023-02-06 04:03:41,728 - mmcls - INFO - Epoch [69][100/196]	lr: 1.000e-04, eta: 0:27:02, time: 0.198, data_time: 0.020, memory: 2687, loss: 0.0253
2023-02-06 04:03:58,604 - mmcls - INFO - Saving checkpoint at 69 epochs
2023-02-06 04:04:03,184 - mmcls - INFO - Epoch(val) [69][40]	accuracy_top-1: 90.6100, accuracy_top-5: 99.5100
2023-02-06 04:04:23,051 - mmcls - INFO - Epoch [70][100/196]	lr: 1.000e-04, eta: 0:26:42, time: 0.199, data_time: 0.020, memory: 2687, loss: 0.0246
2023-02-06 04:04:39,911 - mmcls - INFO - Saving checkpoint at 70 epochs
2023-02-06 04:04:44,011 - mmcls - INFO - Epoch(val) [70][40]	accuracy_top-1: 90.6500, accuracy_top-5: 99.5200
2023-02-06 04:05:03,861 - mmcls - INFO - Epoch [71][100/196]	lr: 1.000e-04, eta: 0:26:22, time: 0.198, data_time: 0.021, memory: 2687, loss: 0.0222
2023-02-06 04:05:20,609 - mmcls - INFO - Saving checkpoint at 71 epochs
2023-02-06 04:05:25,465 - mmcls - INFO - Epoch(val) [71][40]	accuracy_top-1: 90.6700, accuracy_top-5: 99.5200
2023-02-06 04:05:45,310 - mmcls - INFO - Epoch [72][100/196]	lr: 1.000e-04, eta: 0:26:02, time: 0.198, data_time: 0.020, memory: 2687, loss: 0.0239
2023-02-06 04:06:02,292 - mmcls - INFO - Saving checkpoint at 72 epochs
2023-02-06 04:06:07,045 - mmcls - INFO - Epoch(val) [72][40]	accuracy_top-1: 90.7000, accuracy_top-5: 99.4800
2023-02-06 04:06:26,833 - mmcls - INFO - Epoch [73][100/196]	lr: 1.000e-04, eta: 0:25:42, time: 0.198, data_time: 0.020, memory: 2687, loss: 0.0227
2023-02-06 04:06:43,597 - mmcls - INFO - Saving checkpoint at 73 epochs
2023-02-06 04:06:48,013 - mmcls - INFO - The previous best checkpoint D:\OneDrive - ’}”g‘åŠw\workspace\openmmlab_tutorial\hw1\work\efficientnet_b4_cifar10_batch-256_adam\best_accuracy_top-1_epoch_68.pth was removed
2023-02-06 04:06:49,092 - mmcls - INFO - Now best checkpoint is saved as best_accuracy_top-1_epoch_73.pth.
2023-02-06 04:06:49,093 - mmcls - INFO - Best accuracy_top-1 is 90.8300 at 73 epoch.
2023-02-06 04:06:49,093 - mmcls - INFO - Epoch(val) [73][40]	accuracy_top-1: 90.8300, accuracy_top-5: 99.4900
2023-02-06 04:07:08,950 - mmcls - INFO - Epoch [74][100/196]	lr: 1.000e-04, eta: 0:25:22, time: 0.198, data_time: 0.021, memory: 2687, loss: 0.0197
2023-02-06 04:07:25,756 - mmcls - INFO - Saving checkpoint at 74 epochs
2023-02-06 04:07:30,636 - mmcls - INFO - Epoch(val) [74][40]	accuracy_top-1: 90.7200, accuracy_top-5: 99.4500
2023-02-06 04:07:49,802 - mmcls - INFO - Epoch [75][100/196]	lr: 1.000e-04, eta: 0:25:01, time: 0.192, data_time: 0.021, memory: 2687, loss: 0.0207
2023-02-06 04:08:06,084 - mmcls - INFO - Saving checkpoint at 75 epochs
2023-02-06 04:08:10,512 - mmcls - INFO - Epoch(val) [75][40]	accuracy_top-1: 90.7500, accuracy_top-5: 99.4700
2023-02-06 04:08:29,850 - mmcls - INFO - Epoch [76][100/196]	lr: 1.000e-04, eta: 0:24:41, time: 0.193, data_time: 0.020, memory: 2687, loss: 0.0197
2023-02-06 04:08:46,305 - mmcls - INFO - Saving checkpoint at 76 epochs
2023-02-06 04:08:51,170 - mmcls - INFO - Epoch(val) [76][40]	accuracy_top-1: 90.4800, accuracy_top-5: 99.5000
2023-02-06 04:09:10,358 - mmcls - INFO - Epoch [77][100/196]	lr: 1.000e-04, eta: 0:24:20, time: 0.192, data_time: 0.020, memory: 2687, loss: 0.0180
2023-02-06 04:09:26,602 - mmcls - INFO - Saving checkpoint at 77 epochs
2023-02-06 04:09:30,987 - mmcls - INFO - Epoch(val) [77][40]	accuracy_top-1: 90.5400, accuracy_top-5: 99.4300
2023-02-06 04:09:50,828 - mmcls - INFO - Epoch [78][100/196]	lr: 1.000e-04, eta: 0:24:00, time: 0.198, data_time: 0.021, memory: 2687, loss: 0.0165
2023-02-06 04:10:07,768 - mmcls - INFO - Saving checkpoint at 78 epochs
2023-02-06 04:10:12,413 - mmcls - INFO - Epoch(val) [78][40]	accuracy_top-1: 90.8000, accuracy_top-5: 99.5200
2023-02-06 04:10:32,305 - mmcls - INFO - Epoch [79][100/196]	lr: 1.000e-04, eta: 0:23:40, time: 0.199, data_time: 0.021, memory: 2687, loss: 0.0186
2023-02-06 04:10:49,117 - mmcls - INFO - Saving checkpoint at 79 epochs
2023-02-06 04:10:53,785 - mmcls - INFO - Epoch(val) [79][40]	accuracy_top-1: 90.5000, accuracy_top-5: 99.5100
2023-02-06 04:11:14,034 - mmcls - INFO - Epoch [80][100/196]	lr: 1.000e-04, eta: 0:23:21, time: 0.202, data_time: 0.021, memory: 2687, loss: 0.0170
2023-02-06 04:11:31,224 - mmcls - INFO - Saving checkpoint at 80 epochs
2023-02-06 04:11:36,602 - mmcls - INFO - Epoch(val) [80][40]	accuracy_top-1: 90.7500, accuracy_top-5: 99.4000
2023-02-06 04:11:56,482 - mmcls - INFO - Epoch [81][100/196]	lr: 1.000e-04, eta: 0:23:01, time: 0.199, data_time: 0.020, memory: 2687, loss: 0.0188
2023-02-06 04:12:13,460 - mmcls - INFO - Saving checkpoint at 81 epochs
2023-02-06 04:12:18,176 - mmcls - INFO - Epoch(val) [81][40]	accuracy_top-1: 90.6400, accuracy_top-5: 99.4500
2023-02-06 04:12:38,021 - mmcls - INFO - Epoch [82][100/196]	lr: 1.000e-04, eta: 0:22:41, time: 0.198, data_time: 0.021, memory: 2687, loss: 0.0179
2023-02-06 04:12:54,849 - mmcls - INFO - Saving checkpoint at 82 epochs
2023-02-06 04:12:59,096 - mmcls - INFO - Epoch(val) [82][40]	accuracy_top-1: 90.6200, accuracy_top-5: 99.4400
2023-02-06 04:13:19,261 - mmcls - INFO - Epoch [83][100/196]	lr: 1.000e-04, eta: 0:22:21, time: 0.202, data_time: 0.021, memory: 2687, loss: 0.0170
2023-02-06 04:13:36,096 - mmcls - INFO - Saving checkpoint at 83 epochs
2023-02-06 04:13:40,629 - mmcls - INFO - Epoch(val) [83][40]	accuracy_top-1: 90.5800, accuracy_top-5: 99.4800
2023-02-06 04:14:00,524 - mmcls - INFO - Epoch [84][100/196]	lr: 1.000e-04, eta: 0:22:01, time: 0.199, data_time: 0.020, memory: 2687, loss: 0.0169
2023-02-06 04:14:17,309 - mmcls - INFO - Saving checkpoint at 84 epochs
2023-02-06 04:14:21,634 - mmcls - INFO - Epoch(val) [84][40]	accuracy_top-1: 90.8100, accuracy_top-5: 99.3800
2023-02-06 04:14:41,449 - mmcls - INFO - Epoch [85][100/196]	lr: 1.000e-04, eta: 0:21:42, time: 0.198, data_time: 0.020, memory: 2687, loss: 0.0169
2023-02-06 04:14:58,345 - mmcls - INFO - Saving checkpoint at 85 epochs
2023-02-06 04:15:02,619 - mmcls - INFO - Epoch(val) [85][40]	accuracy_top-1: 90.6700, accuracy_top-5: 99.4400
2023-02-06 04:15:22,385 - mmcls - INFO - Epoch [86][100/196]	lr: 1.000e-04, eta: 0:21:22, time: 0.198, data_time: 0.020, memory: 2687, loss: 0.0173
2023-02-06 04:15:39,227 - mmcls - INFO - Saving checkpoint at 86 epochs
2023-02-06 04:15:43,825 - mmcls - INFO - Epoch(val) [86][40]	accuracy_top-1: 90.5600, accuracy_top-5: 99.4800
2023-02-06 04:16:03,738 - mmcls - INFO - Epoch [87][100/196]	lr: 1.000e-04, eta: 0:21:02, time: 0.199, data_time: 0.021, memory: 2687, loss: 0.0156
2023-02-06 04:16:20,767 - mmcls - INFO - Saving checkpoint at 87 epochs
2023-02-06 04:16:25,491 - mmcls - INFO - Epoch(val) [87][40]	accuracy_top-1: 90.7500, accuracy_top-5: 99.4700
2023-02-06 04:16:45,213 - mmcls - INFO - Epoch [88][100/196]	lr: 1.000e-04, eta: 0:20:42, time: 0.197, data_time: 0.021, memory: 2687, loss: 0.0160
2023-02-06 04:17:02,180 - mmcls - INFO - Saving checkpoint at 88 epochs
2023-02-06 04:17:06,984 - mmcls - INFO - Epoch(val) [88][40]	accuracy_top-1: 90.7000, accuracy_top-5: 99.4400
2023-02-06 04:17:26,696 - mmcls - INFO - Epoch [89][100/196]	lr: 1.000e-04, eta: 0:20:22, time: 0.197, data_time: 0.021, memory: 2687, loss: 0.0149
2023-02-06 04:17:43,507 - mmcls - INFO - Saving checkpoint at 89 epochs
2023-02-06 04:17:47,857 - mmcls - INFO - The previous best checkpoint D:\OneDrive - ’}”g‘åŠw\workspace\openmmlab_tutorial\hw1\work\efficientnet_b4_cifar10_batch-256_adam\best_accuracy_top-1_epoch_73.pth was removed
2023-02-06 04:17:48,931 - mmcls - INFO - Now best checkpoint is saved as best_accuracy_top-1_epoch_89.pth.
2023-02-06 04:17:48,931 - mmcls - INFO - Best accuracy_top-1 is 90.8500 at 89 epoch.
2023-02-06 04:17:48,931 - mmcls - INFO - Epoch(val) [89][40]	accuracy_top-1: 90.8500, accuracy_top-5: 99.4400
2023-02-06 04:18:09,184 - mmcls - INFO - Epoch [90][100/196]	lr: 1.000e-04, eta: 0:20:02, time: 0.202, data_time: 0.021, memory: 2687, loss: 0.0152
2023-02-06 04:18:26,243 - mmcls - INFO - Saving checkpoint at 90 epochs
2023-02-06 04:18:30,883 - mmcls - INFO - Epoch(val) [90][40]	accuracy_top-1: 90.7600, accuracy_top-5: 99.4100
2023-02-06 04:18:51,084 - mmcls - INFO - Epoch [91][100/196]	lr: 1.000e-04, eta: 0:19:42, time: 0.202, data_time: 0.021, memory: 2687, loss: 0.0142
2023-02-06 04:19:10,508 - mmcls - INFO - Saving checkpoint at 91 epochs
2023-02-06 04:19:15,310 - mmcls - INFO - Epoch(val) [91][40]	accuracy_top-1: 90.8000, accuracy_top-5: 99.4900
2023-02-06 04:19:37,288 - mmcls - INFO - Epoch [92][100/196]	lr: 1.000e-04, eta: 0:19:24, time: 0.220, data_time: 0.020, memory: 2687, loss: 0.0148
2023-02-06 04:19:53,930 - mmcls - INFO - Saving checkpoint at 92 epochs
2023-02-06 04:19:58,494 - mmcls - INFO - Epoch(val) [92][40]	accuracy_top-1: 90.5500, accuracy_top-5: 99.4500
2023-02-06 04:20:18,244 - mmcls - INFO - Epoch [93][100/196]	lr: 1.000e-04, eta: 0:19:04, time: 0.197, data_time: 0.021, memory: 2687, loss: 0.0144
2023-02-06 04:20:35,469 - mmcls - INFO - Saving checkpoint at 93 epochs
2023-02-06 04:20:39,764 - mmcls - INFO - Epoch(val) [93][40]	accuracy_top-1: 90.7000, accuracy_top-5: 99.4100
2023-02-06 04:20:59,311 - mmcls - INFO - Epoch [94][100/196]	lr: 1.000e-04, eta: 0:18:44, time: 0.195, data_time: 0.021, memory: 2687, loss: 0.0143
2023-02-06 04:21:15,993 - mmcls - INFO - Saving checkpoint at 94 epochs
2023-02-06 04:21:21,097 - mmcls - INFO - Epoch(val) [94][40]	accuracy_top-1: 90.6400, accuracy_top-5: 99.4600
2023-02-06 04:21:40,688 - mmcls - INFO - Epoch [95][100/196]	lr: 1.000e-04, eta: 0:18:24, time: 0.196, data_time: 0.020, memory: 2687, loss: 0.0147
2023-02-06 04:21:57,284 - mmcls - INFO - Saving checkpoint at 95 epochs
2023-02-06 04:22:01,595 - mmcls - INFO - The previous best checkpoint D:\OneDrive - ’}”g‘åŠw\workspace\openmmlab_tutorial\hw1\work\efficientnet_b4_cifar10_batch-256_adam\best_accuracy_top-1_epoch_89.pth was removed
2023-02-06 04:22:02,662 - mmcls - INFO - Now best checkpoint is saved as best_accuracy_top-1_epoch_95.pth.
2023-02-06 04:22:02,663 - mmcls - INFO - Best accuracy_top-1 is 90.9000 at 95 epoch.
2023-02-06 04:22:02,663 - mmcls - INFO - Epoch(val) [95][40]	accuracy_top-1: 90.9000, accuracy_top-5: 99.4300
2023-02-06 04:22:22,611 - mmcls - INFO - Epoch [96][100/196]	lr: 1.000e-04, eta: 0:18:04, time: 0.199, data_time: 0.021, memory: 2687, loss: 0.0129
2023-02-06 04:22:39,298 - mmcls - INFO - Saving checkpoint at 96 epochs
2023-02-06 04:22:44,418 - mmcls - INFO - Epoch(val) [96][40]	accuracy_top-1: 90.7600, accuracy_top-5: 99.5000
2023-02-06 04:23:04,067 - mmcls - INFO - Epoch [97][100/196]	lr: 1.000e-04, eta: 0:17:44, time: 0.196, data_time: 0.021, memory: 2687, loss: 0.0150
2023-02-06 04:23:20,607 - mmcls - INFO - Saving checkpoint at 97 epochs
2023-02-06 04:23:24,754 - mmcls - INFO - Epoch(val) [97][40]	accuracy_top-1: 90.6900, accuracy_top-5: 99.4600
2023-02-06 04:23:44,295 - mmcls - INFO - Epoch [98][100/196]	lr: 1.000e-04, eta: 0:17:24, time: 0.195, data_time: 0.021, memory: 2687, loss: 0.0141
2023-02-06 04:24:00,862 - mmcls - INFO - Saving checkpoint at 98 epochs
2023-02-06 04:24:05,382 - mmcls - INFO - Epoch(val) [98][40]	accuracy_top-1: 90.6100, accuracy_top-5: 99.4200
2023-02-06 04:24:25,828 - mmcls - INFO - Epoch [99][100/196]	lr: 1.000e-04, eta: 0:17:04, time: 0.204, data_time: 0.021, memory: 2687, loss: 0.0134
2023-02-06 04:24:42,679 - mmcls - INFO - Saving checkpoint at 99 epochs
2023-02-06 04:24:47,163 - mmcls - INFO - Epoch(val) [99][40]	accuracy_top-1: 90.5000, accuracy_top-5: 99.5100
2023-02-06 04:25:06,720 - mmcls - INFO - Epoch [100][100/196]	lr: 1.000e-04, eta: 0:16:44, time: 0.196, data_time: 0.021, memory: 2687, loss: 0.0138
2023-02-06 04:25:23,008 - mmcls - INFO - Saving checkpoint at 100 epochs
2023-02-06 04:25:27,269 - mmcls - INFO - Epoch(val) [100][40]	accuracy_top-1: 90.5800, accuracy_top-5: 99.4000
2023-02-06 04:25:47,774 - mmcls - INFO - Epoch [101][100/196]	lr: 1.000e-05, eta: 0:16:24, time: 0.205, data_time: 0.021, memory: 2687, loss: 0.0135
2023-02-06 04:26:06,352 - mmcls - INFO - Saving checkpoint at 101 epochs
2023-02-06 04:26:11,795 - mmcls - INFO - Epoch(val) [101][40]	accuracy_top-1: 90.7600, accuracy_top-5: 99.4200
2023-02-06 04:26:32,140 - mmcls - INFO - Epoch [102][100/196]	lr: 1.000e-05, eta: 0:16:05, time: 0.203, data_time: 0.021, memory: 2687, loss: 0.0118
2023-02-06 04:26:50,201 - mmcls - INFO - Saving checkpoint at 102 epochs
2023-02-06 04:26:54,823 - mmcls - INFO - Epoch(val) [102][40]	accuracy_top-1: 90.6800, accuracy_top-5: 99.4400
2023-02-06 04:27:15,054 - mmcls - INFO - Epoch [103][100/196]	lr: 1.000e-05, eta: 0:15:45, time: 0.202, data_time: 0.020, memory: 2687, loss: 0.0111
2023-02-06 04:27:32,359 - mmcls - INFO - Saving checkpoint at 103 epochs
2023-02-06 04:27:37,029 - mmcls - INFO - Epoch(val) [103][40]	accuracy_top-1: 90.5900, accuracy_top-5: 99.4400
2023-02-06 04:27:58,007 - mmcls - INFO - Epoch [104][100/196]	lr: 1.000e-05, eta: 0:15:25, time: 0.210, data_time: 0.021, memory: 2687, loss: 0.0103
2023-02-06 04:28:15,475 - mmcls - INFO - Saving checkpoint at 104 epochs
2023-02-06 04:28:20,055 - mmcls - INFO - Epoch(val) [104][40]	accuracy_top-1: 90.8400, accuracy_top-5: 99.4400
2023-02-06 04:28:40,553 - mmcls - INFO - Epoch [105][100/196]	lr: 1.000e-05, eta: 0:15:06, time: 0.205, data_time: 0.020, memory: 2687, loss: 0.0102
2023-02-06 04:28:57,527 - mmcls - INFO - Saving checkpoint at 105 epochs
2023-02-06 04:29:02,091 - mmcls - INFO - Epoch(val) [105][40]	accuracy_top-1: 90.8900, accuracy_top-5: 99.4300
2023-02-06 04:29:21,945 - mmcls - INFO - Epoch [106][100/196]	lr: 1.000e-05, eta: 0:14:46, time: 0.198, data_time: 0.021, memory: 2687, loss: 0.0094
2023-02-06 04:29:38,779 - mmcls - INFO - Saving checkpoint at 106 epochs
2023-02-06 04:29:43,145 - mmcls - INFO - Epoch(val) [106][40]	accuracy_top-1: 90.7700, accuracy_top-5: 99.4200
2023-02-06 04:30:03,045 - mmcls - INFO - Epoch [107][100/196]	lr: 1.000e-05, eta: 0:14:26, time: 0.199, data_time: 0.021, memory: 2687, loss: 0.0099
2023-02-06 04:30:19,951 - mmcls - INFO - Saving checkpoint at 107 epochs
2023-02-06 04:30:25,191 - mmcls - INFO - Epoch(val) [107][40]	accuracy_top-1: 90.8300, accuracy_top-5: 99.4400
2023-02-06 04:30:45,034 - mmcls - INFO - Epoch [108][100/196]	lr: 1.000e-05, eta: 0:14:06, time: 0.198, data_time: 0.021, memory: 2687, loss: 0.0107
2023-02-06 04:31:01,921 - mmcls - INFO - Saving checkpoint at 108 epochs
2023-02-06 04:31:06,450 - mmcls - INFO - Epoch(val) [108][40]	accuracy_top-1: 90.8700, accuracy_top-5: 99.4100
2023-02-06 04:31:26,444 - mmcls - INFO - Epoch [109][100/196]	lr: 1.000e-05, eta: 0:13:46, time: 0.200, data_time: 0.020, memory: 2687, loss: 0.0092
2023-02-06 04:31:43,315 - mmcls - INFO - Saving checkpoint at 109 epochs
2023-02-06 04:31:48,138 - mmcls - INFO - Epoch(val) [109][40]	accuracy_top-1: 90.8300, accuracy_top-5: 99.4000
2023-02-06 04:32:08,389 - mmcls - INFO - Epoch [110][100/196]	lr: 1.000e-05, eta: 0:13:26, time: 0.202, data_time: 0.020, memory: 2687, loss: 0.0106
2023-02-06 04:32:26,032 - mmcls - INFO - Saving checkpoint at 110 epochs
2023-02-06 04:32:30,758 - mmcls - INFO - Epoch(val) [110][40]	accuracy_top-1: 90.7400, accuracy_top-5: 99.4000
2023-02-06 04:32:50,657 - mmcls - INFO - Epoch [111][100/196]	lr: 1.000e-05, eta: 0:13:06, time: 0.199, data_time: 0.020, memory: 2687, loss: 0.0097
2023-02-06 04:33:07,631 - mmcls - INFO - Saving checkpoint at 111 epochs
2023-02-06 04:33:11,906 - mmcls - INFO - Epoch(val) [111][40]	accuracy_top-1: 90.8200, accuracy_top-5: 99.4100
2023-02-06 04:33:31,688 - mmcls - INFO - Epoch [112][100/196]	lr: 1.000e-05, eta: 0:12:46, time: 0.198, data_time: 0.021, memory: 2687, loss: 0.0102
2023-02-06 04:33:48,528 - mmcls - INFO - Saving checkpoint at 112 epochs
2023-02-06 04:33:53,802 - mmcls - INFO - Epoch(val) [112][40]	accuracy_top-1: 90.8600, accuracy_top-5: 99.4100
2023-02-06 04:34:13,744 - mmcls - INFO - Epoch [113][100/196]	lr: 1.000e-05, eta: 0:12:26, time: 0.199, data_time: 0.021, memory: 2687, loss: 0.0084
2023-02-06 04:34:30,760 - mmcls - INFO - Saving checkpoint at 113 epochs
2023-02-06 04:34:34,956 - mmcls - INFO - The previous best checkpoint D:\OneDrive - ’}”g‘åŠw\workspace\openmmlab_tutorial\hw1\work\efficientnet_b4_cifar10_batch-256_adam\best_accuracy_top-1_epoch_95.pth was removed
2023-02-06 04:34:36,008 - mmcls - INFO - Now best checkpoint is saved as best_accuracy_top-1_epoch_113.pth.
2023-02-06 04:34:36,008 - mmcls - INFO - Best accuracy_top-1 is 90.9800 at 113 epoch.
2023-02-06 04:34:36,008 - mmcls - INFO - Epoch(val) [113][40]	accuracy_top-1: 90.9800, accuracy_top-5: 99.4300
2023-02-06 04:34:57,261 - mmcls - INFO - Epoch [114][100/196]	lr: 1.000e-05, eta: 0:12:07, time: 0.212, data_time: 0.021, memory: 2687, loss: 0.0082
2023-02-06 04:35:14,741 - mmcls - INFO - Saving checkpoint at 114 epochs
2023-02-06 04:35:19,276 - mmcls - INFO - Epoch(val) [114][40]	accuracy_top-1: 90.9300, accuracy_top-5: 99.3900
2023-02-06 04:35:41,473 - mmcls - INFO - Epoch [115][100/196]	lr: 1.000e-05, eta: 0:11:48, time: 0.222, data_time: 0.021, memory: 2687, loss: 0.0091
2023-02-06 04:35:59,729 - mmcls - INFO - Saving checkpoint at 115 epochs
2023-02-06 04:36:04,328 - mmcls - INFO - Epoch(val) [115][40]	accuracy_top-1: 90.9200, accuracy_top-5: 99.3800
2023-02-06 04:36:24,000 - mmcls - INFO - Epoch [116][100/196]	lr: 1.000e-05, eta: 0:11:28, time: 0.197, data_time: 0.020, memory: 2687, loss: 0.0098
2023-02-06 04:36:40,890 - mmcls - INFO - Saving checkpoint at 116 epochs
2023-02-06 04:36:45,278 - mmcls - INFO - Epoch(val) [116][40]	accuracy_top-1: 90.8700, accuracy_top-5: 99.4100
2023-02-06 04:37:05,256 - mmcls - INFO - Epoch [117][100/196]	lr: 1.000e-05, eta: 0:11:08, time: 0.200, data_time: 0.020, memory: 2687, loss: 0.0083
2023-02-06 04:37:22,142 - mmcls - INFO - Saving checkpoint at 117 epochs
2023-02-06 04:37:26,838 - mmcls - INFO - Epoch(val) [117][40]	accuracy_top-1: 90.9200, accuracy_top-5: 99.4000
2023-02-06 04:37:48,327 - mmcls - INFO - Epoch [118][100/196]	lr: 1.000e-05, eta: 0:10:48, time: 0.215, data_time: 0.020, memory: 2687, loss: 0.0077
2023-02-06 04:38:06,438 - mmcls - INFO - Saving checkpoint at 118 epochs
2023-02-06 04:38:11,283 - mmcls - INFO - Epoch(val) [118][40]	accuracy_top-1: 90.8900, accuracy_top-5: 99.4300
2023-02-06 04:38:32,213 - mmcls - INFO - Epoch [119][100/196]	lr: 1.000e-05, eta: 0:10:28, time: 0.209, data_time: 0.021, memory: 2687, loss: 0.0099
2023-02-06 04:38:49,658 - mmcls - INFO - Saving checkpoint at 119 epochs
2023-02-06 04:38:54,339 - mmcls - INFO - Epoch(val) [119][40]	accuracy_top-1: 90.8100, accuracy_top-5: 99.3800
2023-02-06 04:39:14,905 - mmcls - INFO - Epoch [120][100/196]	lr: 1.000e-05, eta: 0:10:09, time: 0.206, data_time: 0.020, memory: 2687, loss: 0.0087
2023-02-06 04:39:33,086 - mmcls - INFO - Saving checkpoint at 120 epochs
2023-02-06 04:39:37,865 - mmcls - INFO - Epoch(val) [120][40]	accuracy_top-1: 90.8700, accuracy_top-5: 99.4100
2023-02-06 04:39:59,663 - mmcls - INFO - Epoch [121][100/196]	lr: 1.000e-05, eta: 0:09:49, time: 0.218, data_time: 0.021, memory: 2687, loss: 0.0091
2023-02-06 04:40:17,887 - mmcls - INFO - Saving checkpoint at 121 epochs
2023-02-06 04:40:22,432 - mmcls - INFO - The previous best checkpoint D:\OneDrive - ’}”g‘åŠw\workspace\openmmlab_tutorial\hw1\work\efficientnet_b4_cifar10_batch-256_adam\best_accuracy_top-1_epoch_113.pth was removed
2023-02-06 04:40:23,479 - mmcls - INFO - Now best checkpoint is saved as best_accuracy_top-1_epoch_121.pth.
2023-02-06 04:40:23,480 - mmcls - INFO - Best accuracy_top-1 is 90.9900 at 121 epoch.
2023-02-06 04:40:23,480 - mmcls - INFO - Epoch(val) [121][40]	accuracy_top-1: 90.9900, accuracy_top-5: 99.4400
2023-02-06 04:40:44,122 - mmcls - INFO - Epoch [122][100/196]	lr: 1.000e-05, eta: 0:09:29, time: 0.206, data_time: 0.021, memory: 2687, loss: 0.0084
2023-02-06 04:41:01,321 - mmcls - INFO - Saving checkpoint at 122 epochs
2023-02-06 04:41:06,270 - mmcls - INFO - Epoch(val) [122][40]	accuracy_top-1: 90.9400, accuracy_top-5: 99.4600
2023-02-06 04:41:25,611 - mmcls - INFO - Epoch [123][100/196]	lr: 1.000e-05, eta: 0:09:09, time: 0.193, data_time: 0.021, memory: 2687, loss: 0.0084
2023-02-06 04:41:42,857 - mmcls - INFO - Saving checkpoint at 123 epochs
2023-02-06 04:41:47,720 - mmcls - INFO - Epoch(val) [123][40]	accuracy_top-1: 90.9200, accuracy_top-5: 99.4600
2023-02-06 04:42:07,923 - mmcls - INFO - Epoch [124][100/196]	lr: 1.000e-05, eta: 0:08:49, time: 0.202, data_time: 0.021, memory: 2687, loss: 0.0090
2023-02-06 04:42:26,205 - mmcls - INFO - Saving checkpoint at 124 epochs
2023-02-06 04:42:31,542 - mmcls - INFO - Epoch(val) [124][40]	accuracy_top-1: 90.9600, accuracy_top-5: 99.4400
2023-02-06 04:42:51,810 - mmcls - INFO - Epoch [125][100/196]	lr: 1.000e-05, eta: 0:08:29, time: 0.203, data_time: 0.020, memory: 2687, loss: 0.0080
2023-02-06 04:43:08,435 - mmcls - INFO - Saving checkpoint at 125 epochs
2023-02-06 04:43:13,467 - mmcls - INFO - Epoch(val) [125][40]	accuracy_top-1: 90.9600, accuracy_top-5: 99.4300
2023-02-06 04:43:34,116 - mmcls - INFO - Epoch [126][100/196]	lr: 1.000e-05, eta: 0:08:09, time: 0.206, data_time: 0.021, memory: 2687, loss: 0.0086
2023-02-06 04:43:53,330 - mmcls - INFO - Saving checkpoint at 126 epochs
2023-02-06 04:43:58,100 - mmcls - INFO - Epoch(val) [126][40]	accuracy_top-1: 90.8700, accuracy_top-5: 99.4200
2023-02-06 04:44:18,736 - mmcls - INFO - Epoch [127][100/196]	lr: 1.000e-05, eta: 0:07:49, time: 0.206, data_time: 0.021, memory: 2687, loss: 0.0089
2023-02-06 04:44:35,826 - mmcls - INFO - Saving checkpoint at 127 epochs
2023-02-06 04:44:40,382 - mmcls - INFO - Epoch(val) [127][40]	accuracy_top-1: 90.9800, accuracy_top-5: 99.4300
2023-02-06 04:45:01,986 - mmcls - INFO - Epoch [128][100/196]	lr: 1.000e-05, eta: 0:07:30, time: 0.216, data_time: 0.021, memory: 2687, loss: 0.0078
2023-02-06 04:45:21,785 - mmcls - INFO - Saving checkpoint at 128 epochs
2023-02-06 04:45:26,514 - mmcls - INFO - Epoch(val) [128][40]	accuracy_top-1: 90.9100, accuracy_top-5: 99.3900
2023-02-06 04:45:49,064 - mmcls - INFO - Epoch [129][100/196]	lr: 1.000e-05, eta: 0:07:10, time: 0.225, data_time: 0.021, memory: 2687, loss: 0.0072
2023-02-06 04:46:05,819 - mmcls - INFO - Saving checkpoint at 129 epochs
2023-02-06 04:46:10,668 - mmcls - INFO - Epoch(val) [129][40]	accuracy_top-1: 90.8300, accuracy_top-5: 99.4200
2023-02-06 04:46:30,173 - mmcls - INFO - Epoch [130][100/196]	lr: 1.000e-05, eta: 0:06:50, time: 0.195, data_time: 0.021, memory: 2687, loss: 0.0079
2023-02-06 04:46:46,893 - mmcls - INFO - Saving checkpoint at 130 epochs
2023-02-06 04:46:51,932 - mmcls - INFO - Epoch(val) [130][40]	accuracy_top-1: 90.9100, accuracy_top-5: 99.4100
2023-02-06 04:47:11,571 - mmcls - INFO - Epoch [131][100/196]	lr: 1.000e-05, eta: 0:06:30, time: 0.196, data_time: 0.021, memory: 2687, loss: 0.0078
2023-02-06 04:47:28,236 - mmcls - INFO - Saving checkpoint at 131 epochs
2023-02-06 04:47:32,545 - mmcls - INFO - Epoch(val) [131][40]	accuracy_top-1: 90.9100, accuracy_top-5: 99.4300
2023-02-06 04:47:52,189 - mmcls - INFO - Epoch [132][100/196]	lr: 1.000e-05, eta: 0:06:10, time: 0.196, data_time: 0.020, memory: 2687, loss: 0.0082
2023-02-06 04:48:08,793 - mmcls - INFO - Saving checkpoint at 132 epochs
2023-02-06 04:48:13,010 - mmcls - INFO - Epoch(val) [132][40]	accuracy_top-1: 90.8500, accuracy_top-5: 99.4200
2023-02-06 04:48:32,584 - mmcls - INFO - Epoch [133][100/196]	lr: 1.000e-05, eta: 0:05:50, time: 0.196, data_time: 0.021, memory: 2687, loss: 0.0086
2023-02-06 04:48:49,207 - mmcls - INFO - Saving checkpoint at 133 epochs
2023-02-06 04:48:53,886 - mmcls - INFO - Epoch(val) [133][40]	accuracy_top-1: 90.9600, accuracy_top-5: 99.4100
2023-02-06 04:49:13,480 - mmcls - INFO - Epoch [134][100/196]	lr: 1.000e-05, eta: 0:05:30, time: 0.196, data_time: 0.021, memory: 2687, loss: 0.0074
2023-02-06 04:49:29,984 - mmcls - INFO - Saving checkpoint at 134 epochs
2023-02-06 04:49:34,908 - mmcls - INFO - Epoch(val) [134][40]	accuracy_top-1: 90.9400, accuracy_top-5: 99.4400
2023-02-06 04:49:54,526 - mmcls - INFO - Epoch [135][100/196]	lr: 1.000e-05, eta: 0:05:10, time: 0.196, data_time: 0.021, memory: 2687, loss: 0.0079
2023-02-06 04:50:11,177 - mmcls - INFO - Saving checkpoint at 135 epochs
2023-02-06 04:50:15,341 - mmcls - INFO - Epoch(val) [135][40]	accuracy_top-1: 90.8700, accuracy_top-5: 99.4200
2023-02-06 04:50:34,843 - mmcls - INFO - Epoch [136][100/196]	lr: 1.000e-05, eta: 0:04:50, time: 0.195, data_time: 0.021, memory: 2687, loss: 0.0073
2023-02-06 04:50:51,745 - mmcls - INFO - Saving checkpoint at 136 epochs
2023-02-06 04:50:56,381 - mmcls - INFO - Epoch(val) [136][40]	accuracy_top-1: 90.9000, accuracy_top-5: 99.3900
2023-02-06 04:51:15,744 - mmcls - INFO - Epoch [137][100/196]	lr: 1.000e-05, eta: 0:04:29, time: 0.194, data_time: 0.020, memory: 2687, loss: 0.0081
2023-02-06 04:51:32,273 - mmcls - INFO - Saving checkpoint at 137 epochs
2023-02-06 04:51:38,403 - mmcls - INFO - Epoch(val) [137][40]	accuracy_top-1: 90.7800, accuracy_top-5: 99.3900
2023-02-06 04:51:58,249 - mmcls - INFO - Epoch [138][100/196]	lr: 1.000e-05, eta: 0:04:09, time: 0.198, data_time: 0.021, memory: 2687, loss: 0.0075
2023-02-06 04:52:15,453 - mmcls - INFO - Saving checkpoint at 138 epochs
2023-02-06 04:52:20,487 - mmcls - INFO - Epoch(val) [138][40]	accuracy_top-1: 90.8800, accuracy_top-5: 99.4300
2023-02-06 04:52:41,909 - mmcls - INFO - Epoch [139][100/196]	lr: 1.000e-05, eta: 0:03:50, time: 0.214, data_time: 0.020, memory: 2687, loss: 0.0077
2023-02-06 04:52:58,998 - mmcls - INFO - Saving checkpoint at 139 epochs
2023-02-06 04:53:03,890 - mmcls - INFO - Epoch(val) [139][40]	accuracy_top-1: 90.7900, accuracy_top-5: 99.4100
2023-02-06 04:53:23,763 - mmcls - INFO - Epoch [140][100/196]	lr: 1.000e-05, eta: 0:03:29, time: 0.199, data_time: 0.021, memory: 2687, loss: 0.0084
2023-02-06 04:53:40,742 - mmcls - INFO - Saving checkpoint at 140 epochs
2023-02-06 04:53:45,796 - mmcls - INFO - Epoch(val) [140][40]	accuracy_top-1: 90.8700, accuracy_top-5: 99.4100
2023-02-06 04:54:05,593 - mmcls - INFO - Epoch [141][100/196]	lr: 1.000e-06, eta: 0:03:09, time: 0.198, data_time: 0.020, memory: 2687, loss: 0.0063
2023-02-06 04:54:22,539 - mmcls - INFO - Saving checkpoint at 141 epochs
2023-02-06 04:54:27,248 - mmcls - INFO - Epoch(val) [141][40]	accuracy_top-1: 90.8800, accuracy_top-5: 99.4100
2023-02-06 04:54:47,042 - mmcls - INFO - Epoch [142][100/196]	lr: 1.000e-06, eta: 0:02:49, time: 0.198, data_time: 0.021, memory: 2687, loss: 0.0078
2023-02-06 04:55:04,916 - mmcls - INFO - Saving checkpoint at 142 epochs
2023-02-06 04:55:09,365 - mmcls - INFO - Epoch(val) [142][40]	accuracy_top-1: 90.8300, accuracy_top-5: 99.3900
2023-02-06 04:55:29,195 - mmcls - INFO - Epoch [143][100/196]	lr: 1.000e-06, eta: 0:02:29, time: 0.198, data_time: 0.021, memory: 2687, loss: 0.0083
2023-02-06 04:55:46,176 - mmcls - INFO - Saving checkpoint at 143 epochs
2023-02-06 04:55:50,573 - mmcls - INFO - Epoch(val) [143][40]	accuracy_top-1: 90.8900, accuracy_top-5: 99.4300
2023-02-06 04:56:10,673 - mmcls - INFO - Epoch [144][100/196]	lr: 1.000e-06, eta: 0:02:09, time: 0.201, data_time: 0.021, memory: 2687, loss: 0.0081
2023-02-06 04:56:27,713 - mmcls - INFO - Saving checkpoint at 144 epochs
2023-02-06 04:56:32,530 - mmcls - INFO - Epoch(val) [144][40]	accuracy_top-1: 90.9700, accuracy_top-5: 99.4300
2023-02-06 04:56:52,459 - mmcls - INFO - Epoch [145][100/196]	lr: 1.000e-06, eta: 0:01:49, time: 0.199, data_time: 0.021, memory: 2687, loss: 0.0072
2023-02-06 04:57:09,414 - mmcls - INFO - Saving checkpoint at 145 epochs
2023-02-06 04:57:13,702 - mmcls - INFO - Epoch(val) [145][40]	accuracy_top-1: 90.8000, accuracy_top-5: 99.4300
2023-02-06 04:57:33,386 - mmcls - INFO - Epoch [146][100/196]	lr: 1.000e-06, eta: 0:01:29, time: 0.197, data_time: 0.020, memory: 2687, loss: 0.0073
2023-02-06 04:57:50,377 - mmcls - INFO - Saving checkpoint at 146 epochs
2023-02-06 04:57:55,334 - mmcls - INFO - Epoch(val) [146][40]	accuracy_top-1: 90.8800, accuracy_top-5: 99.4400
2023-02-06 04:58:15,388 - mmcls - INFO - Epoch [147][100/196]	lr: 1.000e-06, eta: 0:01:09, time: 0.200, data_time: 0.020, memory: 2687, loss: 0.0083
2023-02-06 04:58:32,424 - mmcls - INFO - Saving checkpoint at 147 epochs
2023-02-06 04:58:36,563 - mmcls - INFO - Epoch(val) [147][40]	accuracy_top-1: 90.8900, accuracy_top-5: 99.4200
2023-02-06 04:58:56,573 - mmcls - INFO - Epoch [148][100/196]	lr: 1.000e-06, eta: 0:00:49, time: 0.200, data_time: 0.020, memory: 2687, loss: 0.0077
2023-02-06 04:59:13,557 - mmcls - INFO - Saving checkpoint at 148 epochs
2023-02-06 04:59:17,754 - mmcls - INFO - Epoch(val) [148][40]	accuracy_top-1: 90.9100, accuracy_top-5: 99.3800
2023-02-06 04:59:37,751 - mmcls - INFO - Epoch [149][100/196]	lr: 1.000e-06, eta: 0:00:29, time: 0.200, data_time: 0.021, memory: 2687, loss: 0.0085
2023-02-06 04:59:54,708 - mmcls - INFO - Saving checkpoint at 149 epochs
2023-02-06 04:59:59,650 - mmcls - INFO - Epoch(val) [149][40]	accuracy_top-1: 90.9400, accuracy_top-5: 99.4200
2023-02-06 05:00:19,517 - mmcls - INFO - Epoch [150][100/196]	lr: 1.000e-06, eta: 0:00:09, time: 0.199, data_time: 0.020, memory: 2687, loss: 0.0079
2023-02-06 05:00:36,489 - mmcls - INFO - Saving checkpoint at 150 epochs
2023-02-06 05:00:40,792 - mmcls - INFO - Epoch(val) [150][40]	accuracy_top-1: 90.9800, accuracy_top-5: 99.4100
