2023-02-11 02:26:22,597 - mmdet - INFO - Environment info:
------------------------------------------------------------
sys.platform: win32
Python: 3.9.16 (main, Jan 11 2023, 16:16:36) [MSC v.1916 64 bit (AMD64)]
CUDA available: True
GPU 0: NVIDIA GeForce RTX 3080
CUDA_HOME: C:\Program Files\NVIDIA GPU Computing Toolkit\CUDA\v11.7
NVCC: Cuda compilation tools, release 11.7, V11.7.99
MSVC: Microsoft(R) C/C++ Optimizing Compiler Version 19.29.30038.1 for x64
GCC: n/a
PyTorch: 1.13.1
PyTorch compiling details: PyTorch built with:
  - C++ Version: 199711
  - MSVC 192829337
  - Intel(R) Math Kernel Library Version 2020.0.2 Product Build 20200624 for Intel(R) 64 architecture applications
  - Intel(R) MKL-DNN v2.6.0 (Git Hash 52b5f107dd9cf10910aaa19cb47f3abf9b349815)
  - OpenMP 2019
  - LAPACK is enabled (usually provided by MKL)
  - CPU capability usage: AVX2
  - CUDA Runtime 11.7
  - NVCC architecture flags: -gencode;arch=compute_37,code=sm_37;-gencode;arch=compute_50,code=sm_50;-gencode;arch=compute_60,code=sm_60;-gencode;arch=compute_61,code=sm_61;-gencode;arch=compute_70,code=sm_70;-gencode;arch=compute_75,code=sm_75;-gencode;arch=compute_80,code=sm_80;-gencode;arch=compute_86,code=sm_86;-gencode;arch=compute_37,code=compute_37
  - CuDNN 8.5
  - Magma 2.5.4
  - Build settings: BLAS_INFO=mkl, BUILD_TYPE=Release, CUDA_VERSION=11.7, CUDNN_VERSION=8.5.0, CXX_COMPILER=C:/cb/pytorch_1000000000000/work/tmp_bin/sccache-cl.exe, CXX_FLAGS=/DWIN32 /D_WINDOWS /GR /EHsc /w /bigobj -DUSE_PTHREADPOOL -openmp:experimental -IC:/cb/pytorch_1000000000000/work/mkl/include -DNDEBUG -DUSE_KINETO -DLIBKINETO_NOCUPTI -DUSE_FBGEMM -DUSE_XNNPACK -DSYMBOLICATE_MOBILE_DEBUG_HANDLE -DEDGE_PROFILER_USE_KINETO, LAPACK_INFO=mkl, PERF_WITH_AVX=1, PERF_WITH_AVX2=1, PERF_WITH_AVX512=1, TORCH_VERSION=1.13.1, USE_CUDA=ON, USE_CUDNN=ON, USE_EXCEPTION_PTR=1, USE_GFLAGS=OFF, USE_GLOG=OFF, USE_MKL=ON, USE_MKLDNN=ON, USE_MPI=OFF, USE_NCCL=OFF, USE_NNPACK=OFF, USE_OPENMP=ON, USE_ROCM=OFF, 

TorchVision: 0.14.1
OpenCV: 4.7.0
MMCV: 1.7.1
MMCV Compiler: MSVC 192829924
MMCV CUDA Compiler: 11.7
MMDetection: 2.28.1+c14dd6c
------------------------------------------------------------

2023-02-11 02:26:22,817 - mmdet - INFO - Distributed training: False
2023-02-11 02:26:23,038 - mmdet - INFO - Config:
model = dict(
    type='RetinaNet',
    backbone=dict(
        type='ResNet',
        depth=50,
        num_stages=4,
        out_indices=(0, 1, 2, 3),
        frozen_stages=1,
        norm_cfg=dict(type='BN', requires_grad=True),
        norm_eval=True,
        style='pytorch',
        init_cfg=dict(type='Pretrained', checkpoint='torchvision://resnet50')),
    neck=dict(
        type='FPN',
        in_channels=[256, 512, 1024, 2048],
        out_channels=256,
        start_level=1,
        add_extra_convs='on_input',
        num_outs=5),
    bbox_head=dict(
        type='RetinaHead',
        num_classes=20,
        in_channels=256,
        stacked_convs=4,
        feat_channels=256,
        anchor_generator=dict(
            type='AnchorGenerator',
            octave_base_scale=4,
            scales_per_octave=3,
            ratios=[0.5, 1.0, 2.0],
            strides=[8, 16, 32, 64, 128]),
        bbox_coder=dict(
            type='DeltaXYWHBBoxCoder',
            target_means=[0.0, 0.0, 0.0, 0.0],
            target_stds=[1.0, 1.0, 1.0, 1.0]),
        loss_cls=dict(
            type='FocalLoss',
            use_sigmoid=True,
            gamma=2.0,
            alpha=0.25,
            loss_weight=1.0),
        loss_bbox=dict(type='L1Loss', loss_weight=1.0)),
    train_cfg=dict(
        assigner=dict(
            type='MaxIoUAssigner',
            pos_iou_thr=0.5,
            neg_iou_thr=0.4,
            min_pos_iou=0,
            ignore_iof_thr=-1),
        allowed_border=-1,
        pos_weight=-1,
        debug=False),
    test_cfg=dict(
        nms_pre=1000,
        min_bbox_size=0,
        score_thr=0.05,
        nms=dict(type='nms', iou_threshold=0.5),
        max_per_img=100))
dataset_type = 'VOCDataset'
data_root = 'data/VOCdevkit/'
img_norm_cfg = dict(
    mean=[123.675, 116.28, 103.53], std=[58.395, 57.12, 57.375], to_rgb=True)
train_pipeline = [
    dict(type='LoadImageFromFile'),
    dict(type='LoadAnnotations', with_bbox=True),
    dict(type='Resize', img_scale=(1000, 600), keep_ratio=True),
    dict(type='RandomFlip', flip_ratio=0.5),
    dict(
        type='Normalize',
        mean=[123.675, 116.28, 103.53],
        std=[58.395, 57.12, 57.375],
        to_rgb=True),
    dict(type='Pad', size_divisor=32),
    dict(type='DefaultFormatBundle'),
    dict(type='Collect', keys=['img', 'gt_bboxes', 'gt_labels'])
]
test_pipeline = [
    dict(type='LoadImageFromFile'),
    dict(
        type='MultiScaleFlipAug',
        img_scale=(1000, 600),
        flip=False,
        transforms=[
            dict(type='Resize', keep_ratio=True),
            dict(type='RandomFlip'),
            dict(
                type='Normalize',
                mean=[123.675, 116.28, 103.53],
                std=[58.395, 57.12, 57.375],
                to_rgb=True),
            dict(type='Pad', size_divisor=32),
            dict(type='ImageToTensor', keys=['img']),
            dict(type='Collect', keys=['img'])
        ])
]
data = dict(
    samples_per_gpu=8,
    workers_per_gpu=2,
    train=dict(
        type='RepeatDataset',
        times=3,
        dataset=dict(
            type='VOCDataset',
            ann_file=[
                'data/VOCdevkit/VOC2007/ImageSets/Main/trainval.txt',
                'data/VOCdevkit/VOC2012/ImageSets/Main/trainval.txt'
            ],
            img_prefix=['data/VOCdevkit/VOC2007/', 'data/VOCdevkit/VOC2012/'],
            pipeline=[
                dict(type='LoadImageFromFile'),
                dict(type='LoadAnnotations', with_bbox=True),
                dict(type='Resize', img_scale=(1000, 600), keep_ratio=True),
                dict(type='RandomFlip', flip_ratio=0.5),
                dict(
                    type='Normalize',
                    mean=[123.675, 116.28, 103.53],
                    std=[58.395, 57.12, 57.375],
                    to_rgb=True),
                dict(type='Pad', size_divisor=32),
                dict(type='DefaultFormatBundle'),
                dict(type='Collect', keys=['img', 'gt_bboxes', 'gt_labels'])
            ])),
    val=dict(
        type='VOCDataset',
        ann_file='data/VOCdevkit/VOC2007/ImageSets/Main/test.txt',
        img_prefix='data/VOCdevkit/VOC2007/',
        pipeline=[
            dict(type='LoadImageFromFile'),
            dict(
                type='MultiScaleFlipAug',
                img_scale=(1000, 600),
                flip=False,
                transforms=[
                    dict(type='Resize', keep_ratio=True),
                    dict(type='RandomFlip'),
                    dict(
                        type='Normalize',
                        mean=[123.675, 116.28, 103.53],
                        std=[58.395, 57.12, 57.375],
                        to_rgb=True),
                    dict(type='Pad', size_divisor=32),
                    dict(type='ImageToTensor', keys=['img']),
                    dict(type='Collect', keys=['img'])
                ])
        ]),
    test=dict(
        type='VOCDataset',
        ann_file='data/VOCdevkit/VOC2007/ImageSets/Main/test.txt',
        img_prefix='data/VOCdevkit/VOC2007/',
        pipeline=[
            dict(type='LoadImageFromFile'),
            dict(
                type='MultiScaleFlipAug',
                img_scale=(1000, 600),
                flip=False,
                transforms=[
                    dict(type='Resize', keep_ratio=True),
                    dict(type='RandomFlip'),
                    dict(
                        type='Normalize',
                        mean=[123.675, 116.28, 103.53],
                        std=[58.395, 57.12, 57.375],
                        to_rgb=True),
                    dict(type='Pad', size_divisor=32),
                    dict(type='ImageToTensor', keys=['img']),
                    dict(type='Collect', keys=['img'])
                ])
        ]))
evaluation = dict(interval=1, metric='mAP', save_best='auto')
optimizer = dict(type='SGD', lr=0.001, momentum=0.9, weight_decay=0.0001)
optimizer_config = dict(grad_clip=None)
lr_config = dict(
    policy='step',
    warmup='linear',
    warmup_iters=500,
    warmup_ratio=0.001,
    step=[8, 11])
runner = dict(type='EpochBasedRunner', max_epochs=8)
checkpoint_config = dict(interval=1)
log_config = dict(interval=200, hooks=[dict(type='TextLoggerHook')])
custom_hooks = [dict(type='NumClassCheckHook')]
dist_params = dict(backend='nccl')
log_level = 'INFO'
load_from = 'checkpoints/retinanet/retinanet_r50_fpn_mstrain_3x_coco_20210718_220633-88476508.pth'
resume_from = None
workflow = [('train', 1)]
opencv_num_threads = 0
mp_start_method = 'fork'
auto_scale_lr = dict(enable=False, base_batch_size=16)
work_dir = '.\work\voc'
auto_resume = True
gpu_ids = [0]

2023-02-11 02:26:23,043 - mmdet - INFO - Set random seed to 972529652, deterministic: False
2023-02-11 02:27:43,697 - mmdet - INFO - Automatic scaling of learning rate (LR) has been disabled.
2023-02-11 02:27:55,613 - mmdet - INFO - load checkpoint from local path: .\work\voc\latest.pth
2023-02-11 02:27:57,114 - mmdet - INFO - resumed epoch 2, iter 12414
2023-02-11 02:27:57,115 - mmdet - INFO - Start running, host: Xie Chun@DESKTOP-IEFBQ19, work_dir: D:\workspace\openmmlab_tutorial\mmdetection\work\voc
2023-02-11 02:27:57,117 - mmdet - INFO - Hooks will be executed in the following order:
before_run:
(VERY_HIGH   ) StepLrUpdaterHook                  
(NORMAL      ) CheckpointHook                     
(LOW         ) EvalHook                           
(VERY_LOW    ) TextLoggerHook                     
 -------------------- 
before_train_epoch:
(VERY_HIGH   ) StepLrUpdaterHook                  
(NORMAL      ) NumClassCheckHook                  
(LOW         ) IterTimerHook                      
(LOW         ) EvalHook                           
(VERY_LOW    ) TextLoggerHook                     
 -------------------- 
before_train_iter:
(VERY_HIGH   ) StepLrUpdaterHook                  
(LOW         ) IterTimerHook                      
(LOW         ) EvalHook                           
 -------------------- 
after_train_iter:
(ABOVE_NORMAL) OptimizerHook                      
(NORMAL      ) CheckpointHook                     
(LOW         ) IterTimerHook                      
(LOW         ) EvalHook                           
(VERY_LOW    ) TextLoggerHook                     
 -------------------- 
after_train_epoch:
(NORMAL      ) CheckpointHook                     
(LOW         ) EvalHook                           
(VERY_LOW    ) TextLoggerHook                     
 -------------------- 
before_val_epoch:
(NORMAL      ) NumClassCheckHook                  
(LOW         ) IterTimerHook                      
(VERY_LOW    ) TextLoggerHook                     
 -------------------- 
before_val_iter:
(LOW         ) IterTimerHook                      
 -------------------- 
after_val_iter:
(LOW         ) IterTimerHook                      
 -------------------- 
after_val_epoch:
(VERY_LOW    ) TextLoggerHook                     
 -------------------- 
after_run:
(VERY_LOW    ) TextLoggerHook                     
 -------------------- 
2023-02-11 02:27:57,120 - mmdet - INFO - workflow: [('train', 1)], max: 8 epochs
2023-02-11 02:27:57,124 - mmdet - INFO - Checkpoints will be saved to D:\workspace\openmmlab_tutorial\mmdetection\work\voc by HardDiskBackend.
2023-02-11 02:29:26,797 - mmdet - INFO - Epoch [3][200/6207]	lr: 1.000e-03, eta: 4:36:31, time: 0.448, data_time: 0.061, memory: 6341, loss_cls: 0.0848, loss_bbox: 0.1316, loss: 0.2164
2023-02-11 02:30:41,336 - mmdet - INFO - Epoch [3][400/6207]	lr: 1.000e-03, eta: 4:11:58, time: 0.373, data_time: 0.009, memory: 6341, loss_cls: 0.0852, loss_bbox: 0.1311, loss: 0.2163
2023-02-11 02:31:56,169 - mmdet - INFO - Epoch [3][600/6207]	lr: 1.000e-03, eta: 4:03:12, time: 0.374, data_time: 0.009, memory: 6341, loss_cls: 0.0851, loss_bbox: 0.1346, loss: 0.2197
2023-02-11 02:33:11,326 - mmdet - INFO - Epoch [3][800/6207]	lr: 1.000e-03, eta: 3:58:29, time: 0.376, data_time: 0.009, memory: 6341, loss_cls: 0.0872, loss_bbox: 0.1333, loss: 0.2205
2023-02-11 02:34:26,140 - mmdet - INFO - Epoch [3][1000/6207]	lr: 1.000e-03, eta: 3:54:55, time: 0.374, data_time: 0.009, memory: 6342, loss_cls: 0.0877, loss_bbox: 0.1366, loss: 0.2243
2023-02-11 02:35:41,081 - mmdet - INFO - Epoch [3][1200/6207]	lr: 1.000e-03, eta: 3:52:11, time: 0.375, data_time: 0.009, memory: 6342, loss_cls: 0.0844, loss_bbox: 0.1306, loss: 0.2150
2023-02-11 02:36:55,943 - mmdet - INFO - Epoch [3][1400/6207]	lr: 1.000e-03, eta: 3:49:51, time: 0.374, data_time: 0.009, memory: 6342, loss_cls: 0.0828, loss_bbox: 0.1338, loss: 0.2166
2023-02-11 02:38:10,360 - mmdet - INFO - Epoch [3][1600/6207]	lr: 1.000e-03, eta: 3:47:38, time: 0.372, data_time: 0.009, memory: 6342, loss_cls: 0.0801, loss_bbox: 0.1288, loss: 0.2088
2023-02-11 02:39:25,233 - mmdet - INFO - Epoch [3][1800/6207]	lr: 1.000e-03, eta: 3:45:46, time: 0.374, data_time: 0.009, memory: 6342, loss_cls: 0.0856, loss_bbox: 0.1339, loss: 0.2195
2023-02-11 02:40:39,382 - mmdet - INFO - Epoch [3][2000/6207]	lr: 1.000e-03, eta: 3:43:50, time: 0.371, data_time: 0.009, memory: 6342, loss_cls: 0.0851, loss_bbox: 0.1332, loss: 0.2183
2023-02-11 02:41:53,987 - mmdet - INFO - Epoch [3][2200/6207]	lr: 1.000e-03, eta: 3:42:08, time: 0.373, data_time: 0.009, memory: 6342, loss_cls: 0.0877, loss_bbox: 0.1343, loss: 0.2220
2023-02-11 02:43:08,380 - mmdet - INFO - Epoch [3][2400/6207]	lr: 1.000e-03, eta: 3:40:27, time: 0.372, data_time: 0.009, memory: 6342, loss_cls: 0.0795, loss_bbox: 0.1283, loss: 0.2078
2023-02-11 02:44:22,651 - mmdet - INFO - Epoch [3][2600/6207]	lr: 1.000e-03, eta: 3:38:49, time: 0.371, data_time: 0.009, memory: 6342, loss_cls: 0.0790, loss_bbox: 0.1310, loss: 0.2100
2023-02-11 02:45:37,363 - mmdet - INFO - Epoch [3][2800/6207]	lr: 1.000e-03, eta: 3:37:20, time: 0.374, data_time: 0.009, memory: 6342, loss_cls: 0.0787, loss_bbox: 0.1265, loss: 0.2052
2023-02-11 02:46:51,798 - mmdet - INFO - Epoch [3][3000/6207]	lr: 1.000e-03, eta: 3:35:50, time: 0.372, data_time: 0.009, memory: 6342, loss_cls: 0.0799, loss_bbox: 0.1305, loss: 0.2103
2023-02-11 02:48:06,261 - mmdet - INFO - Epoch [3][3200/6207]	lr: 1.000e-03, eta: 3:34:21, time: 0.372, data_time: 0.009, memory: 6342, loss_cls: 0.0813, loss_bbox: 0.1279, loss: 0.2092
2023-02-11 02:49:20,905 - mmdet - INFO - Epoch [3][3400/6207]	lr: 1.000e-03, eta: 3:32:57, time: 0.373, data_time: 0.009, memory: 6342, loss_cls: 0.0813, loss_bbox: 0.1313, loss: 0.2126
2023-02-11 02:50:34,882 - mmdet - INFO - Epoch [3][3600/6207]	lr: 1.000e-03, eta: 3:31:27, time: 0.370, data_time: 0.009, memory: 6342, loss_cls: 0.0760, loss_bbox: 0.1271, loss: 0.2031
2023-02-11 02:51:47,703 - mmdet - INFO - Epoch [3][3800/6207]	lr: 1.000e-03, eta: 3:29:48, time: 0.364, data_time: 0.009, memory: 6342, loss_cls: 0.0768, loss_bbox: 0.1279, loss: 0.2047
2023-02-11 02:53:00,205 - mmdet - INFO - Epoch [3][4000/6207]	lr: 1.000e-03, eta: 3:28:10, time: 0.362, data_time: 0.009, memory: 6342, loss_cls: 0.0761, loss_bbox: 0.1275, loss: 0.2036
2023-02-11 02:54:12,618 - mmdet - INFO - Epoch [3][4200/6207]	lr: 1.000e-03, eta: 3:26:33, time: 0.362, data_time: 0.009, memory: 6342, loss_cls: 0.0755, loss_bbox: 0.1247, loss: 0.2002
2023-02-11 02:55:25,317 - mmdet - INFO - Epoch [3][4400/6207]	lr: 1.000e-03, eta: 3:25:01, time: 0.363, data_time: 0.009, memory: 6342, loss_cls: 0.0826, loss_bbox: 0.1300, loss: 0.2126
2023-02-11 02:56:39,582 - mmdet - INFO - Epoch [3][4600/6207]	lr: 1.000e-03, eta: 3:23:41, time: 0.371, data_time: 0.009, memory: 6342, loss_cls: 0.0783, loss_bbox: 0.1290, loss: 0.2072
2023-02-11 02:57:55,246 - mmdet - INFO - Epoch [3][4800/6207]	lr: 1.000e-03, eta: 3:22:32, time: 0.378, data_time: 0.009, memory: 6342, loss_cls: 0.0746, loss_bbox: 0.1260, loss: 0.2006
2023-02-11 02:59:10,261 - mmdet - INFO - Epoch [3][5000/6207]	lr: 1.000e-03, eta: 3:21:17, time: 0.375, data_time: 0.009, memory: 6342, loss_cls: 0.0779, loss_bbox: 0.1268, loss: 0.2047
2023-02-11 03:00:25,416 - mmdet - INFO - Epoch [3][5200/6207]	lr: 1.000e-03, eta: 3:20:04, time: 0.376, data_time: 0.009, memory: 6342, loss_cls: 0.0711, loss_bbox: 0.1225, loss: 0.1936
2023-02-11 03:01:40,540 - mmdet - INFO - Epoch [3][5400/6207]	lr: 1.000e-03, eta: 3:18:50, time: 0.376, data_time: 0.009, memory: 6342, loss_cls: 0.0753, loss_bbox: 0.1250, loss: 0.2004
2023-02-11 03:02:55,597 - mmdet - INFO - Epoch [3][5600/6207]	lr: 1.000e-03, eta: 3:17:36, time: 0.375, data_time: 0.009, memory: 6342, loss_cls: 0.0715, loss_bbox: 0.1245, loss: 0.1961
2023-02-11 03:04:10,559 - mmdet - INFO - Epoch [3][5800/6207]	lr: 1.000e-03, eta: 3:16:21, time: 0.375, data_time: 0.009, memory: 6342, loss_cls: 0.0758, loss_bbox: 0.1319, loss: 0.2077
2023-02-11 03:05:25,249 - mmdet - INFO - Epoch [3][6000/6207]	lr: 1.000e-03, eta: 3:15:05, time: 0.373, data_time: 0.009, memory: 6342, loss_cls: 0.0696, loss_bbox: 0.1214, loss: 0.1910
2023-02-11 03:06:40,565 - mmdet - INFO - Epoch [3][6200/6207]	lr: 1.000e-03, eta: 3:13:52, time: 0.377, data_time: 0.009, memory: 6342, loss_cls: 0.0696, loss_bbox: 0.1267, loss: 0.1964
2023-02-11 03:06:43,561 - mmdet - INFO - Saving checkpoint at 3 epochs
2023-02-11 03:10:34,338 - mmdet - INFO - 
+-------------+------+-------+--------+-------+
| class       | gts  | dets  | recall | ap    |
+-------------+------+-------+--------+-------+
| aeroplane   | 285  | 3025  | 0.979  | 0.897 |
| bicycle     | 337  | 4510  | 0.979  | 0.881 |
| bird        | 459  | 2896  | 0.961  | 0.873 |
| boat        | 263  | 6824  | 0.977  | 0.802 |
| bottle      | 469  | 7852  | 0.953  | 0.795 |
| bus         | 213  | 2466  | 0.986  | 0.896 |
| car         | 1201 | 8154  | 0.992  | 0.897 |
| cat         | 358  | 3424  | 0.980  | 0.893 |
| chair       | 756  | 13823 | 0.964  | 0.746 |
| cow         | 244  | 3071  | 0.992  | 0.894 |
| diningtable | 206  | 10600 | 0.990  | 0.788 |
| dog         | 489  | 4307  | 0.992  | 0.877 |
| horse       | 348  | 3980  | 0.989  | 0.899 |
| motorbike   | 325  | 3676  | 0.988  | 0.878 |
| person      | 4528 | 31553 | 0.988  | 0.881 |
| pottedplant | 480  | 9531  | 0.948  | 0.669 |
| sheep       | 242  | 3187  | 0.992  | 0.860 |
| sofa        | 239  | 6215  | 0.992  | 0.835 |
| train       | 282  | 3108  | 0.989  | 0.872 |
| tvmonitor   | 308  | 3847  | 0.951  | 0.857 |
+-------------+------+-------+--------+-------+
| mAP         |      |       |        | 0.850 |
+-------------+------+-------+--------+-------+
2023-02-11 03:10:36,049 - mmdet - INFO - Now best checkpoint is saved as best_mAP_epoch_3.pth.
2023-02-11 03:10:36,049 - mmdet - INFO - Best mAP is 0.8495 at 3 epoch.
2023-02-11 03:10:36,053 - mmdet - INFO - Exp name: retinanet_r50_fpn_mstrain_640-800_voc.py
2023-02-11 03:10:36,055 - mmdet - INFO - Epoch(val) [3][4952]	mAP: 0.8495, AP50: 0.8500
2023-02-11 03:11:59,648 - mmdet - INFO - Epoch [4][200/6207]	lr: 1.000e-03, eta: 3:13:03, time: 0.418, data_time: 0.051, memory: 6342, loss_cls: 0.0612, loss_bbox: 0.1193, loss: 0.1805
2023-02-11 03:13:14,561 - mmdet - INFO - Epoch [4][400/6207]	lr: 1.000e-03, eta: 3:11:47, time: 0.375, data_time: 0.009, memory: 6342, loss_cls: 0.0619, loss_bbox: 0.1181, loss: 0.1800
2023-02-11 03:14:28,849 - mmdet - INFO - Epoch [4][600/6207]	lr: 1.000e-03, eta: 3:10:28, time: 0.371, data_time: 0.009, memory: 6342, loss_cls: 0.0637, loss_bbox: 0.1189, loss: 0.1827
2023-02-11 03:15:43,150 - mmdet - INFO - Epoch [4][800/6207]	lr: 1.000e-03, eta: 3:09:09, time: 0.372, data_time: 0.009, memory: 6342, loss_cls: 0.0601, loss_bbox: 0.1157, loss: 0.1759
2023-02-11 03:16:57,298 - mmdet - INFO - Epoch [4][1000/6207]	lr: 1.000e-03, eta: 3:07:50, time: 0.371, data_time: 0.009, memory: 6342, loss_cls: 0.0623, loss_bbox: 0.1175, loss: 0.1798
2023-02-11 03:18:11,292 - mmdet - INFO - Epoch [4][1200/6207]	lr: 1.000e-03, eta: 3:06:31, time: 0.370, data_time: 0.009, memory: 6342, loss_cls: 0.0627, loss_bbox: 0.1195, loss: 0.1822
2023-02-11 03:19:25,580 - mmdet - INFO - Epoch [4][1400/6207]	lr: 1.000e-03, eta: 3:05:13, time: 0.371, data_time: 0.009, memory: 6342, loss_cls: 0.0618, loss_bbox: 0.1193, loss: 0.1811
2023-02-11 03:20:39,400 - mmdet - INFO - Epoch [4][1600/6207]	lr: 1.000e-03, eta: 3:03:54, time: 0.369, data_time: 0.009, memory: 6342, loss_cls: 0.0597, loss_bbox: 0.1160, loss: 0.1758
2023-02-11 03:21:53,472 - mmdet - INFO - Epoch [4][1800/6207]	lr: 1.000e-03, eta: 3:02:35, time: 0.370, data_time: 0.009, memory: 6342, loss_cls: 0.0612, loss_bbox: 0.1205, loss: 0.1817
2023-02-11 03:23:06,754 - mmdet - INFO - Epoch [4][2000/6207]	lr: 1.000e-03, eta: 3:01:15, time: 0.366, data_time: 0.009, memory: 6342, loss_cls: 0.0610, loss_bbox: 0.1170, loss: 0.1780
2023-02-11 03:24:21,024 - mmdet - INFO - Epoch [4][2200/6207]	lr: 1.000e-03, eta: 2:59:57, time: 0.371, data_time: 0.009, memory: 6342, loss_cls: 0.0615, loss_bbox: 0.1174, loss: 0.1788
2023-02-11 03:25:34,971 - mmdet - INFO - Epoch [4][2400/6207]	lr: 1.000e-03, eta: 2:58:39, time: 0.370, data_time: 0.009, memory: 6342, loss_cls: 0.0613, loss_bbox: 0.1145, loss: 0.1758
2023-02-11 03:26:48,783 - mmdet - INFO - Epoch [4][2600/6207]	lr: 1.000e-03, eta: 2:57:21, time: 0.369, data_time: 0.009, memory: 6342, loss_cls: 0.0616, loss_bbox: 0.1176, loss: 0.1792
2023-02-11 03:28:02,861 - mmdet - INFO - Epoch [4][2800/6207]	lr: 1.000e-03, eta: 2:56:04, time: 0.370, data_time: 0.009, memory: 6342, loss_cls: 0.0587, loss_bbox: 0.1185, loss: 0.1772
2023-02-11 03:29:16,321 - mmdet - INFO - Epoch [4][3000/6207]	lr: 1.000e-03, eta: 2:54:45, time: 0.367, data_time: 0.009, memory: 6342, loss_cls: 0.0550, loss_bbox: 0.1150, loss: 0.1700
2023-02-11 03:30:30,043 - mmdet - INFO - Epoch [4][3200/6207]	lr: 1.000e-03, eta: 2:53:27, time: 0.369, data_time: 0.009, memory: 6342, loss_cls: 0.0595, loss_bbox: 0.1178, loss: 0.1773
2023-02-11 03:31:44,125 - mmdet - INFO - Epoch [4][3400/6207]	lr: 1.000e-03, eta: 2:52:10, time: 0.370, data_time: 0.009, memory: 6342, loss_cls: 0.0587, loss_bbox: 0.1172, loss: 0.1759
2023-02-11 03:32:57,991 - mmdet - INFO - Epoch [4][3600/6207]	lr: 1.000e-03, eta: 2:50:53, time: 0.369, data_time: 0.009, memory: 6342, loss_cls: 0.0580, loss_bbox: 0.1159, loss: 0.1739
2023-02-11 03:34:12,054 - mmdet - INFO - Epoch [4][3800/6207]	lr: 1.000e-03, eta: 2:49:36, time: 0.370, data_time: 0.009, memory: 6342, loss_cls: 0.0567, loss_bbox: 0.1139, loss: 0.1706
2023-02-11 03:35:26,369 - mmdet - INFO - Epoch [4][4000/6207]	lr: 1.000e-03, eta: 2:48:20, time: 0.372, data_time: 0.009, memory: 6342, loss_cls: 0.0583, loss_bbox: 0.1146, loss: 0.1729
2023-02-11 03:36:40,382 - mmdet - INFO - Epoch [4][4200/6207]	lr: 1.000e-03, eta: 2:47:04, time: 0.370, data_time: 0.009, memory: 6342, loss_cls: 0.0527, loss_bbox: 0.1133, loss: 0.1660
2023-02-11 03:37:54,078 - mmdet - INFO - Epoch [4][4400/6207]	lr: 1.000e-03, eta: 2:45:46, time: 0.369, data_time: 0.009, memory: 6342, loss_cls: 0.0567, loss_bbox: 0.1166, loss: 0.1734
2023-02-11 03:39:08,051 - mmdet - INFO - Epoch [4][4600/6207]	lr: 1.000e-03, eta: 2:44:30, time: 0.370, data_time: 0.009, memory: 6342, loss_cls: 0.0526, loss_bbox: 0.1144, loss: 0.1670
2023-02-11 03:40:22,775 - mmdet - INFO - Epoch [4][4800/6207]	lr: 1.000e-03, eta: 2:43:15, time: 0.374, data_time: 0.009, memory: 6342, loss_cls: 0.0565, loss_bbox: 0.1139, loss: 0.1703
2023-02-11 03:41:36,976 - mmdet - INFO - Epoch [4][5000/6207]	lr: 1.000e-03, eta: 2:42:00, time: 0.371, data_time: 0.009, memory: 6342, loss_cls: 0.0566, loss_bbox: 0.1137, loss: 0.1703
2023-02-11 03:42:50,653 - mmdet - INFO - Epoch [4][5200/6207]	lr: 1.000e-03, eta: 2:40:43, time: 0.368, data_time: 0.009, memory: 6342, loss_cls: 0.0517, loss_bbox: 0.1119, loss: 0.1635
2023-02-11 03:44:04,200 - mmdet - INFO - Epoch [4][5400/6207]	lr: 1.000e-03, eta: 2:39:26, time: 0.368, data_time: 0.009, memory: 6342, loss_cls: 0.0568, loss_bbox: 0.1144, loss: 0.1711
2023-02-11 03:45:18,481 - mmdet - INFO - Epoch [4][5600/6207]	lr: 1.000e-03, eta: 2:38:10, time: 0.371, data_time: 0.009, memory: 6342, loss_cls: 0.0536, loss_bbox: 0.1151, loss: 0.1687
2023-02-11 03:46:32,243 - mmdet - INFO - Epoch [4][5800/6207]	lr: 1.000e-03, eta: 2:36:54, time: 0.369, data_time: 0.009, memory: 6342, loss_cls: 0.0537, loss_bbox: 0.1140, loss: 0.1677
2023-02-11 03:47:46,426 - mmdet - INFO - Epoch [4][6000/6207]	lr: 1.000e-03, eta: 2:35:38, time: 0.371, data_time: 0.009, memory: 6342, loss_cls: 0.0530, loss_bbox: 0.1106, loss: 0.1636
2023-02-11 03:49:00,774 - mmdet - INFO - Epoch [4][6200/6207]	lr: 1.000e-03, eta: 2:34:23, time: 0.372, data_time: 0.009, memory: 6342, loss_cls: 0.0510, loss_bbox: 0.1117, loss: 0.1627
2023-02-11 03:49:03,897 - mmdet - INFO - Saving checkpoint at 4 epochs
2023-02-11 03:52:42,825 - mmdet - INFO - 
+-------------+------+-------+--------+-------+
| class       | gts  | dets  | recall | ap    |
+-------------+------+-------+--------+-------+
| aeroplane   | 285  | 2065  | 0.982  | 0.895 |
| bicycle     | 337  | 3857  | 0.979  | 0.880 |
| bird        | 459  | 2426  | 0.959  | 0.852 |
| boat        | 263  | 5833  | 0.973  | 0.786 |
| bottle      | 469  | 7012  | 0.970  | 0.757 |
| bus         | 213  | 2040  | 0.986  | 0.897 |
| car         | 1201 | 6136  | 0.988  | 0.897 |
| cat         | 358  | 2055  | 0.980  | 0.890 |
| chair       | 756  | 12813 | 0.939  | 0.741 |
| cow         | 244  | 2167  | 1.000  | 0.910 |
| diningtable | 206  | 7125  | 0.981  | 0.765 |
| dog         | 489  | 3477  | 0.990  | 0.883 |
| horse       | 348  | 2759  | 0.983  | 0.891 |
| motorbike   | 325  | 4359  | 0.988  | 0.874 |
| person      | 4528 | 21342 | 0.977  | 0.879 |
| pottedplant | 480  | 6155  | 0.927  | 0.657 |
| sheep       | 242  | 2184  | 0.996  | 0.865 |
| sofa        | 239  | 4825  | 0.987  | 0.822 |
| train       | 282  | 1875  | 0.986  | 0.874 |
| tvmonitor   | 308  | 3926  | 0.961  | 0.856 |
+-------------+------+-------+--------+-------+
| mAP         |      |       |        | 0.844 |
+-------------+------+-------+--------+-------+
2023-02-11 03:52:42,895 - mmdet - INFO - Exp name: retinanet_r50_fpn_mstrain_640-800_voc.py
2023-02-11 03:52:42,895 - mmdet - INFO - Epoch(val) [4][4952]	mAP: 0.8436, AP50: 0.8440
2023-02-11 03:54:05,099 - mmdet - INFO - Epoch [5][200/6207]	lr: 1.000e-03, eta: 2:33:16, time: 0.411, data_time: 0.050, memory: 6342, loss_cls: 0.0461, loss_bbox: 0.1071, loss: 0.1533
2023-02-11 03:55:19,130 - mmdet - INFO - Epoch [5][400/6207]	lr: 1.000e-03, eta: 2:32:00, time: 0.370, data_time: 0.009, memory: 6342, loss_cls: 0.0447, loss_bbox: 0.1037, loss: 0.1483
2023-02-11 03:56:32,964 - mmdet - INFO - Epoch [5][600/6207]	lr: 1.000e-03, eta: 2:30:43, time: 0.369, data_time: 0.009, memory: 6342, loss_cls: 0.0451, loss_bbox: 0.1062, loss: 0.1513
2023-02-11 03:57:47,094 - mmdet - INFO - Epoch [5][800/6207]	lr: 1.000e-03, eta: 2:29:28, time: 0.371, data_time: 0.009, memory: 6342, loss_cls: 0.0463, loss_bbox: 0.1075, loss: 0.1538
2023-02-11 03:59:01,100 - mmdet - INFO - Epoch [5][1000/6207]	lr: 1.000e-03, eta: 2:28:12, time: 0.370, data_time: 0.009, memory: 6342, loss_cls: 0.0525, loss_bbox: 0.1087, loss: 0.1612
2023-02-11 04:00:15,157 - mmdet - INFO - Epoch [5][1200/6207]	lr: 1.000e-03, eta: 2:26:56, time: 0.370, data_time: 0.009, memory: 6342, loss_cls: 0.0465, loss_bbox: 0.1063, loss: 0.1528
2023-02-11 04:01:29,057 - mmdet - INFO - Epoch [5][1400/6207]	lr: 1.000e-03, eta: 2:25:40, time: 0.369, data_time: 0.009, memory: 6342, loss_cls: 0.0425, loss_bbox: 0.1039, loss: 0.1464
2023-02-11 04:02:42,795 - mmdet - INFO - Epoch [5][1600/6207]	lr: 1.000e-03, eta: 2:24:24, time: 0.369, data_time: 0.009, memory: 6342, loss_cls: 0.0468, loss_bbox: 0.1086, loss: 0.1554
2023-02-11 04:03:56,931 - mmdet - INFO - Epoch [5][1800/6207]	lr: 1.000e-03, eta: 2:23:09, time: 0.371, data_time: 0.009, memory: 6342, loss_cls: 0.0441, loss_bbox: 0.1034, loss: 0.1475
2023-02-11 04:05:11,056 - mmdet - INFO - Epoch [5][2000/6207]	lr: 1.000e-03, eta: 2:21:54, time: 0.371, data_time: 0.009, memory: 6342, loss_cls: 0.0439, loss_bbox: 0.1023, loss: 0.1462
2023-02-11 04:06:26,028 - mmdet - INFO - Epoch [5][2200/6207]	lr: 1.000e-03, eta: 2:20:40, time: 0.375, data_time: 0.010, memory: 6342, loss_cls: 0.0426, loss_bbox: 0.1039, loss: 0.1464
2023-02-11 04:07:40,872 - mmdet - INFO - Epoch [5][2400/6207]	lr: 1.000e-03, eta: 2:19:25, time: 0.374, data_time: 0.011, memory: 6342, loss_cls: 0.0436, loss_bbox: 0.1028, loss: 0.1463
2023-02-11 04:08:55,466 - mmdet - INFO - Epoch [5][2600/6207]	lr: 1.000e-03, eta: 2:18:11, time: 0.373, data_time: 0.011, memory: 6342, loss_cls: 0.0466, loss_bbox: 0.1089, loss: 0.1554
2023-02-11 04:10:10,116 - mmdet - INFO - Epoch [5][2800/6207]	lr: 1.000e-03, eta: 2:16:56, time: 0.373, data_time: 0.011, memory: 6342, loss_cls: 0.0439, loss_bbox: 0.1069, loss: 0.1508
2023-02-11 04:11:24,671 - mmdet - INFO - Epoch [5][3000/6207]	lr: 1.000e-03, eta: 2:15:42, time: 0.373, data_time: 0.010, memory: 6342, loss_cls: 0.0405, loss_bbox: 0.0999, loss: 0.1405
2023-02-11 04:12:39,140 - mmdet - INFO - Epoch [5][3200/6207]	lr: 1.000e-03, eta: 2:14:27, time: 0.372, data_time: 0.009, memory: 6342, loss_cls: 0.0405, loss_bbox: 0.1032, loss: 0.1437
2023-02-11 04:13:52,968 - mmdet - INFO - Epoch [5][3400/6207]	lr: 1.000e-03, eta: 2:13:11, time: 0.369, data_time: 0.009, memory: 6342, loss_cls: 0.0410, loss_bbox: 0.1035, loss: 0.1446
2023-02-11 04:15:07,292 - mmdet - INFO - Epoch [5][3600/6207]	lr: 1.000e-03, eta: 2:11:56, time: 0.372, data_time: 0.009, memory: 6342, loss_cls: 0.0420, loss_bbox: 0.1044, loss: 0.1464
2023-02-11 04:16:21,449 - mmdet - INFO - Epoch [5][3800/6207]	lr: 1.000e-03, eta: 2:10:41, time: 0.371, data_time: 0.009, memory: 6342, loss_cls: 0.0416, loss_bbox: 0.1029, loss: 0.1445
2023-02-11 04:17:35,933 - mmdet - INFO - Epoch [5][4000/6207]	lr: 1.000e-03, eta: 2:09:26, time: 0.372, data_time: 0.009, memory: 6342, loss_cls: 0.0386, loss_bbox: 0.1010, loss: 0.1396
2023-02-11 04:18:49,837 - mmdet - INFO - Epoch [5][4200/6207]	lr: 1.000e-03, eta: 2:08:11, time: 0.370, data_time: 0.009, memory: 6342, loss_cls: 0.0386, loss_bbox: 0.1013, loss: 0.1399
2023-02-11 04:20:03,655 - mmdet - INFO - Epoch [5][4400/6207]	lr: 1.000e-03, eta: 2:06:55, time: 0.369, data_time: 0.009, memory: 6342, loss_cls: 0.0420, loss_bbox: 0.1043, loss: 0.1463
2023-02-11 04:21:17,556 - mmdet - INFO - Epoch [5][4600/6207]	lr: 1.000e-03, eta: 2:05:40, time: 0.370, data_time: 0.009, memory: 6342, loss_cls: 0.0418, loss_bbox: 0.1077, loss: 0.1495
2023-02-11 04:22:31,394 - mmdet - INFO - Epoch [5][4800/6207]	lr: 1.000e-03, eta: 2:04:25, time: 0.369, data_time: 0.009, memory: 6342, loss_cls: 0.0394, loss_bbox: 0.1017, loss: 0.1410
2023-02-11 04:23:45,160 - mmdet - INFO - Epoch [5][5000/6207]	lr: 1.000e-03, eta: 2:03:09, time: 0.369, data_time: 0.009, memory: 6342, loss_cls: 0.0395, loss_bbox: 0.1039, loss: 0.1434
2023-02-11 04:24:59,322 - mmdet - INFO - Epoch [5][5200/6207]	lr: 1.000e-03, eta: 2:01:54, time: 0.371, data_time: 0.009, memory: 6342, loss_cls: 0.0408, loss_bbox: 0.1038, loss: 0.1446
2023-02-11 04:26:13,163 - mmdet - INFO - Epoch [5][5400/6207]	lr: 1.000e-03, eta: 2:00:39, time: 0.369, data_time: 0.009, memory: 6342, loss_cls: 0.0408, loss_bbox: 0.1030, loss: 0.1438
2023-02-11 04:27:27,090 - mmdet - INFO - Epoch [5][5600/6207]	lr: 1.000e-03, eta: 1:59:24, time: 0.370, data_time: 0.009, memory: 6342, loss_cls: 0.0418, loss_bbox: 0.1055, loss: 0.1473
2023-02-11 04:28:41,665 - mmdet - INFO - Epoch [5][5800/6207]	lr: 1.000e-03, eta: 1:58:09, time: 0.373, data_time: 0.009, memory: 6342, loss_cls: 0.0426, loss_bbox: 0.1076, loss: 0.1502
2023-02-11 04:29:55,331 - mmdet - INFO - Epoch [5][6000/6207]	lr: 1.000e-03, eta: 1:56:54, time: 0.368, data_time: 0.009, memory: 6342, loss_cls: 0.0363, loss_bbox: 0.0994, loss: 0.1357
2023-02-11 04:31:09,569 - mmdet - INFO - Epoch [5][6200/6207]	lr: 1.000e-03, eta: 1:55:39, time: 0.371, data_time: 0.009, memory: 6342, loss_cls: 0.0377, loss_bbox: 0.1010, loss: 0.1386
2023-02-11 04:31:12,527 - mmdet - INFO - Saving checkpoint at 5 epochs
2023-02-11 04:34:49,435 - mmdet - INFO - 
+-------------+------+-------+--------+-------+
| class       | gts  | dets  | recall | ap    |
+-------------+------+-------+--------+-------+
| aeroplane   | 285  | 1606  | 0.975  | 0.898 |
| bicycle     | 337  | 2955  | 0.976  | 0.880 |
| bird        | 459  | 1783  | 0.946  | 0.855 |
| boat        | 263  | 4383  | 0.958  | 0.784 |
| bottle      | 469  | 4352  | 0.955  | 0.777 |
| bus         | 213  | 1575  | 0.986  | 0.890 |
| car         | 1201 | 5268  | 0.987  | 0.898 |
| cat         | 358  | 1842  | 0.969  | 0.891 |
| chair       | 756  | 8569  | 0.934  | 0.729 |
| cow         | 244  | 1400  | 0.996  | 0.892 |
| diningtable | 206  | 6488  | 0.985  | 0.781 |
| dog         | 489  | 2239  | 0.984  | 0.876 |
| horse       | 348  | 2577  | 0.977  | 0.896 |
| motorbike   | 325  | 2403  | 0.982  | 0.867 |
| person      | 4528 | 17819 | 0.967  | 0.874 |
| pottedplant | 480  | 5288  | 0.894  | 0.624 |
| sheep       | 242  | 1643  | 0.979  | 0.865 |
| sofa        | 239  | 4107  | 0.983  | 0.821 |
| train       | 282  | 1667  | 0.982  | 0.879 |
| tvmonitor   | 308  | 2676  | 0.945  | 0.858 |
+-------------+------+-------+--------+-------+
| mAP         |      |       |        | 0.842 |
+-------------+------+-------+--------+-------+
2023-02-11 04:34:49,504 - mmdet - INFO - Exp name: retinanet_r50_fpn_mstrain_640-800_voc.py
2023-02-11 04:34:49,505 - mmdet - INFO - Epoch(val) [5][4952]	mAP: 0.8417, AP50: 0.8420
2023-02-11 04:36:12,213 - mmdet - INFO - Epoch [6][200/6207]	lr: 1.000e-03, eta: 1:54:27, time: 0.413, data_time: 0.051, memory: 6342, loss_cls: 0.0326, loss_bbox: 0.0955, loss: 0.1281
2023-02-11 04:37:26,326 - mmdet - INFO - Epoch [6][400/6207]	lr: 1.000e-03, eta: 1:53:12, time: 0.371, data_time: 0.009, memory: 6342, loss_cls: 0.0346, loss_bbox: 0.0968, loss: 0.1313
2023-02-11 04:38:40,020 - mmdet - INFO - Epoch [6][600/6207]	lr: 1.000e-03, eta: 1:51:57, time: 0.368, data_time: 0.009, memory: 6342, loss_cls: 0.0378, loss_bbox: 0.1030, loss: 0.1408
2023-02-11 04:39:54,386 - mmdet - INFO - Epoch [6][800/6207]	lr: 1.000e-03, eta: 1:50:42, time: 0.372, data_time: 0.009, memory: 6342, loss_cls: 0.0347, loss_bbox: 0.0977, loss: 0.1324
2023-02-11 04:41:08,424 - mmdet - INFO - Epoch [6][1000/6207]	lr: 1.000e-03, eta: 1:49:27, time: 0.370, data_time: 0.009, memory: 6342, loss_cls: 0.0333, loss_bbox: 0.0957, loss: 0.1290
2023-02-11 04:42:22,703 - mmdet - INFO - Epoch [6][1200/6207]	lr: 1.000e-03, eta: 1:48:13, time: 0.371, data_time: 0.009, memory: 6342, loss_cls: 0.0334, loss_bbox: 0.0963, loss: 0.1297
2023-02-11 04:43:36,840 - mmdet - INFO - Epoch [6][1400/6207]	lr: 1.000e-03, eta: 1:46:58, time: 0.371, data_time: 0.009, memory: 6342, loss_cls: 0.0361, loss_bbox: 0.0997, loss: 0.1358
2023-02-11 04:44:50,710 - mmdet - INFO - Epoch [6][1600/6207]	lr: 1.000e-03, eta: 1:45:43, time: 0.369, data_time: 0.009, memory: 6342, loss_cls: 0.0448, loss_bbox: 0.1003, loss: 0.1451
2023-02-11 04:46:04,797 - mmdet - INFO - Epoch [6][1800/6207]	lr: 1.000e-03, eta: 1:44:28, time: 0.370, data_time: 0.009, memory: 6342, loss_cls: 0.0405, loss_bbox: 0.1007, loss: 0.1411
2023-02-11 04:47:18,711 - mmdet - INFO - Epoch [6][2000/6207]	lr: 1.000e-03, eta: 1:43:13, time: 0.370, data_time: 0.009, memory: 6342, loss_cls: 0.0351, loss_bbox: 0.0984, loss: 0.1335
2023-02-11 04:48:32,833 - mmdet - INFO - Epoch [6][2200/6207]	lr: 1.000e-03, eta: 1:41:58, time: 0.371, data_time: 0.009, memory: 6342, loss_cls: 0.0332, loss_bbox: 0.0970, loss: 0.1303
2023-02-11 04:49:47,363 - mmdet - INFO - Epoch [6][2400/6207]	lr: 1.000e-03, eta: 1:40:43, time: 0.373, data_time: 0.009, memory: 6342, loss_cls: 0.0378, loss_bbox: 0.0991, loss: 0.1370
2023-02-11 04:51:01,324 - mmdet - INFO - Epoch [6][2600/6207]	lr: 1.000e-03, eta: 1:39:28, time: 0.370, data_time: 0.009, memory: 6342, loss_cls: 0.0354, loss_bbox: 0.0973, loss: 0.1328
2023-02-11 04:52:15,178 - mmdet - INFO - Epoch [6][2800/6207]	lr: 1.000e-03, eta: 1:38:13, time: 0.369, data_time: 0.009, memory: 6342, loss_cls: 0.0344, loss_bbox: 0.0948, loss: 0.1291
2023-02-11 04:53:28,962 - mmdet - INFO - Epoch [6][3000/6207]	lr: 1.000e-03, eta: 1:36:58, time: 0.369, data_time: 0.009, memory: 6342, loss_cls: 0.0322, loss_bbox: 0.0957, loss: 0.1278
2023-02-11 04:54:42,950 - mmdet - INFO - Epoch [6][3200/6207]	lr: 1.000e-03, eta: 1:35:43, time: 0.370, data_time: 0.009, memory: 6342, loss_cls: 0.0336, loss_bbox: 0.0978, loss: 0.1314
2023-02-11 04:55:56,815 - mmdet - INFO - Epoch [6][3400/6207]	lr: 1.000e-03, eta: 1:34:29, time: 0.369, data_time: 0.009, memory: 6342, loss_cls: 0.0305, loss_bbox: 0.0936, loss: 0.1241
2023-02-11 04:57:10,976 - mmdet - INFO - Epoch [6][3600/6207]	lr: 1.000e-03, eta: 1:33:14, time: 0.371, data_time: 0.009, memory: 6342, loss_cls: 0.0322, loss_bbox: 0.0956, loss: 0.1278
2023-02-11 04:58:24,809 - mmdet - INFO - Epoch [6][3800/6207]	lr: 1.000e-03, eta: 1:31:59, time: 0.369, data_time: 0.009, memory: 6342, loss_cls: 0.0342, loss_bbox: 0.0945, loss: 0.1286
2023-02-11 04:59:38,709 - mmdet - INFO - Epoch [6][4000/6207]	lr: 1.000e-03, eta: 1:30:44, time: 0.370, data_time: 0.009, memory: 6342, loss_cls: 0.0334, loss_bbox: 0.0955, loss: 0.1289
2023-02-11 05:00:53,079 - mmdet - INFO - Epoch [6][4200/6207]	lr: 1.000e-03, eta: 1:29:29, time: 0.372, data_time: 0.009, memory: 6342, loss_cls: 0.0313, loss_bbox: 0.0934, loss: 0.1247
2023-02-11 05:02:06,372 - mmdet - INFO - Epoch [6][4400/6207]	lr: 1.000e-03, eta: 1:28:14, time: 0.367, data_time: 0.009, memory: 6342, loss_cls: 0.0331, loss_bbox: 0.0946, loss: 0.1277
2023-02-11 05:03:20,360 - mmdet - INFO - Epoch [6][4600/6207]	lr: 1.000e-03, eta: 1:27:00, time: 0.370, data_time: 0.009, memory: 6342, loss_cls: 0.0342, loss_bbox: 0.0983, loss: 0.1324
2023-02-11 05:04:33,990 - mmdet - INFO - Epoch [6][4800/6207]	lr: 1.000e-03, eta: 1:25:45, time: 0.368, data_time: 0.009, memory: 6342, loss_cls: 0.0308, loss_bbox: 0.0936, loss: 0.1244
2023-02-11 05:05:47,774 - mmdet - INFO - Epoch [6][5000/6207]	lr: 1.000e-03, eta: 1:24:30, time: 0.369, data_time: 0.009, memory: 6342, loss_cls: 0.0321, loss_bbox: 0.0973, loss: 0.1294
2023-02-11 05:07:01,630 - mmdet - INFO - Epoch [6][5200/6207]	lr: 1.000e-03, eta: 1:23:15, time: 0.369, data_time: 0.009, memory: 6342, loss_cls: 0.0309, loss_bbox: 0.0921, loss: 0.1230
2023-02-11 05:08:15,418 - mmdet - INFO - Epoch [6][5400/6207]	lr: 1.000e-03, eta: 1:22:00, time: 0.369, data_time: 0.009, memory: 6342, loss_cls: 0.0312, loss_bbox: 0.0940, loss: 0.1251
2023-02-11 05:09:29,560 - mmdet - INFO - Epoch [6][5600/6207]	lr: 1.000e-03, eta: 1:20:46, time: 0.371, data_time: 0.009, memory: 6342, loss_cls: 0.0371, loss_bbox: 0.0994, loss: 0.1365
2023-02-11 05:10:43,942 - mmdet - INFO - Epoch [6][5800/6207]	lr: 1.000e-03, eta: 1:19:31, time: 0.372, data_time: 0.009, memory: 6342, loss_cls: 0.0311, loss_bbox: 0.0924, loss: 0.1235
2023-02-11 05:11:57,629 - mmdet - INFO - Epoch [6][6000/6207]	lr: 1.000e-03, eta: 1:18:16, time: 0.368, data_time: 0.009, memory: 6342, loss_cls: 0.0329, loss_bbox: 0.0959, loss: 0.1287
2023-02-11 05:13:11,534 - mmdet - INFO - Epoch [6][6200/6207]	lr: 1.000e-03, eta: 1:17:02, time: 0.369, data_time: 0.009, memory: 6342, loss_cls: 0.0302, loss_bbox: 0.0932, loss: 0.1233
2023-02-11 05:13:14,412 - mmdet - INFO - Saving checkpoint at 6 epochs
2023-02-11 05:16:49,677 - mmdet - INFO - 
+-------------+------+-------+--------+-------+
| class       | gts  | dets  | recall | ap    |
+-------------+------+-------+--------+-------+
| aeroplane   | 285  | 1387  | 0.958  | 0.890 |
| bicycle     | 337  | 2274  | 0.967  | 0.878 |
| bird        | 459  | 1766  | 0.948  | 0.865 |
| boat        | 263  | 2926  | 0.951  | 0.759 |
| bottle      | 469  | 3187  | 0.930  | 0.766 |
| bus         | 213  | 1341  | 0.981  | 0.893 |
| car         | 1201 | 5619  | 0.981  | 0.896 |
| cat         | 358  | 1657  | 0.975  | 0.890 |
| chair       | 756  | 6327  | 0.915  | 0.727 |
| cow         | 244  | 1397  | 0.992  | 0.896 |
| diningtable | 206  | 5104  | 0.981  | 0.797 |
| dog         | 489  | 2474  | 0.992  | 0.879 |
| horse       | 348  | 1996  | 0.968  | 0.892 |
| motorbike   | 325  | 2117  | 0.966  | 0.872 |
| person      | 4528 | 15806 | 0.964  | 0.873 |
| pottedplant | 480  | 3978  | 0.873  | 0.618 |
| sheep       | 242  | 1499  | 0.988  | 0.861 |
| sofa        | 239  | 4011  | 0.967  | 0.825 |
| train       | 282  | 1508  | 0.975  | 0.880 |
| tvmonitor   | 308  | 1958  | 0.935  | 0.855 |
+-------------+------+-------+--------+-------+
| mAP         |      |       |        | 0.841 |
+-------------+------+-------+--------+-------+
2023-02-11 05:16:49,741 - mmdet - INFO - Exp name: retinanet_r50_fpn_mstrain_640-800_voc.py
2023-02-11 05:16:49,742 - mmdet - INFO - Epoch(val) [6][4952]	mAP: 0.8406, AP50: 0.8410
2023-02-11 05:18:12,201 - mmdet - INFO - Epoch [7][200/6207]	lr: 1.000e-03, eta: 1:15:47, time: 0.412, data_time: 0.051, memory: 6342, loss_cls: 0.0273, loss_bbox: 0.0902, loss: 0.1175
2023-02-11 05:19:26,476 - mmdet - INFO - Epoch [7][400/6207]	lr: 1.000e-03, eta: 1:14:33, time: 0.371, data_time: 0.009, memory: 6342, loss_cls: 0.0263, loss_bbox: 0.0881, loss: 0.1144
2023-02-11 05:20:40,627 - mmdet - INFO - Epoch [7][600/6207]	lr: 1.000e-03, eta: 1:13:18, time: 0.371, data_time: 0.009, memory: 6342, loss_cls: 0.0271, loss_bbox: 0.0896, loss: 0.1167
2023-02-11 05:21:55,004 - mmdet - INFO - Epoch [7][800/6207]	lr: 1.000e-03, eta: 1:12:03, time: 0.372, data_time: 0.009, memory: 6342, loss_cls: 0.0274, loss_bbox: 0.0910, loss: 0.1183
2023-02-11 05:23:08,590 - mmdet - INFO - Epoch [7][1000/6207]	lr: 1.000e-03, eta: 1:10:49, time: 0.368, data_time: 0.009, memory: 6342, loss_cls: 0.0467, loss_bbox: 0.0961, loss: 0.1427
2023-02-11 05:24:23,185 - mmdet - INFO - Epoch [7][1200/6207]	lr: 1.000e-03, eta: 1:09:34, time: 0.373, data_time: 0.009, memory: 6342, loss_cls: 0.0378, loss_bbox: 0.0938, loss: 0.1316
2023-02-11 05:25:37,214 - mmdet - INFO - Epoch [7][1400/6207]	lr: 1.000e-03, eta: 1:08:20, time: 0.370, data_time: 0.009, memory: 6342, loss_cls: 0.0322, loss_bbox: 0.0914, loss: 0.1236
2023-02-11 05:26:51,399 - mmdet - INFO - Epoch [7][1600/6207]	lr: 1.000e-03, eta: 1:07:05, time: 0.371, data_time: 0.009, memory: 6342, loss_cls: 0.0299, loss_bbox: 0.0926, loss: 0.1225
2023-02-11 05:28:05,650 - mmdet - INFO - Epoch [7][1800/6207]	lr: 1.000e-03, eta: 1:05:51, time: 0.371, data_time: 0.009, memory: 6342, loss_cls: 0.0294, loss_bbox: 0.0907, loss: 0.1202
2023-02-11 05:29:19,864 - mmdet - INFO - Epoch [7][2000/6207]	lr: 1.000e-03, eta: 1:04:36, time: 0.371, data_time: 0.009, memory: 6342, loss_cls: 0.0278, loss_bbox: 0.0913, loss: 0.1191
2023-02-11 05:30:34,069 - mmdet - INFO - Epoch [7][2200/6207]	lr: 1.000e-03, eta: 1:03:21, time: 0.371, data_time: 0.009, memory: 6342, loss_cls: 0.0295, loss_bbox: 0.0908, loss: 0.1203
2023-02-11 05:31:47,714 - mmdet - INFO - Epoch [7][2400/6207]	lr: 1.000e-03, eta: 1:02:07, time: 0.368, data_time: 0.009, memory: 6342, loss_cls: 0.0267, loss_bbox: 0.0924, loss: 0.1192
2023-02-11 05:33:01,823 - mmdet - INFO - Epoch [7][2600/6207]	lr: 1.000e-03, eta: 1:00:52, time: 0.370, data_time: 0.009, memory: 6342, loss_cls: 0.0274, loss_bbox: 0.0894, loss: 0.1168
2023-02-11 05:34:15,879 - mmdet - INFO - Epoch [7][2800/6207]	lr: 1.000e-03, eta: 0:59:38, time: 0.370, data_time: 0.009, memory: 6342, loss_cls: 0.0283, loss_bbox: 0.0896, loss: 0.1179
2023-02-11 05:35:29,349 - mmdet - INFO - Epoch [7][3000/6207]	lr: 1.000e-03, eta: 0:58:23, time: 0.367, data_time: 0.009, memory: 6342, loss_cls: 0.0258, loss_bbox: 0.0880, loss: 0.1138
2023-02-11 05:36:43,249 - mmdet - INFO - Epoch [7][3200/6207]	lr: 1.000e-03, eta: 0:57:08, time: 0.370, data_time: 0.009, memory: 6342, loss_cls: 0.0285, loss_bbox: 0.0896, loss: 0.1181
2023-02-11 05:37:57,114 - mmdet - INFO - Epoch [7][3400/6207]	lr: 1.000e-03, eta: 0:55:54, time: 0.369, data_time: 0.009, memory: 6342, loss_cls: 0.0255, loss_bbox: 0.0863, loss: 0.1118
2023-02-11 05:39:10,987 - mmdet - INFO - Epoch [7][3600/6207]	lr: 1.000e-03, eta: 0:54:39, time: 0.369, data_time: 0.009, memory: 6342, loss_cls: 0.0251, loss_bbox: 0.0878, loss: 0.1128
2023-02-11 05:40:25,448 - mmdet - INFO - Epoch [7][3800/6207]	lr: 1.000e-03, eta: 0:53:25, time: 0.372, data_time: 0.009, memory: 6342, loss_cls: 0.0252, loss_bbox: 0.0866, loss: 0.1118
2023-02-11 05:41:39,432 - mmdet - INFO - Epoch [7][4000/6207]	lr: 1.000e-03, eta: 0:52:10, time: 0.370, data_time: 0.009, memory: 6342, loss_cls: 0.0268, loss_bbox: 0.0906, loss: 0.1174
2023-02-11 05:42:53,041 - mmdet - INFO - Epoch [7][4200/6207]	lr: 1.000e-03, eta: 0:50:55, time: 0.368, data_time: 0.009, memory: 6342, loss_cls: 0.0264, loss_bbox: 0.0887, loss: 0.1151
2023-02-11 05:44:07,164 - mmdet - INFO - Epoch [7][4400/6207]	lr: 1.000e-03, eta: 0:49:41, time: 0.371, data_time: 0.009, memory: 6342, loss_cls: 0.0256, loss_bbox: 0.0891, loss: 0.1146
2023-02-11 05:45:20,553 - mmdet - INFO - Epoch [7][4600/6207]	lr: 1.000e-03, eta: 0:48:26, time: 0.367, data_time: 0.009, memory: 6342, loss_cls: 0.0238, loss_bbox: 0.0862, loss: 0.1100
2023-02-11 05:46:34,936 - mmdet - INFO - Epoch [7][4800/6207]	lr: 1.000e-03, eta: 0:47:12, time: 0.372, data_time: 0.009, memory: 6342, loss_cls: 0.0257, loss_bbox: 0.0910, loss: 0.1167
2023-02-11 05:47:48,924 - mmdet - INFO - Epoch [7][5000/6207]	lr: 1.000e-03, eta: 0:45:57, time: 0.370, data_time: 0.009, memory: 6342, loss_cls: 0.0242, loss_bbox: 0.0892, loss: 0.1134
2023-02-11 05:49:02,721 - mmdet - INFO - Epoch [7][5200/6207]	lr: 1.000e-03, eta: 0:44:43, time: 0.369, data_time: 0.009, memory: 6342, loss_cls: 0.0241, loss_bbox: 0.0872, loss: 0.1113
2023-02-11 05:50:16,588 - mmdet - INFO - Epoch [7][5400/6207]	lr: 1.000e-03, eta: 0:43:28, time: 0.369, data_time: 0.009, memory: 6342, loss_cls: 0.0233, loss_bbox: 0.0869, loss: 0.1102
2023-02-11 05:51:30,512 - mmdet - INFO - Epoch [7][5600/6207]	lr: 1.000e-03, eta: 0:42:14, time: 0.370, data_time: 0.009, memory: 6342, loss_cls: 0.0247, loss_bbox: 0.0892, loss: 0.1139
2023-02-11 05:52:44,344 - mmdet - INFO - Epoch [7][5800/6207]	lr: 1.000e-03, eta: 0:40:59, time: 0.369, data_time: 0.009, memory: 6342, loss_cls: 0.0234, loss_bbox: 0.0851, loss: 0.1085
2023-02-11 05:53:58,061 - mmdet - INFO - Epoch [7][6000/6207]	lr: 1.000e-03, eta: 0:39:45, time: 0.369, data_time: 0.009, memory: 6342, loss_cls: 0.0234, loss_bbox: 0.0862, loss: 0.1096
2023-02-11 05:55:12,248 - mmdet - INFO - Epoch [7][6200/6207]	lr: 1.000e-03, eta: 0:38:30, time: 0.371, data_time: 0.009, memory: 6342, loss_cls: 0.0235, loss_bbox: 0.0853, loss: 0.1088
2023-02-11 05:55:15,195 - mmdet - INFO - Saving checkpoint at 7 epochs
2023-02-11 05:58:50,917 - mmdet - INFO - 
+-------------+------+-------+--------+-------+
| class       | gts  | dets  | recall | ap    |
+-------------+------+-------+--------+-------+
| aeroplane   | 285  | 1271  | 0.965  | 0.896 |
| bicycle     | 337  | 1822  | 0.967  | 0.888 |
| bird        | 459  | 1371  | 0.928  | 0.853 |
| boat        | 263  | 2481  | 0.935  | 0.768 |
| bottle      | 469  | 3250  | 0.934  | 0.776 |
| bus         | 213  | 1268  | 0.986  | 0.893 |
| car         | 1201 | 4786  | 0.980  | 0.898 |
| cat         | 358  | 1495  | 0.975  | 0.895 |
| chair       | 756  | 5649  | 0.907  | 0.725 |
| cow         | 244  | 1321  | 0.992  | 0.893 |
| diningtable | 206  | 4403  | 0.976  | 0.803 |
| dog         | 489  | 2258  | 0.982  | 0.880 |
| horse       | 348  | 1840  | 0.971  | 0.893 |
| motorbike   | 325  | 2089  | 0.966  | 0.870 |
| person      | 4528 | 15107 | 0.959  | 0.872 |
| pottedplant | 480  | 3276  | 0.854  | 0.624 |
| sheep       | 242  | 1239  | 0.983  | 0.869 |
| sofa        | 239  | 3156  | 0.983  | 0.836 |
| train       | 282  | 1306  | 0.968  | 0.878 |
| tvmonitor   | 308  | 1420  | 0.932  | 0.848 |
+-------------+------+-------+--------+-------+
| mAP         |      |       |        | 0.843 |
+-------------+------+-------+--------+-------+
2023-02-11 05:58:50,980 - mmdet - INFO - Exp name: retinanet_r50_fpn_mstrain_640-800_voc.py
2023-02-11 05:58:50,981 - mmdet - INFO - Epoch(val) [7][4952]	mAP: 0.8429, AP50: 0.8430
2023-02-11 06:00:13,517 - mmdet - INFO - Epoch [8][200/6207]	lr: 1.000e-03, eta: 0:37:14, time: 0.412, data_time: 0.050, memory: 6342, loss_cls: 0.0229, loss_bbox: 0.0842, loss: 0.1071
2023-02-11 06:01:27,909 - mmdet - INFO - Epoch [8][400/6207]	lr: 1.000e-03, eta: 0:36:00, time: 0.372, data_time: 0.009, memory: 6342, loss_cls: 0.0212, loss_bbox: 0.0818, loss: 0.1030
2023-02-11 06:02:41,976 - mmdet - INFO - Epoch [8][600/6207]	lr: 1.000e-03, eta: 0:34:46, time: 0.370, data_time: 0.009, memory: 6342, loss_cls: 0.0211, loss_bbox: 0.0839, loss: 0.1050
2023-02-11 06:03:55,558 - mmdet - INFO - Epoch [8][800/6207]	lr: 1.000e-03, eta: 0:33:31, time: 0.368, data_time: 0.009, memory: 6342, loss_cls: 0.0217, loss_bbox: 0.0833, loss: 0.1050
2023-02-11 06:05:09,890 - mmdet - INFO - Epoch [8][1000/6207]	lr: 1.000e-03, eta: 0:32:17, time: 0.372, data_time: 0.009, memory: 6342, loss_cls: 0.0218, loss_bbox: 0.0850, loss: 0.1068
2023-02-11 06:06:24,255 - mmdet - INFO - Epoch [8][1200/6207]	lr: 1.000e-03, eta: 0:31:02, time: 0.372, data_time: 0.009, memory: 6342, loss_cls: 0.0207, loss_bbox: 0.0810, loss: 0.1017
2023-02-11 06:07:38,260 - mmdet - INFO - Epoch [8][1400/6207]	lr: 1.000e-03, eta: 0:29:48, time: 0.370, data_time: 0.009, memory: 6342, loss_cls: 0.0218, loss_bbox: 0.0824, loss: 0.1042
2023-02-11 06:08:52,520 - mmdet - INFO - Epoch [8][1600/6207]	lr: 1.000e-03, eta: 0:28:33, time: 0.371, data_time: 0.009, memory: 6342, loss_cls: 0.0224, loss_bbox: 0.0818, loss: 0.1042
2023-02-11 06:10:06,600 - mmdet - INFO - Epoch [8][1800/6207]	lr: 1.000e-03, eta: 0:27:19, time: 0.370, data_time: 0.009, memory: 6342, loss_cls: 0.0211, loss_bbox: 0.0823, loss: 0.1033
2023-02-11 06:11:19,851 - mmdet - INFO - Epoch [8][2000/6207]	lr: 1.000e-03, eta: 0:26:04, time: 0.366, data_time: 0.009, memory: 6342, loss_cls: 0.0216, loss_bbox: 0.0833, loss: 0.1049
2023-02-11 06:12:33,374 - mmdet - INFO - Epoch [8][2200/6207]	lr: 1.000e-03, eta: 0:24:50, time: 0.368, data_time: 0.009, memory: 6342, loss_cls: 0.0206, loss_bbox: 0.0823, loss: 0.1029
2023-02-11 06:13:47,349 - mmdet - INFO - Epoch [8][2400/6207]	lr: 1.000e-03, eta: 0:23:35, time: 0.370, data_time: 0.009, memory: 6342, loss_cls: 0.0218, loss_bbox: 0.0852, loss: 0.1071
2023-02-11 06:15:01,514 - mmdet - INFO - Epoch [8][2600/6207]	lr: 1.000e-03, eta: 0:22:21, time: 0.371, data_time: 0.009, memory: 6342, loss_cls: 0.0210, loss_bbox: 0.0828, loss: 0.1038
2023-02-11 06:16:15,632 - mmdet - INFO - Epoch [8][2800/6207]	lr: 1.000e-03, eta: 0:21:07, time: 0.371, data_time: 0.009, memory: 6342, loss_cls: 0.0203, loss_bbox: 0.0828, loss: 0.1032
2023-02-11 06:17:29,743 - mmdet - INFO - Epoch [8][3000/6207]	lr: 1.000e-03, eta: 0:19:52, time: 0.371, data_time: 0.009, memory: 6342, loss_cls: 0.0198, loss_bbox: 0.0822, loss: 0.1019
2023-02-11 06:18:43,882 - mmdet - INFO - Epoch [8][3200/6207]	lr: 1.000e-03, eta: 0:18:38, time: 0.371, data_time: 0.009, memory: 6342, loss_cls: 0.0207, loss_bbox: 0.0808, loss: 0.1015
2023-02-11 06:19:57,243 - mmdet - INFO - Epoch [8][3400/6207]	lr: 1.000e-03, eta: 0:17:23, time: 0.367, data_time: 0.009, memory: 6342, loss_cls: 0.0197, loss_bbox: 0.0823, loss: 0.1020
2023-02-11 06:21:11,102 - mmdet - INFO - Epoch [8][3600/6207]	lr: 1.000e-03, eta: 0:16:09, time: 0.369, data_time: 0.009, memory: 6342, loss_cls: 0.0205, loss_bbox: 0.0845, loss: 0.1049
2023-02-11 06:22:25,037 - mmdet - INFO - Epoch [8][3800/6207]	lr: 1.000e-03, eta: 0:14:54, time: 0.370, data_time: 0.009, memory: 6342, loss_cls: 0.0222, loss_bbox: 0.0819, loss: 0.1041
2023-02-11 06:23:38,731 - mmdet - INFO - Epoch [8][4000/6207]	lr: 1.000e-03, eta: 0:13:40, time: 0.368, data_time: 0.009, memory: 6342, loss_cls: 0.0208, loss_bbox: 0.0826, loss: 0.1034
2023-02-11 06:24:52,870 - mmdet - INFO - Epoch [8][4200/6207]	lr: 1.000e-03, eta: 0:12:26, time: 0.371, data_time: 0.009, memory: 6342, loss_cls: 0.0276, loss_bbox: 0.0848, loss: 0.1124
2023-02-11 06:26:06,528 - mmdet - INFO - Epoch [8][4400/6207]	lr: 1.000e-03, eta: 0:11:11, time: 0.368, data_time: 0.009, memory: 6342, loss_cls: 0.0212, loss_bbox: 0.0825, loss: 0.1037
2023-02-11 06:27:20,568 - mmdet - INFO - Epoch [8][4600/6207]	lr: 1.000e-03, eta: 0:09:57, time: 0.370, data_time: 0.009, memory: 6342, loss_cls: 0.0204, loss_bbox: 0.0825, loss: 0.1029
2023-02-11 06:28:34,518 - mmdet - INFO - Epoch [8][4800/6207]	lr: 1.000e-03, eta: 0:08:43, time: 0.370, data_time: 0.009, memory: 6342, loss_cls: 0.0223, loss_bbox: 0.0842, loss: 0.1065
2023-02-11 06:29:48,682 - mmdet - INFO - Epoch [8][5000/6207]	lr: 1.000e-03, eta: 0:07:28, time: 0.371, data_time: 0.009, memory: 6342, loss_cls: 0.0217, loss_bbox: 0.0829, loss: 0.1046
2023-02-11 06:31:02,358 - mmdet - INFO - Epoch [8][5200/6207]	lr: 1.000e-03, eta: 0:06:14, time: 0.368, data_time: 0.009, memory: 6342, loss_cls: 0.0221, loss_bbox: 0.0842, loss: 0.1063
2023-02-11 06:32:16,158 - mmdet - INFO - Epoch [8][5400/6207]	lr: 1.000e-03, eta: 0:04:59, time: 0.369, data_time: 0.009, memory: 6342, loss_cls: 0.0221, loss_bbox: 0.0824, loss: 0.1045
2023-02-11 06:33:29,673 - mmdet - INFO - Epoch [8][5600/6207]	lr: 1.000e-03, eta: 0:03:45, time: 0.368, data_time: 0.009, memory: 6342, loss_cls: 0.0196, loss_bbox: 0.0803, loss: 0.0999
2023-02-11 06:34:43,498 - mmdet - INFO - Epoch [8][5800/6207]	lr: 1.000e-03, eta: 0:02:31, time: 0.369, data_time: 0.009, memory: 6342, loss_cls: 0.0365, loss_bbox: 0.0853, loss: 0.1218
2023-02-11 06:35:57,559 - mmdet - INFO - Epoch [8][6000/6207]	lr: 1.000e-03, eta: 0:01:16, time: 0.370, data_time: 0.009, memory: 6342, loss_cls: 0.0239, loss_bbox: 0.0819, loss: 0.1058
2023-02-11 06:37:11,690 - mmdet - INFO - Epoch [8][6200/6207]	lr: 1.000e-03, eta: 0:00:02, time: 0.371, data_time: 0.009, memory: 6342, loss_cls: 0.0209, loss_bbox: 0.0816, loss: 0.1025
2023-02-11 06:37:14,624 - mmdet - INFO - Saving checkpoint at 8 epochs
2023-02-11 06:40:51,392 - mmdet - INFO - 
+-------------+------+-------+--------+-------+
| class       | gts  | dets  | recall | ap    |
+-------------+------+-------+--------+-------+
| aeroplane   | 285  | 1009  | 0.958  | 0.896 |
| bicycle     | 337  | 1885  | 0.967  | 0.886 |
| bird        | 459  | 1488  | 0.941  | 0.854 |
| boat        | 263  | 1895  | 0.935  | 0.784 |
| bottle      | 469  | 3909  | 0.942  | 0.766 |
| bus         | 213  | 1024  | 0.981  | 0.894 |
| car         | 1201 | 4088  | 0.982  | 0.899 |
| cat         | 358  | 1698  | 0.972  | 0.894 |
| chair       | 756  | 5994  | 0.911  | 0.727 |
| cow         | 244  | 1017  | 0.988  | 0.898 |
| diningtable | 206  | 4389  | 0.981  | 0.797 |
| dog         | 489  | 2250  | 0.990  | 0.878 |
| horse       | 348  | 1664  | 0.971  | 0.894 |
| motorbike   | 325  | 1998  | 0.975  | 0.876 |
| person      | 4528 | 12806 | 0.955  | 0.871 |
| pottedplant | 480  | 3717  | 0.867  | 0.637 |
| sheep       | 242  | 1505  | 0.967  | 0.865 |
| sofa        | 239  | 2929  | 0.979  | 0.824 |
| train       | 282  | 1260  | 0.979  | 0.873 |
| tvmonitor   | 308  | 1717  | 0.925  | 0.854 |
+-------------+------+-------+--------+-------+
| mAP         |      |       |        | 0.843 |
+-------------+------+-------+--------+-------+
2023-02-11 06:40:51,454 - mmdet - INFO - Exp name: retinanet_r50_fpn_mstrain_640-800_voc.py
2023-02-11 06:40:51,455 - mmdet - INFO - Epoch(val) [8][4952]	mAP: 0.8433, AP50: 0.8430
