2023/02/13 23:47:26 - mmengine - INFO - 
------------------------------------------------------------
System environment:
    sys.platform: win32
    Python: 3.10.9 | packaged by conda-forge | (main, Jan 11 2023, 15:15:40) [MSC v.1916 64 bit (AMD64)]
    CUDA available: True
    numpy_random_seed: 1510044947
    GPU 0: NVIDIA GeForce RTX 3080
    CUDA_HOME: C:\Program Files\NVIDIA GPU Computing Toolkit\CUDA\v11.7
    NVCC: Cuda compilation tools, release 11.7, V11.7.99
    MSVC: Microsoft(R) C/C++ Optimizing Compiler Version 19.29.30038.1 for x64
    GCC: n/a
    PyTorch: 1.13.1
    PyTorch compiling details: PyTorch built with:
  - C++ Version: 199711
  - MSVC 192829337
  - Intel(R) Math Kernel Library Version 2020.0.2 Product Build 20200624 for Intel(R) 64 architecture applications
  - Intel(R) MKL-DNN v2.6.0 (Git Hash 52b5f107dd9cf10910aaa19cb47f3abf9b349815)
  - OpenMP 2019
  - LAPACK is enabled (usually provided by MKL)
  - CPU capability usage: AVX2
  - CUDA Runtime 11.7
  - NVCC architecture flags: -gencode;arch=compute_37,code=sm_37;-gencode;arch=compute_50,code=sm_50;-gencode;arch=compute_60,code=sm_60;-gencode;arch=compute_61,code=sm_61;-gencode;arch=compute_70,code=sm_70;-gencode;arch=compute_75,code=sm_75;-gencode;arch=compute_80,code=sm_80;-gencode;arch=compute_86,code=sm_86;-gencode;arch=compute_37,code=compute_37
  - CuDNN 8.5
  - Magma 2.5.4
  - Build settings: BLAS_INFO=mkl, BUILD_TYPE=Release, CUDA_VERSION=11.7, CUDNN_VERSION=8.5.0, CXX_COMPILER=C:/cb/pytorch_1000000000000/work/tmp_bin/sccache-cl.exe, CXX_FLAGS=/DWIN32 /D_WINDOWS /GR /EHsc /w /bigobj -DUSE_PTHREADPOOL -openmp:experimental -IC:/cb/pytorch_1000000000000/work/mkl/include -DNDEBUG -DUSE_KINETO -DLIBKINETO_NOCUPTI -DUSE_FBGEMM -DUSE_XNNPACK -DSYMBOLICATE_MOBILE_DEBUG_HANDLE -DEDGE_PROFILER_USE_KINETO, LAPACK_INFO=mkl, PERF_WITH_AVX=1, PERF_WITH_AVX2=1, PERF_WITH_AVX512=1, TORCH_VERSION=1.13.1, USE_CUDA=ON, USE_CUDNN=ON, USE_EXCEPTION_PTR=1, USE_GFLAGS=OFF, USE_GLOG=OFF, USE_MKL=ON, USE_MKLDNN=ON, USE_MPI=OFF, USE_NCCL=OFF, USE_NNPACK=OFF, USE_OPENMP=ON, USE_ROCM=OFF, 

    TorchVision: 0.14.1
    OpenCV: 4.7.0
    MMEngine: 0.5.0

Runtime environment:
    cudnn_benchmark: True
    mp_cfg: {'mp_start_method': 'fork', 'opencv_num_threads': 0}
    dist_cfg: {'backend': 'nccl'}
    seed: None
    Distributed launcher: none
    Distributed training: False
    GPU number: 1
------------------------------------------------------------

2023/02/13 23:47:26 - mmengine - INFO - Config:
norm_cfg = dict(type='BN', requires_grad=True, momentum=0.01)
data_preprocessor = dict(
    type='SegDataPreProcessor',
    mean=[123.675, 116.28, 103.53],
    std=[58.395, 57.12, 57.375],
    bgr_to_rgb=True,
    pad_val=0,
    seg_pad_val=255,
    size=(512, 512))
model = dict(
    type='EncoderDecoder',
    data_preprocessor=dict(
        type='SegDataPreProcessor',
        mean=[123.675, 116.28, 103.53],
        std=[58.395, 57.12, 57.375],
        bgr_to_rgb=True,
        pad_val=0,
        seg_pad_val=255,
        size=(512, 512)),
    backbone=dict(
        type='FastSCNN',
        downsample_dw_channels=(32, 48),
        global_in_channels=64,
        global_block_channels=(64, 96, 128),
        global_block_strides=(2, 2, 1),
        global_out_channels=128,
        higher_in_channels=64,
        lower_in_channels=128,
        fusion_out_channels=128,
        out_indices=(0, 1, 2),
        norm_cfg=dict(type='SyncBN', requires_grad=True, momentum=0.01),
        align_corners=False),
    decode_head=dict(
        type='DepthwiseSeparableFCNHead',
        in_channels=128,
        channels=128,
        concat_input=False,
        num_classes=21,
        in_index=-1,
        norm_cfg=dict(type='SyncBN', requires_grad=True, momentum=0.01),
        align_corners=False,
        loss_decode=dict(
            type='CrossEntropyLoss', use_sigmoid=True, loss_weight=1)),
    auxiliary_head=[
        dict(
            type='FCNHead',
            in_channels=128,
            channels=32,
            num_convs=1,
            num_classes=21,
            in_index=-2,
            norm_cfg=dict(type='BN', requires_grad=True, momentum=0.01),
            concat_input=False,
            align_corners=False,
            loss_decode=dict(
                type='CrossEntropyLoss', use_sigmoid=True, loss_weight=0.4)),
        dict(
            type='FCNHead',
            in_channels=64,
            channels=32,
            num_convs=1,
            num_classes=21,
            in_index=-3,
            norm_cfg=dict(type='BN', requires_grad=True, momentum=0.01),
            concat_input=False,
            align_corners=False,
            loss_decode=dict(
                type='CrossEntropyLoss', use_sigmoid=True, loss_weight=0.4))
    ],
    train_cfg=dict(),
    test_cfg=dict(mode='whole'))
dataset_type = 'PascalVOCDataset'
data_root = 'data/VOCdevkit/VOC2012'
crop_size = (512, 512)
train_pipeline = [
    dict(type='LoadImageFromFile'),
    dict(type='LoadAnnotations'),
    dict(
        type='RandomResize',
        scale=(2048, 512),
        ratio_range=(0.5, 2.0),
        keep_ratio=True),
    dict(type='RandomCrop', crop_size=(512, 512), cat_max_ratio=0.75),
    dict(type='RandomFlip', prob=0.5),
    dict(type='PhotoMetricDistortion'),
    dict(type='PackSegInputs')
]
test_pipeline = [
    dict(type='LoadImageFromFile'),
    dict(type='Resize', scale=(2048, 512), keep_ratio=True),
    dict(type='LoadAnnotations'),
    dict(type='PackSegInputs')
]
img_ratios = [0.5, 0.75, 1.0, 1.25, 1.5, 1.75]
tta_pipeline = [
    dict(type='LoadImageFromFile', backend_args=dict(backend='local')),
    dict(
        type='TestTimeAug',
        transforms=[[{
            'type': 'Resize',
            'scale_factor': 0.5,
            'keep_ratio': True
        }, {
            'type': 'Resize',
            'scale_factor': 0.75,
            'keep_ratio': True
        }, {
            'type': 'Resize',
            'scale_factor': 1.0,
            'keep_ratio': True
        }, {
            'type': 'Resize',
            'scale_factor': 1.25,
            'keep_ratio': True
        }, {
            'type': 'Resize',
            'scale_factor': 1.5,
            'keep_ratio': True
        }, {
            'type': 'Resize',
            'scale_factor': 1.75,
            'keep_ratio': True
        }],
                    [{
                        'type': 'RandomFlip',
                        'prob': 0.0,
                        'direction': 'horizontal'
                    }, {
                        'type': 'RandomFlip',
                        'prob': 1.0,
                        'direction': 'horizontal'
                    }], [{
                        'type': 'LoadAnnotations'
                    }], [{
                        'type': 'PackSegInputs'
                    }]])
]
train_dataloader = dict(
    batch_size=4,
    num_workers=4,
    persistent_workers=True,
    sampler=dict(type='InfiniteSampler', shuffle=True),
    dataset=dict(
        type='PascalVOCDataset',
        data_root='data/VOCdevkit/VOC2012',
        data_prefix=dict(
            img_path='JPEGImages', seg_map_path='SegmentationClass'),
        ann_file='ImageSets/Segmentation/train.txt',
        pipeline=[
            dict(type='LoadImageFromFile'),
            dict(type='LoadAnnotations'),
            dict(
                type='RandomResize',
                scale=(2048, 512),
                ratio_range=(0.5, 2.0),
                keep_ratio=True),
            dict(type='RandomCrop', crop_size=(512, 512), cat_max_ratio=0.75),
            dict(type='RandomFlip', prob=0.5),
            dict(type='PhotoMetricDistortion'),
            dict(type='PackSegInputs')
        ]))
val_dataloader = dict(
    batch_size=1,
    num_workers=4,
    persistent_workers=True,
    sampler=dict(type='DefaultSampler', shuffle=False),
    dataset=dict(
        type='PascalVOCDataset',
        data_root='data/VOCdevkit/VOC2012',
        data_prefix=dict(
            img_path='JPEGImages', seg_map_path='SegmentationClass'),
        ann_file='ImageSets/Segmentation/val.txt',
        pipeline=[
            dict(type='LoadImageFromFile'),
            dict(type='Resize', scale=(2048, 512), keep_ratio=True),
            dict(type='LoadAnnotations'),
            dict(type='PackSegInputs')
        ]))
test_dataloader = dict(
    batch_size=1,
    num_workers=4,
    persistent_workers=True,
    sampler=dict(type='DefaultSampler', shuffle=False),
    dataset=dict(
        type='PascalVOCDataset',
        data_root='data/VOCdevkit/VOC2012',
        data_prefix=dict(
            img_path='JPEGImages', seg_map_path='SegmentationClass'),
        ann_file='ImageSets/Segmentation/val.txt',
        pipeline=[
            dict(type='LoadImageFromFile'),
            dict(type='Resize', scale=(2048, 512), keep_ratio=True),
            dict(type='LoadAnnotations'),
            dict(type='PackSegInputs')
        ]))
val_evaluator = dict(type='IoUMetric', iou_metrics=['mIoU'])
test_evaluator = dict(type='IoUMetric', iou_metrics=['mIoU'])
default_scope = 'mmseg'
env_cfg = dict(
    cudnn_benchmark=True,
    mp_cfg=dict(mp_start_method='fork', opencv_num_threads=0),
    dist_cfg=dict(backend='nccl'))
vis_backends = [dict(type='LocalVisBackend')]
visualizer = dict(
    type='SegLocalVisualizer',
    vis_backends=[dict(type='LocalVisBackend')],
    name='visualizer')
log_processor = dict(by_epoch=False)
log_level = 'INFO'
load_from = None
resume = True
tta_model = dict(type='SegTTAModel')
optimizer = dict(type='SGD', lr=0.1, momentum=0.9, weight_decay=4e-05)
optim_wrapper = dict(
    type='OptimWrapper',
    optimizer=dict(type='SGD', lr=0.1, momentum=0.9, weight_decay=4e-05),
    clip_grad=None)
param_scheduler = [
    dict(
        type='PolyLR',
        eta_min=0.0001,
        power=0.9,
        begin=0,
        end=20000,
        by_epoch=False)
]
train_cfg = dict(type='IterBasedTrainLoop', max_iters=40000, val_interval=2000)
val_cfg = dict(type='ValLoop')
test_cfg = dict(type='TestLoop')
default_hooks = dict(
    timer=dict(type='IterTimerHook'),
    logger=dict(type='LoggerHook', interval=200, log_metric_by_epoch=False),
    param_scheduler=dict(type='ParamSchedulerHook'),
    checkpoint=dict(type='CheckpointHook', by_epoch=False, interval=2000),
    sampler_seed=dict(type='DistSamplerSeedHook'),
    visualization=dict(type='SegVisualizationHook'))
launcher = 'none'
work_dir = './work_dirs/advanced'

2023/02/13 23:47:26 - mmengine - WARNING - The "visualizer" registry in mmseg did not set import location. Fallback to call `mmseg.utils.register_all_modules` instead.
2023/02/13 23:47:26 - mmengine - WARNING - The "vis_backend" registry in mmseg did not set import location. Fallback to call `mmseg.utils.register_all_modules` instead.
2023/02/13 23:47:27 - mmengine - WARNING - The "model" registry in mmseg did not set import location. Fallback to call `mmseg.utils.register_all_modules` instead.
2023/02/13 23:47:27 - mmengine - INFO - Distributed training is not used, all SyncBatchNorm (SyncBN) layers in the model will be automatically reverted to BatchNormXd layers if they are used.
2023/02/13 23:47:27 - mmengine - WARNING - The "hook" registry in mmseg did not set import location. Fallback to call `mmseg.utils.register_all_modules` instead.
2023/02/13 23:47:27 - mmengine - INFO - Hooks will be executed in the following order:
before_run:
(VERY_HIGH   ) RuntimeInfoHook                    
(BELOW_NORMAL) LoggerHook                         
 -------------------- 
before_train:
(VERY_HIGH   ) RuntimeInfoHook                    
(NORMAL      ) IterTimerHook                      
(VERY_LOW    ) CheckpointHook                     
 -------------------- 
before_train_epoch:
(VERY_HIGH   ) RuntimeInfoHook                    
(NORMAL      ) IterTimerHook                      
(NORMAL      ) DistSamplerSeedHook                
 -------------------- 
before_train_iter:
(VERY_HIGH   ) RuntimeInfoHook                    
(NORMAL      ) IterTimerHook                      
 -------------------- 
after_train_iter:
(VERY_HIGH   ) RuntimeInfoHook                    
(NORMAL      ) IterTimerHook                      
(NORMAL      ) SegVisualizationHook               
(BELOW_NORMAL) LoggerHook                         
(LOW         ) ParamSchedulerHook                 
(VERY_LOW    ) CheckpointHook                     
 -------------------- 
after_train_epoch:
(NORMAL      ) IterTimerHook                      
(LOW         ) ParamSchedulerHook                 
(VERY_LOW    ) CheckpointHook                     
 -------------------- 
before_val_epoch:
(NORMAL      ) IterTimerHook                      
 -------------------- 
before_val_iter:
(NORMAL      ) IterTimerHook                      
 -------------------- 
after_val_iter:
(NORMAL      ) IterTimerHook                      
(NORMAL      ) SegVisualizationHook               
(BELOW_NORMAL) LoggerHook                         
 -------------------- 
after_val_epoch:
(VERY_HIGH   ) RuntimeInfoHook                    
(NORMAL      ) IterTimerHook                      
(BELOW_NORMAL) LoggerHook                         
(LOW         ) ParamSchedulerHook                 
(VERY_LOW    ) CheckpointHook                     
 -------------------- 
before_test_epoch:
(NORMAL      ) IterTimerHook                      
 -------------------- 
before_test_iter:
(NORMAL      ) IterTimerHook                      
 -------------------- 
after_test_iter:
(NORMAL      ) IterTimerHook                      
(NORMAL      ) SegVisualizationHook               
(BELOW_NORMAL) LoggerHook                         
 -------------------- 
after_test_epoch:
(VERY_HIGH   ) RuntimeInfoHook                    
(NORMAL      ) IterTimerHook                      
(BELOW_NORMAL) LoggerHook                         
 -------------------- 
after_run:
(BELOW_NORMAL) LoggerHook                         
 -------------------- 
2023/02/13 23:47:28 - mmengine - WARNING - The "loop" registry in mmseg did not set import location. Fallback to call `mmseg.utils.register_all_modules` instead.
2023/02/13 23:47:28 - mmengine - WARNING - The "dataset" registry in mmseg did not set import location. Fallback to call `mmseg.utils.register_all_modules` instead.
2023/02/13 23:47:28 - mmengine - WARNING - The "transform" registry in mmseg did not set import location. Fallback to call `mmseg.utils.register_all_modules` instead.
2023/02/13 23:47:28 - mmengine - WARNING - The "data sampler" registry in mmseg did not set import location. Fallback to call `mmseg.utils.register_all_modules` instead.
2023/02/13 23:47:36 - mmengine - WARNING - The "optimizer wrapper constructor" registry in mmseg did not set import location. Fallback to call `mmseg.utils.register_all_modules` instead.
2023/02/13 23:47:36 - mmengine - WARNING - The "optimizer" registry in mmseg did not set import location. Fallback to call `mmseg.utils.register_all_modules` instead.
2023/02/13 23:47:36 - mmengine - WARNING - The "optim_wrapper" registry in mmseg did not set import location. Fallback to call `mmseg.utils.register_all_modules` instead.
2023/02/13 23:47:36 - mmengine - WARNING - The "parameter scheduler" registry in mmseg did not set import location. Fallback to call `mmseg.utils.register_all_modules` instead.
2023/02/13 23:47:36 - mmengine - WARNING - The "metric" registry in mmseg did not set import location. Fallback to call `mmseg.utils.register_all_modules` instead.
2023/02/13 23:47:37 - mmengine - WARNING - The "weight initializer" registry in mmseg did not set import location. Fallback to call `mmseg.utils.register_all_modules` instead.
Name of parameter - Initialization information

backbone.learning_to_downsample.conv.conv.weight - torch.Size([32, 3, 3, 3]): 
KaimingInit: a=0, mode=fan_out, nonlinearity=relu, distribution =normal, bias=0 

backbone.learning_to_downsample.conv.bn.weight - torch.Size([32]): 
The value is the same before and after calling `init_weights` of EncoderDecoder  

backbone.learning_to_downsample.conv.bn.bias - torch.Size([32]): 
The value is the same before and after calling `init_weights` of EncoderDecoder  

backbone.learning_to_downsample.dsconv1.depthwise_conv.conv.weight - torch.Size([32, 1, 3, 3]): 
KaimingInit: a=0, mode=fan_out, nonlinearity=relu, distribution =normal, bias=0 

backbone.learning_to_downsample.dsconv1.depthwise_conv.bn.weight - torch.Size([32]): 
The value is the same before and after calling `init_weights` of EncoderDecoder  

backbone.learning_to_downsample.dsconv1.depthwise_conv.bn.bias - torch.Size([32]): 
The value is the same before and after calling `init_weights` of EncoderDecoder  

backbone.learning_to_downsample.dsconv1.pointwise_conv.conv.weight - torch.Size([48, 32, 1, 1]): 
KaimingInit: a=0, mode=fan_out, nonlinearity=relu, distribution =normal, bias=0 

backbone.learning_to_downsample.dsconv1.pointwise_conv.bn.weight - torch.Size([48]): 
The value is the same before and after calling `init_weights` of EncoderDecoder  

backbone.learning_to_downsample.dsconv1.pointwise_conv.bn.bias - torch.Size([48]): 
The value is the same before and after calling `init_weights` of EncoderDecoder  

backbone.learning_to_downsample.dsconv2.depthwise_conv.conv.weight - torch.Size([48, 1, 3, 3]): 
KaimingInit: a=0, mode=fan_out, nonlinearity=relu, distribution =normal, bias=0 

backbone.learning_to_downsample.dsconv2.depthwise_conv.bn.weight - torch.Size([48]): 
The value is the same before and after calling `init_weights` of EncoderDecoder  

backbone.learning_to_downsample.dsconv2.depthwise_conv.bn.bias - torch.Size([48]): 
The value is the same before and after calling `init_weights` of EncoderDecoder  

backbone.learning_to_downsample.dsconv2.pointwise_conv.conv.weight - torch.Size([64, 48, 1, 1]): 
KaimingInit: a=0, mode=fan_out, nonlinearity=relu, distribution =normal, bias=0 

backbone.learning_to_downsample.dsconv2.pointwise_conv.bn.weight - torch.Size([64]): 
The value is the same before and after calling `init_weights` of EncoderDecoder  

backbone.learning_to_downsample.dsconv2.pointwise_conv.bn.bias - torch.Size([64]): 
The value is the same before and after calling `init_weights` of EncoderDecoder  

backbone.global_feature_extractor.bottleneck1.0.conv.0.conv.weight - torch.Size([384, 64, 1, 1]): 
KaimingInit: a=0, mode=fan_out, nonlinearity=relu, distribution =normal, bias=0 

backbone.global_feature_extractor.bottleneck1.0.conv.0.bn.weight - torch.Size([384]): 
The value is the same before and after calling `init_weights` of EncoderDecoder  

backbone.global_feature_extractor.bottleneck1.0.conv.0.bn.bias - torch.Size([384]): 
The value is the same before and after calling `init_weights` of EncoderDecoder  

backbone.global_feature_extractor.bottleneck1.0.conv.1.conv.weight - torch.Size([384, 1, 3, 3]): 
KaimingInit: a=0, mode=fan_out, nonlinearity=relu, distribution =normal, bias=0 

backbone.global_feature_extractor.bottleneck1.0.conv.1.bn.weight - torch.Size([384]): 
The value is the same before and after calling `init_weights` of EncoderDecoder  

backbone.global_feature_extractor.bottleneck1.0.conv.1.bn.bias - torch.Size([384]): 
The value is the same before and after calling `init_weights` of EncoderDecoder  

backbone.global_feature_extractor.bottleneck1.0.conv.2.conv.weight - torch.Size([64, 384, 1, 1]): 
KaimingInit: a=0, mode=fan_out, nonlinearity=relu, distribution =normal, bias=0 

backbone.global_feature_extractor.bottleneck1.0.conv.2.bn.weight - torch.Size([64]): 
The value is the same before and after calling `init_weights` of EncoderDecoder  

backbone.global_feature_extractor.bottleneck1.0.conv.2.bn.bias - torch.Size([64]): 
The value is the same before and after calling `init_weights` of EncoderDecoder  

backbone.global_feature_extractor.bottleneck1.1.conv.0.conv.weight - torch.Size([384, 64, 1, 1]): 
KaimingInit: a=0, mode=fan_out, nonlinearity=relu, distribution =normal, bias=0 

backbone.global_feature_extractor.bottleneck1.1.conv.0.bn.weight - torch.Size([384]): 
The value is the same before and after calling `init_weights` of EncoderDecoder  

backbone.global_feature_extractor.bottleneck1.1.conv.0.bn.bias - torch.Size([384]): 
The value is the same before and after calling `init_weights` of EncoderDecoder  

backbone.global_feature_extractor.bottleneck1.1.conv.1.conv.weight - torch.Size([384, 1, 3, 3]): 
KaimingInit: a=0, mode=fan_out, nonlinearity=relu, distribution =normal, bias=0 

backbone.global_feature_extractor.bottleneck1.1.conv.1.bn.weight - torch.Size([384]): 
The value is the same before and after calling `init_weights` of EncoderDecoder  

backbone.global_feature_extractor.bottleneck1.1.conv.1.bn.bias - torch.Size([384]): 
The value is the same before and after calling `init_weights` of EncoderDecoder  

backbone.global_feature_extractor.bottleneck1.1.conv.2.conv.weight - torch.Size([64, 384, 1, 1]): 
KaimingInit: a=0, mode=fan_out, nonlinearity=relu, distribution =normal, bias=0 

backbone.global_feature_extractor.bottleneck1.1.conv.2.bn.weight - torch.Size([64]): 
The value is the same before and after calling `init_weights` of EncoderDecoder  

backbone.global_feature_extractor.bottleneck1.1.conv.2.bn.bias - torch.Size([64]): 
The value is the same before and after calling `init_weights` of EncoderDecoder  

backbone.global_feature_extractor.bottleneck1.2.conv.0.conv.weight - torch.Size([384, 64, 1, 1]): 
KaimingInit: a=0, mode=fan_out, nonlinearity=relu, distribution =normal, bias=0 

backbone.global_feature_extractor.bottleneck1.2.conv.0.bn.weight - torch.Size([384]): 
The value is the same before and after calling `init_weights` of EncoderDecoder  

backbone.global_feature_extractor.bottleneck1.2.conv.0.bn.bias - torch.Size([384]): 
The value is the same before and after calling `init_weights` of EncoderDecoder  

backbone.global_feature_extractor.bottleneck1.2.conv.1.conv.weight - torch.Size([384, 1, 3, 3]): 
KaimingInit: a=0, mode=fan_out, nonlinearity=relu, distribution =normal, bias=0 

backbone.global_feature_extractor.bottleneck1.2.conv.1.bn.weight - torch.Size([384]): 
The value is the same before and after calling `init_weights` of EncoderDecoder  

backbone.global_feature_extractor.bottleneck1.2.conv.1.bn.bias - torch.Size([384]): 
The value is the same before and after calling `init_weights` of EncoderDecoder  

backbone.global_feature_extractor.bottleneck1.2.conv.2.conv.weight - torch.Size([64, 384, 1, 1]): 
KaimingInit: a=0, mode=fan_out, nonlinearity=relu, distribution =normal, bias=0 

backbone.global_feature_extractor.bottleneck1.2.conv.2.bn.weight - torch.Size([64]): 
The value is the same before and after calling `init_weights` of EncoderDecoder  

backbone.global_feature_extractor.bottleneck1.2.conv.2.bn.bias - torch.Size([64]): 
The value is the same before and after calling `init_weights` of EncoderDecoder  

backbone.global_feature_extractor.bottleneck2.0.conv.0.conv.weight - torch.Size([384, 64, 1, 1]): 
KaimingInit: a=0, mode=fan_out, nonlinearity=relu, distribution =normal, bias=0 

backbone.global_feature_extractor.bottleneck2.0.conv.0.bn.weight - torch.Size([384]): 
The value is the same before and after calling `init_weights` of EncoderDecoder  

backbone.global_feature_extractor.bottleneck2.0.conv.0.bn.bias - torch.Size([384]): 
The value is the same before and after calling `init_weights` of EncoderDecoder  

backbone.global_feature_extractor.bottleneck2.0.conv.1.conv.weight - torch.Size([384, 1, 3, 3]): 
KaimingInit: a=0, mode=fan_out, nonlinearity=relu, distribution =normal, bias=0 

backbone.global_feature_extractor.bottleneck2.0.conv.1.bn.weight - torch.Size([384]): 
The value is the same before and after calling `init_weights` of EncoderDecoder  

backbone.global_feature_extractor.bottleneck2.0.conv.1.bn.bias - torch.Size([384]): 
The value is the same before and after calling `init_weights` of EncoderDecoder  

backbone.global_feature_extractor.bottleneck2.0.conv.2.conv.weight - torch.Size([96, 384, 1, 1]): 
KaimingInit: a=0, mode=fan_out, nonlinearity=relu, distribution =normal, bias=0 

backbone.global_feature_extractor.bottleneck2.0.conv.2.bn.weight - torch.Size([96]): 
The value is the same before and after calling `init_weights` of EncoderDecoder  

backbone.global_feature_extractor.bottleneck2.0.conv.2.bn.bias - torch.Size([96]): 
The value is the same before and after calling `init_weights` of EncoderDecoder  

backbone.global_feature_extractor.bottleneck2.1.conv.0.conv.weight - torch.Size([576, 96, 1, 1]): 
KaimingInit: a=0, mode=fan_out, nonlinearity=relu, distribution =normal, bias=0 

backbone.global_feature_extractor.bottleneck2.1.conv.0.bn.weight - torch.Size([576]): 
The value is the same before and after calling `init_weights` of EncoderDecoder  

backbone.global_feature_extractor.bottleneck2.1.conv.0.bn.bias - torch.Size([576]): 
The value is the same before and after calling `init_weights` of EncoderDecoder  

backbone.global_feature_extractor.bottleneck2.1.conv.1.conv.weight - torch.Size([576, 1, 3, 3]): 
KaimingInit: a=0, mode=fan_out, nonlinearity=relu, distribution =normal, bias=0 

backbone.global_feature_extractor.bottleneck2.1.conv.1.bn.weight - torch.Size([576]): 
The value is the same before and after calling `init_weights` of EncoderDecoder  

backbone.global_feature_extractor.bottleneck2.1.conv.1.bn.bias - torch.Size([576]): 
The value is the same before and after calling `init_weights` of EncoderDecoder  

backbone.global_feature_extractor.bottleneck2.1.conv.2.conv.weight - torch.Size([96, 576, 1, 1]): 
KaimingInit: a=0, mode=fan_out, nonlinearity=relu, distribution =normal, bias=0 

backbone.global_feature_extractor.bottleneck2.1.conv.2.bn.weight - torch.Size([96]): 
The value is the same before and after calling `init_weights` of EncoderDecoder  

backbone.global_feature_extractor.bottleneck2.1.conv.2.bn.bias - torch.Size([96]): 
The value is the same before and after calling `init_weights` of EncoderDecoder  

backbone.global_feature_extractor.bottleneck2.2.conv.0.conv.weight - torch.Size([576, 96, 1, 1]): 
KaimingInit: a=0, mode=fan_out, nonlinearity=relu, distribution =normal, bias=0 

backbone.global_feature_extractor.bottleneck2.2.conv.0.bn.weight - torch.Size([576]): 
The value is the same before and after calling `init_weights` of EncoderDecoder  

backbone.global_feature_extractor.bottleneck2.2.conv.0.bn.bias - torch.Size([576]): 
The value is the same before and after calling `init_weights` of EncoderDecoder  

backbone.global_feature_extractor.bottleneck2.2.conv.1.conv.weight - torch.Size([576, 1, 3, 3]): 
KaimingInit: a=0, mode=fan_out, nonlinearity=relu, distribution =normal, bias=0 

backbone.global_feature_extractor.bottleneck2.2.conv.1.bn.weight - torch.Size([576]): 
The value is the same before and after calling `init_weights` of EncoderDecoder  

backbone.global_feature_extractor.bottleneck2.2.conv.1.bn.bias - torch.Size([576]): 
The value is the same before and after calling `init_weights` of EncoderDecoder  

backbone.global_feature_extractor.bottleneck2.2.conv.2.conv.weight - torch.Size([96, 576, 1, 1]): 
KaimingInit: a=0, mode=fan_out, nonlinearity=relu, distribution =normal, bias=0 

backbone.global_feature_extractor.bottleneck2.2.conv.2.bn.weight - torch.Size([96]): 
The value is the same before and after calling `init_weights` of EncoderDecoder  

backbone.global_feature_extractor.bottleneck2.2.conv.2.bn.bias - torch.Size([96]): 
The value is the same before and after calling `init_weights` of EncoderDecoder  

backbone.global_feature_extractor.bottleneck3.0.conv.0.conv.weight - torch.Size([576, 96, 1, 1]): 
KaimingInit: a=0, mode=fan_out, nonlinearity=relu, distribution =normal, bias=0 

backbone.global_feature_extractor.bottleneck3.0.conv.0.bn.weight - torch.Size([576]): 
The value is the same before and after calling `init_weights` of EncoderDecoder  

backbone.global_feature_extractor.bottleneck3.0.conv.0.bn.bias - torch.Size([576]): 
The value is the same before and after calling `init_weights` of EncoderDecoder  

backbone.global_feature_extractor.bottleneck3.0.conv.1.conv.weight - torch.Size([576, 1, 3, 3]): 
KaimingInit: a=0, mode=fan_out, nonlinearity=relu, distribution =normal, bias=0 

backbone.global_feature_extractor.bottleneck3.0.conv.1.bn.weight - torch.Size([576]): 
The value is the same before and after calling `init_weights` of EncoderDecoder  

backbone.global_feature_extractor.bottleneck3.0.conv.1.bn.bias - torch.Size([576]): 
The value is the same before and after calling `init_weights` of EncoderDecoder  

backbone.global_feature_extractor.bottleneck3.0.conv.2.conv.weight - torch.Size([128, 576, 1, 1]): 
KaimingInit: a=0, mode=fan_out, nonlinearity=relu, distribution =normal, bias=0 

backbone.global_feature_extractor.bottleneck3.0.conv.2.bn.weight - torch.Size([128]): 
The value is the same before and after calling `init_weights` of EncoderDecoder  

backbone.global_feature_extractor.bottleneck3.0.conv.2.bn.bias - torch.Size([128]): 
The value is the same before and after calling `init_weights` of EncoderDecoder  

backbone.global_feature_extractor.bottleneck3.1.conv.0.conv.weight - torch.Size([768, 128, 1, 1]): 
KaimingInit: a=0, mode=fan_out, nonlinearity=relu, distribution =normal, bias=0 

backbone.global_feature_extractor.bottleneck3.1.conv.0.bn.weight - torch.Size([768]): 
The value is the same before and after calling `init_weights` of EncoderDecoder  

backbone.global_feature_extractor.bottleneck3.1.conv.0.bn.bias - torch.Size([768]): 
The value is the same before and after calling `init_weights` of EncoderDecoder  

backbone.global_feature_extractor.bottleneck3.1.conv.1.conv.weight - torch.Size([768, 1, 3, 3]): 
KaimingInit: a=0, mode=fan_out, nonlinearity=relu, distribution =normal, bias=0 

backbone.global_feature_extractor.bottleneck3.1.conv.1.bn.weight - torch.Size([768]): 
The value is the same before and after calling `init_weights` of EncoderDecoder  

backbone.global_feature_extractor.bottleneck3.1.conv.1.bn.bias - torch.Size([768]): 
The value is the same before and after calling `init_weights` of EncoderDecoder  

backbone.global_feature_extractor.bottleneck3.1.conv.2.conv.weight - torch.Size([128, 768, 1, 1]): 
KaimingInit: a=0, mode=fan_out, nonlinearity=relu, distribution =normal, bias=0 

backbone.global_feature_extractor.bottleneck3.1.conv.2.bn.weight - torch.Size([128]): 
The value is the same before and after calling `init_weights` of EncoderDecoder  

backbone.global_feature_extractor.bottleneck3.1.conv.2.bn.bias - torch.Size([128]): 
The value is the same before and after calling `init_weights` of EncoderDecoder  

backbone.global_feature_extractor.bottleneck3.2.conv.0.conv.weight - torch.Size([768, 128, 1, 1]): 
KaimingInit: a=0, mode=fan_out, nonlinearity=relu, distribution =normal, bias=0 

backbone.global_feature_extractor.bottleneck3.2.conv.0.bn.weight - torch.Size([768]): 
The value is the same before and after calling `init_weights` of EncoderDecoder  

backbone.global_feature_extractor.bottleneck3.2.conv.0.bn.bias - torch.Size([768]): 
The value is the same before and after calling `init_weights` of EncoderDecoder  

backbone.global_feature_extractor.bottleneck3.2.conv.1.conv.weight - torch.Size([768, 1, 3, 3]): 
KaimingInit: a=0, mode=fan_out, nonlinearity=relu, distribution =normal, bias=0 

backbone.global_feature_extractor.bottleneck3.2.conv.1.bn.weight - torch.Size([768]): 
The value is the same before and after calling `init_weights` of EncoderDecoder  

backbone.global_feature_extractor.bottleneck3.2.conv.1.bn.bias - torch.Size([768]): 
The value is the same before and after calling `init_weights` of EncoderDecoder  

backbone.global_feature_extractor.bottleneck3.2.conv.2.conv.weight - torch.Size([128, 768, 1, 1]): 
KaimingInit: a=0, mode=fan_out, nonlinearity=relu, distribution =normal, bias=0 

backbone.global_feature_extractor.bottleneck3.2.conv.2.bn.weight - torch.Size([128]): 
The value is the same before and after calling `init_weights` of EncoderDecoder  

backbone.global_feature_extractor.bottleneck3.2.conv.2.bn.bias - torch.Size([128]): 
The value is the same before and after calling `init_weights` of EncoderDecoder  

backbone.global_feature_extractor.ppm.0.1.conv.weight - torch.Size([32, 128, 1, 1]): 
KaimingInit: a=0, mode=fan_out, nonlinearity=relu, distribution =normal, bias=0 

backbone.global_feature_extractor.ppm.0.1.bn.weight - torch.Size([32]): 
The value is the same before and after calling `init_weights` of EncoderDecoder  

backbone.global_feature_extractor.ppm.0.1.bn.bias - torch.Size([32]): 
The value is the same before and after calling `init_weights` of EncoderDecoder  

backbone.global_feature_extractor.ppm.1.1.conv.weight - torch.Size([32, 128, 1, 1]): 
KaimingInit: a=0, mode=fan_out, nonlinearity=relu, distribution =normal, bias=0 

backbone.global_feature_extractor.ppm.1.1.bn.weight - torch.Size([32]): 
The value is the same before and after calling `init_weights` of EncoderDecoder  

backbone.global_feature_extractor.ppm.1.1.bn.bias - torch.Size([32]): 
The value is the same before and after calling `init_weights` of EncoderDecoder  

backbone.global_feature_extractor.ppm.2.1.conv.weight - torch.Size([32, 128, 1, 1]): 
KaimingInit: a=0, mode=fan_out, nonlinearity=relu, distribution =normal, bias=0 

backbone.global_feature_extractor.ppm.2.1.bn.weight - torch.Size([32]): 
The value is the same before and after calling `init_weights` of EncoderDecoder  

backbone.global_feature_extractor.ppm.2.1.bn.bias - torch.Size([32]): 
The value is the same before and after calling `init_weights` of EncoderDecoder  

backbone.global_feature_extractor.ppm.3.1.conv.weight - torch.Size([32, 128, 1, 1]): 
KaimingInit: a=0, mode=fan_out, nonlinearity=relu, distribution =normal, bias=0 

backbone.global_feature_extractor.ppm.3.1.bn.weight - torch.Size([32]): 
The value is the same before and after calling `init_weights` of EncoderDecoder  

backbone.global_feature_extractor.ppm.3.1.bn.bias - torch.Size([32]): 
The value is the same before and after calling `init_weights` of EncoderDecoder  

backbone.global_feature_extractor.out.conv.weight - torch.Size([128, 256, 3, 3]): 
KaimingInit: a=0, mode=fan_out, nonlinearity=relu, distribution =normal, bias=0 

backbone.global_feature_extractor.out.bn.weight - torch.Size([128]): 
The value is the same before and after calling `init_weights` of EncoderDecoder  

backbone.global_feature_extractor.out.bn.bias - torch.Size([128]): 
The value is the same before and after calling `init_weights` of EncoderDecoder  

backbone.feature_fusion.dwconv.conv.weight - torch.Size([128, 1, 3, 3]): 
KaimingInit: a=0, mode=fan_out, nonlinearity=relu, distribution =normal, bias=0 

backbone.feature_fusion.dwconv.bn.weight - torch.Size([128]): 
The value is the same before and after calling `init_weights` of EncoderDecoder  

backbone.feature_fusion.dwconv.bn.bias - torch.Size([128]): 
The value is the same before and after calling `init_weights` of EncoderDecoder  

backbone.feature_fusion.conv_lower_res.conv.weight - torch.Size([128, 128, 1, 1]): 
KaimingInit: a=0, mode=fan_out, nonlinearity=relu, distribution =normal, bias=0 

backbone.feature_fusion.conv_lower_res.bn.weight - torch.Size([128]): 
The value is the same before and after calling `init_weights` of EncoderDecoder  

backbone.feature_fusion.conv_lower_res.bn.bias - torch.Size([128]): 
The value is the same before and after calling `init_weights` of EncoderDecoder  

backbone.feature_fusion.conv_higher_res.conv.weight - torch.Size([128, 64, 1, 1]): 
KaimingInit: a=0, mode=fan_out, nonlinearity=relu, distribution =normal, bias=0 

backbone.feature_fusion.conv_higher_res.bn.weight - torch.Size([128]): 
The value is the same before and after calling `init_weights` of EncoderDecoder  

backbone.feature_fusion.conv_higher_res.bn.bias - torch.Size([128]): 
The value is the same before and after calling `init_weights` of EncoderDecoder  

decode_head.conv_seg.weight - torch.Size([21, 128, 1, 1]): 
NormalInit: mean=0, std=0.01, bias=0 

decode_head.conv_seg.bias - torch.Size([21]): 
NormalInit: mean=0, std=0.01, bias=0 

decode_head.convs.0.depthwise_conv.conv.weight - torch.Size([128, 1, 3, 3]): 
The value is the same before and after calling `init_weights` of EncoderDecoder  

decode_head.convs.0.depthwise_conv.bn.weight - torch.Size([128]): 
The value is the same before and after calling `init_weights` of EncoderDecoder  

decode_head.convs.0.depthwise_conv.bn.bias - torch.Size([128]): 
The value is the same before and after calling `init_weights` of EncoderDecoder  

decode_head.convs.0.pointwise_conv.conv.weight - torch.Size([128, 128, 1, 1]): 
The value is the same before and after calling `init_weights` of EncoderDecoder  

decode_head.convs.0.pointwise_conv.bn.weight - torch.Size([128]): 
The value is the same before and after calling `init_weights` of EncoderDecoder  

decode_head.convs.0.pointwise_conv.bn.bias - torch.Size([128]): 
The value is the same before and after calling `init_weights` of EncoderDecoder  

decode_head.convs.1.depthwise_conv.conv.weight - torch.Size([128, 1, 3, 3]): 
The value is the same before and after calling `init_weights` of EncoderDecoder  

decode_head.convs.1.depthwise_conv.bn.weight - torch.Size([128]): 
The value is the same before and after calling `init_weights` of EncoderDecoder  

decode_head.convs.1.depthwise_conv.bn.bias - torch.Size([128]): 
The value is the same before and after calling `init_weights` of EncoderDecoder  

decode_head.convs.1.pointwise_conv.conv.weight - torch.Size([128, 128, 1, 1]): 
The value is the same before and after calling `init_weights` of EncoderDecoder  

decode_head.convs.1.pointwise_conv.bn.weight - torch.Size([128]): 
The value is the same before and after calling `init_weights` of EncoderDecoder  

decode_head.convs.1.pointwise_conv.bn.bias - torch.Size([128]): 
The value is the same before and after calling `init_weights` of EncoderDecoder  

auxiliary_head.0.conv_seg.weight - torch.Size([21, 32, 1, 1]): 
The value is the same before and after calling `init_weights` of EncoderDecoder  

auxiliary_head.0.conv_seg.bias - torch.Size([21]): 
The value is the same before and after calling `init_weights` of EncoderDecoder  

auxiliary_head.0.convs.0.conv.weight - torch.Size([32, 128, 3, 3]): 
The value is the same before and after calling `init_weights` of EncoderDecoder  

auxiliary_head.0.convs.0.bn.weight - torch.Size([32]): 
The value is the same before and after calling `init_weights` of EncoderDecoder  

auxiliary_head.0.convs.0.bn.bias - torch.Size([32]): 
The value is the same before and after calling `init_weights` of EncoderDecoder  

auxiliary_head.1.conv_seg.weight - torch.Size([21, 32, 1, 1]): 
The value is the same before and after calling `init_weights` of EncoderDecoder  

auxiliary_head.1.conv_seg.bias - torch.Size([21]): 
The value is the same before and after calling `init_weights` of EncoderDecoder  

auxiliary_head.1.convs.0.conv.weight - torch.Size([32, 64, 3, 3]): 
The value is the same before and after calling `init_weights` of EncoderDecoder  

auxiliary_head.1.convs.0.bn.weight - torch.Size([32]): 
The value is the same before and after calling `init_weights` of EncoderDecoder  

auxiliary_head.1.convs.0.bn.bias - torch.Size([32]): 
The value is the same before and after calling `init_weights` of EncoderDecoder  
2023/02/13 23:47:38 - mmengine - INFO - Auto resumed from the latest checkpoint D:\workspace\openmmlab_tutorial\mmsegmentation\work_dirs\advanced\iter_32000.pth.
2023/02/13 23:47:38 - mmengine - INFO - Load checkpoint from D:\workspace\openmmlab_tutorial\mmsegmentation\work_dirs\advanced\iter_32000.pth
2023/02/13 23:47:38 - mmengine - INFO - resumed epoch: 0, iter: 32000
2023/02/13 23:47:38 - mmengine - INFO - Checkpoints will be saved to D:\workspace\openmmlab_tutorial\mmsegmentation\work_dirs\advanced.
2023/02/13 23:48:02 - mmengine - INFO - Iter(train) [32200/40000]  lr: 1.0000e-04  eta: 0:15:44  time: 0.1058  data_time: 0.0035  memory: 1827  loss: 0.1062  decode.loss_ce: 0.0473  decode.acc_seg: 91.7767  aux_0.loss_ce: 0.0212  aux_0.acc_seg: 92.1392  aux_1.loss_ce: 0.0376  aux_1.acc_seg: 80.7251
2023/02/13 23:48:24 - mmengine - INFO - Iter(train) [32400/40000]  lr: 1.0000e-04  eta: 0:14:27  time: 0.1079  data_time: 0.0034  memory: 1827  loss: 0.0956  decode.loss_ce: 0.0402  decode.acc_seg: 89.1754  aux_0.loss_ce: 0.0177  aux_0.acc_seg: 93.8674  aux_1.loss_ce: 0.0378  aux_1.acc_seg: 61.4620
2023/02/13 23:48:45 - mmengine - INFO - Iter(train) [32600/40000]  lr: 1.0000e-04  eta: 0:13:46  time: 0.1054  data_time: 0.0036  memory: 1827  loss: 0.0900  decode.loss_ce: 0.0391  decode.acc_seg: 85.2285  aux_0.loss_ce: 0.0178  aux_0.acc_seg: 83.7804  aux_1.loss_ce: 0.0331  aux_1.acc_seg: 59.4563
2023/02/13 23:49:06 - mmengine - INFO - Iter(train) [32800/40000]  lr: 1.0000e-04  eta: 0:13:15  time: 0.1088  data_time: 0.0037  memory: 1826  loss: 0.0897  decode.loss_ce: 0.0370  decode.acc_seg: 94.7944  aux_0.loss_ce: 0.0168  aux_0.acc_seg: 92.6203  aux_1.loss_ce: 0.0358  aux_1.acc_seg: 62.3788
2023/02/13 23:49:28 - mmengine - INFO - Exp name: fast_scnn_voc12_20230213_234721
2023/02/13 23:49:28 - mmengine - INFO - Iter(train) [33000/40000]  lr: 1.0000e-04  eta: 0:12:48  time: 0.1049  data_time: 0.0037  memory: 1826  loss: 0.0994  decode.loss_ce: 0.0432  decode.acc_seg: 91.0655  aux_0.loss_ce: 0.0184  aux_0.acc_seg: 89.7981  aux_1.loss_ce: 0.0378  aux_1.acc_seg: 71.5976
2023/02/13 23:49:50 - mmengine - INFO - Iter(train) [33200/40000]  lr: 1.0000e-04  eta: 0:12:26  time: 0.1094  data_time: 0.0035  memory: 1826  loss: 0.0871  decode.loss_ce: 0.0380  decode.acc_seg: 69.8216  aux_0.loss_ce: 0.0171  aux_0.acc_seg: 68.9073  aux_1.loss_ce: 0.0320  aux_1.acc_seg: 57.0818
2023/02/13 23:50:19 - mmengine - INFO - Iter(train) [33400/40000]  lr: 1.0000e-04  eta: 0:12:37  time: 0.1079  data_time: 0.0034  memory: 1827  loss: 0.0947  decode.loss_ce: 0.0431  decode.acc_seg: 79.8418  aux_0.loss_ce: 0.0184  aux_0.acc_seg: 72.3627  aux_1.loss_ce: 0.0332  aux_1.acc_seg: 70.4408
2023/02/13 23:50:40 - mmengine - INFO - Iter(train) [33600/40000]  lr: 1.0000e-04  eta: 0:12:09  time: 0.1075  data_time: 0.0036  memory: 1826  loss: 0.0844  decode.loss_ce: 0.0357  decode.acc_seg: 93.9173  aux_0.loss_ce: 0.0168  aux_0.acc_seg: 92.2648  aux_1.loss_ce: 0.0320  aux_1.acc_seg: 77.9477
2023/02/13 23:51:02 - mmengine - INFO - Iter(train) [33800/40000]  lr: 1.0000e-04  eta: 0:11:42  time: 0.1047  data_time: 0.0036  memory: 1827  loss: 0.0806  decode.loss_ce: 0.0326  decode.acc_seg: 71.0456  aux_0.loss_ce: 0.0153  aux_0.acc_seg: 66.9488  aux_1.loss_ce: 0.0327  aux_1.acc_seg: 38.7109
2023/02/13 23:51:24 - mmengine - INFO - Exp name: fast_scnn_voc12_20230213_234721
2023/02/13 23:51:24 - mmengine - INFO - Iter(train) [34000/40000]  lr: 1.0000e-04  eta: 0:11:16  time: 0.1068  data_time: 0.0036  memory: 1826  loss: 0.1071  decode.loss_ce: 0.0491  decode.acc_seg: 69.5387  aux_0.loss_ce: 0.0211  aux_0.acc_seg: 67.2717  aux_1.loss_ce: 0.0369  aux_1.acc_seg: 54.9009
2023/02/13 23:51:24 - mmengine - INFO - Saving checkpoint at 34000 iterations
2023/02/13 23:51:49 - mmengine - INFO - Iter(val) [ 200/1449]    eta: 0:02:34  time: 0.0748  data_time: 0.0009  memory: 4201  
2023/02/13 23:51:55 - mmengine - INFO - Iter(val) [ 400/1449]    eta: 0:01:20  time: 0.0560  data_time: 0.0010  memory: 3164  
2023/02/13 23:52:02 - mmengine - INFO - Iter(val) [ 600/1449]    eta: 0:00:53  time: 0.0185  data_time: 0.0007  memory: 4204  
2023/02/13 23:52:08 - mmengine - INFO - Iter(val) [ 800/1449]    eta: 0:00:35  time: 0.1380  data_time: 0.0006  memory: 4196  
2023/02/13 23:52:12 - mmengine - INFO - Iter(val) [1000/1449]    eta: 0:00:21  time: 0.0362  data_time: 0.0009  memory: 3165  
2023/02/13 23:52:16 - mmengine - INFO - Iter(val) [1200/1449]    eta: 0:00:10  time: 0.0315  data_time: 0.0008  memory: 4199  
2023/02/13 23:52:19 - mmengine - INFO - Iter(val) [1400/1449]    eta: 0:00:01  time: 0.0112  data_time: 0.0006  memory: 4197  
2023/02/13 23:52:20 - mmengine - INFO - per class results:
2023/02/13 23:52:20 - mmengine - INFO - 
+-------------+-------+-------+
|    Class    |  IoU  |  Acc  |
+-------------+-------+-------+
|  background | 87.62 | 96.91 |
|  aeroplane  | 47.76 | 73.28 |
|   bicycle   |  0.0  |  0.0  |
|     bird    |  5.15 |  5.28 |
|     boat    |  0.36 |  0.37 |
|    bottle   |  0.0  |  0.0  |
|     bus     | 78.04 | 82.34 |
|     car     |  65.5 | 74.74 |
|     cat     | 45.28 | 78.15 |
|    chair    |  0.0  |  0.0  |
|     cow     |  0.23 |  0.23 |
| diningtable | 18.46 | 25.17 |
|     dog     | 16.25 | 19.42 |
|    horse    | 23.82 |  42.0 |
|  motorbike  |  43.7 | 70.92 |
|    person   | 63.12 | 78.85 |
| pottedplant |  0.0  |  0.0  |
|    sheep    | 33.02 | 58.06 |
|     sofa    |  15.4 | 20.12 |
|    train    | 64.85 | 76.53 |
|  tvmonitor  | 37.82 | 54.18 |
+-------------+-------+-------+
2023/02/13 23:52:20 - mmengine - INFO - Iter(val) [1449/1449]  aAcc: 84.5000  mIoU: 30.7800  mAcc: 40.7900
