2023-02-10 01:06:38,717 - mmdet - INFO - Environment info:
------------------------------------------------------------
sys.platform: win32
Python: 3.9.16 (main, Jan 11 2023, 16:16:36) [MSC v.1916 64 bit (AMD64)]
CUDA available: True
GPU 0: NVIDIA GeForce RTX 3080
CUDA_HOME: C:\Program Files\NVIDIA GPU Computing Toolkit\CUDA\v11.7
NVCC: Cuda compilation tools, release 11.7, V11.7.99
MSVC: Microsoft(R) C/C++ Optimizing Compiler Version 19.29.30038.1 for x64
GCC: n/a
PyTorch: 1.13.1
PyTorch compiling details: PyTorch built with:
  - C++ Version: 199711
  - MSVC 192829337
  - Intel(R) Math Kernel Library Version 2020.0.2 Product Build 20200624 for Intel(R) 64 architecture applications
  - Intel(R) MKL-DNN v2.6.0 (Git Hash 52b5f107dd9cf10910aaa19cb47f3abf9b349815)
  - OpenMP 2019
  - LAPACK is enabled (usually provided by MKL)
  - CPU capability usage: AVX2
  - CUDA Runtime 11.7
  - NVCC architecture flags: -gencode;arch=compute_37,code=sm_37;-gencode;arch=compute_50,code=sm_50;-gencode;arch=compute_60,code=sm_60;-gencode;arch=compute_61,code=sm_61;-gencode;arch=compute_70,code=sm_70;-gencode;arch=compute_75,code=sm_75;-gencode;arch=compute_80,code=sm_80;-gencode;arch=compute_86,code=sm_86;-gencode;arch=compute_37,code=compute_37
  - CuDNN 8.5
  - Magma 2.5.4
  - Build settings: BLAS_INFO=mkl, BUILD_TYPE=Release, CUDA_VERSION=11.7, CUDNN_VERSION=8.5.0, CXX_COMPILER=C:/cb/pytorch_1000000000000/work/tmp_bin/sccache-cl.exe, CXX_FLAGS=/DWIN32 /D_WINDOWS /GR /EHsc /w /bigobj -DUSE_PTHREADPOOL -openmp:experimental -IC:/cb/pytorch_1000000000000/work/mkl/include -DNDEBUG -DUSE_KINETO -DLIBKINETO_NOCUPTI -DUSE_FBGEMM -DUSE_XNNPACK -DSYMBOLICATE_MOBILE_DEBUG_HANDLE -DEDGE_PROFILER_USE_KINETO, LAPACK_INFO=mkl, PERF_WITH_AVX=1, PERF_WITH_AVX2=1, PERF_WITH_AVX512=1, TORCH_VERSION=1.13.1, USE_CUDA=ON, USE_CUDNN=ON, USE_EXCEPTION_PTR=1, USE_GFLAGS=OFF, USE_GLOG=OFF, USE_MKL=ON, USE_MKLDNN=ON, USE_MPI=OFF, USE_NCCL=OFF, USE_NNPACK=OFF, USE_OPENMP=ON, USE_ROCM=OFF, 

TorchVision: 0.14.1
OpenCV: 4.7.0
MMCV: 1.7.1
MMCV Compiler: MSVC 192829924
MMCV CUDA Compiler: 11.7
MMDetection: 2.28.1+
------------------------------------------------------------

2023-02-10 01:06:38,921 - mmdet - INFO - Distributed training: False
2023-02-10 01:06:39,194 - mmdet - INFO - Config:
model = dict(
    type='MaskRCNN',
    backbone=dict(
        type='ResNet',
        depth=50,
        num_stages=4,
        out_indices=(0, 1, 2, 3),
        frozen_stages=1,
        norm_cfg=dict(type='BN', requires_grad=True),
        norm_eval=True,
        style='pytorch',
        init_cfg=dict(type='Pretrained', checkpoint='torchvision://resnet50')),
    neck=dict(
        type='FPN',
        in_channels=[256, 512, 1024, 2048],
        out_channels=256,
        num_outs=5),
    rpn_head=dict(
        type='RPNHead',
        in_channels=256,
        feat_channels=256,
        anchor_generator=dict(
            type='AnchorGenerator',
            scales=[8],
            ratios=[0.5, 1.0, 2.0],
            strides=[4, 8, 16, 32, 64]),
        bbox_coder=dict(
            type='DeltaXYWHBBoxCoder',
            target_means=[0.0, 0.0, 0.0, 0.0],
            target_stds=[1.0, 1.0, 1.0, 1.0]),
        loss_cls=dict(
            type='CrossEntropyLoss', use_sigmoid=True, loss_weight=1.0),
        loss_bbox=dict(type='L1Loss', loss_weight=1.0)),
    roi_head=dict(
        type='StandardRoIHead',
        bbox_roi_extractor=dict(
            type='SingleRoIExtractor',
            roi_layer=dict(type='RoIAlign', output_size=7, sampling_ratio=0),
            out_channels=256,
            featmap_strides=[4, 8, 16, 32]),
        bbox_head=dict(
            type='Shared2FCBBoxHead',
            in_channels=256,
            fc_out_channels=1024,
            roi_feat_size=7,
            num_classes=1,
            bbox_coder=dict(
                type='DeltaXYWHBBoxCoder',
                target_means=[0.0, 0.0, 0.0, 0.0],
                target_stds=[0.1, 0.1, 0.2, 0.2]),
            reg_class_agnostic=False,
            loss_cls=dict(
                type='CrossEntropyLoss', use_sigmoid=False, loss_weight=1.0),
            loss_bbox=dict(type='L1Loss', loss_weight=1.0)),
        mask_roi_extractor=dict(
            type='SingleRoIExtractor',
            roi_layer=dict(type='RoIAlign', output_size=14, sampling_ratio=0),
            out_channels=256,
            featmap_strides=[4, 8, 16, 32]),
        mask_head=dict(
            type='FCNMaskHead',
            num_convs=4,
            in_channels=256,
            conv_out_channels=256,
            num_classes=1,
            loss_mask=dict(
                type='CrossEntropyLoss', use_mask=True, loss_weight=1.0))),
    train_cfg=dict(
        rpn=dict(
            assigner=dict(
                type='MaxIoUAssigner',
                pos_iou_thr=0.7,
                neg_iou_thr=0.3,
                min_pos_iou=0.3,
                match_low_quality=True,
                ignore_iof_thr=-1),
            sampler=dict(
                type='RandomSampler',
                num=256,
                pos_fraction=0.5,
                neg_pos_ub=-1,
                add_gt_as_proposals=False),
            allowed_border=-1,
            pos_weight=-1,
            debug=False),
        rpn_proposal=dict(
            nms_pre=2000,
            max_per_img=1000,
            nms=dict(type='nms', iou_threshold=0.7),
            min_bbox_size=0),
        rcnn=dict(
            assigner=dict(
                type='MaxIoUAssigner',
                pos_iou_thr=0.5,
                neg_iou_thr=0.5,
                min_pos_iou=0.5,
                match_low_quality=True,
                ignore_iof_thr=-1),
            sampler=dict(
                type='RandomSampler',
                num=512,
                pos_fraction=0.25,
                neg_pos_ub=-1,
                add_gt_as_proposals=True),
            mask_size=28,
            pos_weight=-1,
            debug=False)),
    test_cfg=dict(
        rpn=dict(
            nms_pre=1000,
            max_per_img=1000,
            nms=dict(type='nms', iou_threshold=0.7),
            min_bbox_size=0),
        rcnn=dict(
            score_thr=0.05,
            nms=dict(type='nms', iou_threshold=0.5),
            max_per_img=100,
            mask_thr_binary=0.5)))
dataset_type = 'CocoDataset'
data_root = 'data/baloon/'
img_norm_cfg = dict(
    mean=[123.675, 116.28, 103.53], std=[58.395, 57.12, 57.375], to_rgb=True)
train_pipeline = [
    dict(type='LoadImageFromFile'),
    dict(type='LoadAnnotations', with_bbox=True, with_mask=True),
    dict(type='Resize', img_scale=(1333, 800), keep_ratio=True),
    dict(type='RandomFlip', flip_ratio=0.5),
    dict(
        type='Normalize',
        mean=[123.675, 116.28, 103.53],
        std=[58.395, 57.12, 57.375],
        to_rgb=True),
    dict(type='Pad', size_divisor=32),
    dict(type='DefaultFormatBundle'),
    dict(type='Collect', keys=['img', 'gt_bboxes', 'gt_labels', 'gt_masks'])
]
test_pipeline = [
    dict(type='LoadImageFromFile'),
    dict(
        type='MultiScaleFlipAug',
        img_scale=(1333, 800),
        flip=False,
        transforms=[
            dict(type='Resize', keep_ratio=True),
            dict(type='RandomFlip'),
            dict(
                type='Normalize',
                mean=[123.675, 116.28, 103.53],
                std=[58.395, 57.12, 57.375],
                to_rgb=True),
            dict(type='Pad', size_divisor=32),
            dict(type='ImageToTensor', keys=['img']),
            dict(type='Collect', keys=['img'])
        ])
]
data = dict(
    samples_per_gpu=4,
    workers_per_gpu=2,
    train=dict(
        type='CocoDataset',
        ann_file='data/baloon/annotations/train.json',
        img_prefix='data/baloon/train/',
        pipeline=[
            dict(type='LoadImageFromFile'),
            dict(type='LoadAnnotations', with_bbox=True, with_mask=True),
            dict(type='Resize', img_scale=(1333, 800), keep_ratio=True),
            dict(type='RandomFlip', flip_ratio=0.5),
            dict(
                type='Normalize',
                mean=[123.675, 116.28, 103.53],
                std=[58.395, 57.12, 57.375],
                to_rgb=True),
            dict(type='Pad', size_divisor=32),
            dict(type='DefaultFormatBundle'),
            dict(
                type='Collect',
                keys=['img', 'gt_bboxes', 'gt_labels', 'gt_masks'])
        ],
        classes=('baloon', )),
    val=dict(
        type='CocoDataset',
        ann_file='data/baloon/annotations/val.json',
        img_prefix='data/baloon/val/',
        pipeline=[
            dict(type='LoadImageFromFile'),
            dict(
                type='MultiScaleFlipAug',
                img_scale=(1333, 800),
                flip=False,
                transforms=[
                    dict(type='Resize', keep_ratio=True),
                    dict(type='RandomFlip'),
                    dict(
                        type='Normalize',
                        mean=[123.675, 116.28, 103.53],
                        std=[58.395, 57.12, 57.375],
                        to_rgb=True),
                    dict(type='Pad', size_divisor=32),
                    dict(type='ImageToTensor', keys=['img']),
                    dict(type='Collect', keys=['img'])
                ])
        ],
        classes=('baloon', )),
    test=dict(
        type='CocoDataset',
        ann_file='data/baloon/annotations/val.json',
        img_prefix='data/baloon/val/',
        pipeline=[
            dict(type='LoadImageFromFile'),
            dict(
                type='MultiScaleFlipAug',
                img_scale=(1333, 800),
                flip=False,
                transforms=[
                    dict(type='Resize', keep_ratio=True),
                    dict(type='RandomFlip'),
                    dict(
                        type='Normalize',
                        mean=[123.675, 116.28, 103.53],
                        std=[58.395, 57.12, 57.375],
                        to_rgb=True),
                    dict(type='Pad', size_divisor=32),
                    dict(type='ImageToTensor', keys=['img']),
                    dict(type='Collect', keys=['img'])
                ])
        ],
        classes=('baloon', )))
evaluation = dict(metric=['bbox', 'segm'], interval=1, save_best='auto')
optimizer = dict(type='SGD', lr=0.002, momentum=0.9, weight_decay=0.0001)
optimizer_config = dict(grad_clip=None)
lr_config = dict(
    policy='step',
    warmup='linear',
    warmup_iters=500,
    warmup_ratio=0.001,
    step=[16, 22])
runner = dict(type='EpochBasedRunner', max_epochs=24)
checkpoint_config = dict(interval=1)
log_config = dict(interval=10, hooks=[dict(type='TextLoggerHook')])
custom_hooks = [dict(type='NumClassCheckHook')]
dist_params = dict(backend='nccl')
log_level = 'INFO'
load_from = 'checkpoints/mask_rcnn/mask_rcnn_r50_fpn_mstrain-poly_3x_coco_20210524_201154-21b550bb.pth'
resume_from = None
workflow = [('train', 1)]
opencv_num_threads = 0
mp_start_method = 'fork'
auto_scale_lr = dict(enable=False, base_batch_size=16)
classes = ('baloon', )
work_dir = '.\work\baloon'
auto_resume = False
gpu_ids = [0]

2023-02-10 01:06:39,196 - mmdet - INFO - Set random seed to 1569263679, deterministic: False
2023-02-10 01:06:40,201 - mmdet - INFO - Automatic scaling of learning rate (LR) has been disabled.
2023-02-10 01:06:40,212 - mmdet - INFO - load checkpoint from local path: checkpoints/mask_rcnn/mask_rcnn_r50_fpn_mstrain-poly_3x_coco_20210524_201154-21b550bb.pth
2023-02-10 01:06:40,668 - mmdet - WARNING - The model and loaded state dict do not match exactly

size mismatch for roi_head.bbox_head.fc_cls.weight: copying a param with shape torch.Size([81, 1024]) from checkpoint, the shape in current model is torch.Size([2, 1024]).
size mismatch for roi_head.bbox_head.fc_cls.bias: copying a param with shape torch.Size([81]) from checkpoint, the shape in current model is torch.Size([2]).
size mismatch for roi_head.bbox_head.fc_reg.weight: copying a param with shape torch.Size([320, 1024]) from checkpoint, the shape in current model is torch.Size([4, 1024]).
size mismatch for roi_head.bbox_head.fc_reg.bias: copying a param with shape torch.Size([320]) from checkpoint, the shape in current model is torch.Size([4]).
size mismatch for roi_head.mask_head.conv_logits.weight: copying a param with shape torch.Size([80, 256, 1, 1]) from checkpoint, the shape in current model is torch.Size([1, 256, 1, 1]).
size mismatch for roi_head.mask_head.conv_logits.bias: copying a param with shape torch.Size([80]) from checkpoint, the shape in current model is torch.Size([1]).
2023-02-10 01:06:40,679 - mmdet - INFO - Start running, host: Xie Chun@DESKTOP-IEFBQ19, work_dir: D:\workspace\openmmlab_tutorial\hw2\work\baloon
2023-02-10 01:06:40,680 - mmdet - INFO - Hooks will be executed in the following order:
before_run:
(VERY_HIGH   ) StepLrUpdaterHook                  
(NORMAL      ) CheckpointHook                     
(LOW         ) EvalHook                           
(VERY_LOW    ) TextLoggerHook                     
 -------------------- 
before_train_epoch:
(VERY_HIGH   ) StepLrUpdaterHook                  
(NORMAL      ) NumClassCheckHook                  
(LOW         ) IterTimerHook                      
(LOW         ) EvalHook                           
(VERY_LOW    ) TextLoggerHook                     
 -------------------- 
before_train_iter:
(VERY_HIGH   ) StepLrUpdaterHook                  
(LOW         ) IterTimerHook                      
(LOW         ) EvalHook                           
 -------------------- 
after_train_iter:
(ABOVE_NORMAL) OptimizerHook                      
(NORMAL      ) CheckpointHook                     
(LOW         ) IterTimerHook                      
(LOW         ) EvalHook                           
(VERY_LOW    ) TextLoggerHook                     
 -------------------- 
after_train_epoch:
(NORMAL      ) CheckpointHook                     
(LOW         ) EvalHook                           
(VERY_LOW    ) TextLoggerHook                     
 -------------------- 
before_val_epoch:
(NORMAL      ) NumClassCheckHook                  
(LOW         ) IterTimerHook                      
(VERY_LOW    ) TextLoggerHook                     
 -------------------- 
before_val_iter:
(LOW         ) IterTimerHook                      
 -------------------- 
after_val_iter:
(LOW         ) IterTimerHook                      
 -------------------- 
after_val_epoch:
(VERY_LOW    ) TextLoggerHook                     
 -------------------- 
after_run:
(VERY_LOW    ) TextLoggerHook                     
 -------------------- 
2023-02-10 01:06:40,680 - mmdet - INFO - workflow: [('train', 1)], max: 24 epochs
2023-02-10 01:06:40,681 - mmdet - INFO - Checkpoints will be saved to D:\workspace\openmmlab_tutorial\hw2\work\baloon by HardDiskBackend.
2023-02-10 01:07:00,307 - mmdet - INFO - Epoch [1][10/16]	lr: 3.796e-05, eta: 0:12:11, time: 1.955, data_time: 0.922, memory: 6467, loss_rpn_cls: 0.0422, loss_rpn_bbox: 0.0121, loss_cls: 0.7970, acc: 23.9258, loss_bbox: 0.2900, loss_mask: 3.8272, loss: 4.9685
2023-02-10 01:07:03,725 - mmdet - INFO - Saving checkpoint at 1 epochs
2023-02-10 01:07:22,499 - mmdet - INFO - Evaluating bbox...
2023-02-10 01:07:22,628 - mmdet - INFO - 
 Average Precision  (AP) @[ IoU=0.50:0.95 | area=   all | maxDets=100 ] = 0.014
 Average Precision  (AP) @[ IoU=0.50      | area=   all | maxDets=1000 ] = 0.049
 Average Precision  (AP) @[ IoU=0.75      | area=   all | maxDets=1000 ] = 0.001
 Average Precision  (AP) @[ IoU=0.50:0.95 | area= small | maxDets=1000 ] = 0.000
 Average Precision  (AP) @[ IoU=0.50:0.95 | area=medium | maxDets=1000 ] = 0.020
 Average Precision  (AP) @[ IoU=0.50:0.95 | area= large | maxDets=1000 ] = 0.018
 Average Recall     (AR) @[ IoU=0.50:0.95 | area=   all | maxDets=100 ] = 0.344
 Average Recall     (AR) @[ IoU=0.50:0.95 | area=   all | maxDets=300 ] = 0.344
 Average Recall     (AR) @[ IoU=0.50:0.95 | area=   all | maxDets=1000 ] = 0.344
 Average Recall     (AR) @[ IoU=0.50:0.95 | area= small | maxDets=1000 ] = 0.000
 Average Recall     (AR) @[ IoU=0.50:0.95 | area=medium | maxDets=1000 ] = 0.325
 Average Recall     (AR) @[ IoU=0.50:0.95 | area= large | maxDets=1000 ] = 0.369

2023-02-10 01:07:22,628 - mmdet - INFO - Evaluating segm...
2023-02-10 01:07:22,815 - mmdet - INFO - 
 Average Precision  (AP) @[ IoU=0.50:0.95 | area=   all | maxDets=100 ] = 0.025
 Average Precision  (AP) @[ IoU=0.50      | area=   all | maxDets=1000 ] = 0.059
 Average Precision  (AP) @[ IoU=0.75      | area=   all | maxDets=1000 ] = 0.016
 Average Precision  (AP) @[ IoU=0.50:0.95 | area= small | maxDets=1000 ] = 0.025
 Average Precision  (AP) @[ IoU=0.50:0.95 | area=medium | maxDets=1000 ] = 0.028
 Average Precision  (AP) @[ IoU=0.50:0.95 | area= large | maxDets=1000 ] = 0.038
 Average Recall     (AR) @[ IoU=0.50:0.95 | area=   all | maxDets=100 ] = 0.450
 Average Recall     (AR) @[ IoU=0.50:0.95 | area=   all | maxDets=300 ] = 0.450
 Average Recall     (AR) @[ IoU=0.50:0.95 | area=   all | maxDets=1000 ] = 0.450
 Average Recall     (AR) @[ IoU=0.50:0.95 | area= small | maxDets=1000 ] = 0.350
 Average Recall     (AR) @[ IoU=0.50:0.95 | area=medium | maxDets=1000 ] = 0.408
 Average Recall     (AR) @[ IoU=0.50:0.95 | area= large | maxDets=1000 ] = 0.469

2023-02-10 01:07:24,878 - mmdet - INFO - Now best checkpoint is saved as best_bbox_mAP_epoch_1.pth.
2023-02-10 01:07:24,878 - mmdet - INFO - Best bbox_mAP is 0.0139 at 1 epoch.
2023-02-10 01:07:24,879 - mmdet - INFO - Exp name: mask_rcnn_r50_fpn_2x_baloon.py
2023-02-10 01:07:24,880 - mmdet - INFO - Epoch(val) [1][13]	bbox_mAP: 0.0139, bbox_mAP_50: 0.0489, bbox_mAP_75: 0.0014, bbox_mAP_s: 0.0000, bbox_mAP_m: 0.0200, bbox_mAP_l: 0.0178, bbox_mAP_copypaste: 0.0139 0.0489 0.0014 0.0000 0.0200 0.0178, segm_mAP: 0.0249, segm_mAP_50: 0.0593, segm_mAP_75: 0.0164, segm_mAP_s: 0.0252, segm_mAP_m: 0.0278, segm_mAP_l: 0.0378, segm_mAP_copypaste: 0.0249 0.0593 0.0164 0.0252 0.0278 0.0378
2023-02-10 01:07:39,923 - mmdet - INFO - Epoch [2][10/16]	lr: 1.019e-04, eta: 0:07:55, time: 1.495, data_time: 0.969, memory: 7098, loss_rpn_cls: 0.0398, loss_rpn_bbox: 0.0125, loss_cls: 0.4524, acc: 89.9170, loss_bbox: 0.3242, loss_mask: 0.3963, loss: 1.2252
2023-02-10 01:07:43,082 - mmdet - INFO - Saving checkpoint at 2 epochs
2023-02-10 01:08:00,819 - mmdet - INFO - Evaluating bbox...
2023-02-10 01:08:00,937 - mmdet - INFO - 
 Average Precision  (AP) @[ IoU=0.50:0.95 | area=   all | maxDets=100 ] = 0.082
 Average Precision  (AP) @[ IoU=0.50      | area=   all | maxDets=1000 ] = 0.144
 Average Precision  (AP) @[ IoU=0.75      | area=   all | maxDets=1000 ] = 0.076
 Average Precision  (AP) @[ IoU=0.50:0.95 | area= small | maxDets=1000 ] = 0.000
 Average Precision  (AP) @[ IoU=0.50:0.95 | area=medium | maxDets=1000 ] = 0.079
 Average Precision  (AP) @[ IoU=0.50:0.95 | area= large | maxDets=1000 ] = 0.102
 Average Recall     (AR) @[ IoU=0.50:0.95 | area=   all | maxDets=100 ] = 0.602
 Average Recall     (AR) @[ IoU=0.50:0.95 | area=   all | maxDets=300 ] = 0.602
 Average Recall     (AR) @[ IoU=0.50:0.95 | area=   all | maxDets=1000 ] = 0.602
 Average Recall     (AR) @[ IoU=0.50:0.95 | area= small | maxDets=1000 ] = 0.000
 Average Recall     (AR) @[ IoU=0.50:0.95 | area=medium | maxDets=1000 ] = 0.533
 Average Recall     (AR) @[ IoU=0.50:0.95 | area= large | maxDets=1000 ] = 0.658

2023-02-10 01:08:00,937 - mmdet - INFO - Evaluating segm...
2023-02-10 01:08:01,095 - mmdet - INFO - 
 Average Precision  (AP) @[ IoU=0.50:0.95 | area=   all | maxDets=100 ] = 0.117
 Average Precision  (AP) @[ IoU=0.50      | area=   all | maxDets=1000 ] = 0.146
 Average Precision  (AP) @[ IoU=0.75      | area=   all | maxDets=1000 ] = 0.132
 Average Precision  (AP) @[ IoU=0.50:0.95 | area= small | maxDets=1000 ] = 0.003
 Average Precision  (AP) @[ IoU=0.50:0.95 | area=medium | maxDets=1000 ] = 0.068
 Average Precision  (AP) @[ IoU=0.50:0.95 | area= large | maxDets=1000 ] = 0.207
 Average Recall     (AR) @[ IoU=0.50:0.95 | area=   all | maxDets=100 ] = 0.752
 Average Recall     (AR) @[ IoU=0.50:0.95 | area=   all | maxDets=300 ] = 0.752
 Average Recall     (AR) @[ IoU=0.50:0.95 | area=   all | maxDets=1000 ] = 0.752
 Average Recall     (AR) @[ IoU=0.50:0.95 | area= small | maxDets=1000 ] = 0.200
 Average Recall     (AR) @[ IoU=0.50:0.95 | area=medium | maxDets=1000 ] = 0.625
 Average Recall     (AR) @[ IoU=0.50:0.95 | area= large | maxDets=1000 ] = 0.825

2023-02-10 01:08:01,137 - mmdet - INFO - The previous best checkpoint D:\workspace\openmmlab_tutorial\hw2\work\baloon\best_bbox_mAP_epoch_1.pth was removed
2023-02-10 01:08:03,271 - mmdet - INFO - Now best checkpoint is saved as best_bbox_mAP_epoch_2.pth.
2023-02-10 01:08:03,271 - mmdet - INFO - Best bbox_mAP is 0.0818 at 2 epoch.
2023-02-10 01:08:03,272 - mmdet - INFO - Exp name: mask_rcnn_r50_fpn_2x_baloon.py
2023-02-10 01:08:03,273 - mmdet - INFO - Epoch(val) [2][13]	bbox_mAP: 0.0818, bbox_mAP_50: 0.1436, bbox_mAP_75: 0.0761, bbox_mAP_s: 0.0000, bbox_mAP_m: 0.0788, bbox_mAP_l: 0.1017, bbox_mAP_copypaste: 0.0818 0.1436 0.0761 0.0000 0.0788 0.1017, segm_mAP: 0.1165, segm_mAP_50: 0.1460, segm_mAP_75: 0.1322, segm_mAP_s: 0.0031, segm_mAP_m: 0.0677, segm_mAP_l: 0.2067, segm_mAP_copypaste: 0.1165 0.1460 0.1322 0.0031 0.0677 0.2067
2023-02-10 01:08:17,404 - mmdet - INFO - Epoch [3][10/16]	lr: 1.658e-04, eta: 0:06:35, time: 1.403, data_time: 0.924, memory: 7098, loss_rpn_cls: 0.0403, loss_rpn_bbox: 0.0164, loss_cls: 0.2797, acc: 89.5898, loss_bbox: 0.3709, loss_mask: 0.2240, loss: 0.9313
2023-02-10 01:08:20,505 - mmdet - INFO - Saving checkpoint at 3 epochs
2023-02-10 01:08:38,002 - mmdet - INFO - Evaluating bbox...
2023-02-10 01:08:38,113 - mmdet - INFO - 
 Average Precision  (AP) @[ IoU=0.50:0.95 | area=   all | maxDets=100 ] = 0.230
 Average Precision  (AP) @[ IoU=0.50      | area=   all | maxDets=1000 ] = 0.316
 Average Precision  (AP) @[ IoU=0.75      | area=   all | maxDets=1000 ] = 0.266
 Average Precision  (AP) @[ IoU=0.50:0.95 | area= small | maxDets=1000 ] = 0.000
 Average Precision  (AP) @[ IoU=0.50:0.95 | area=medium | maxDets=1000 ] = 0.193
 Average Precision  (AP) @[ IoU=0.50:0.95 | area= large | maxDets=1000 ] = 0.271
 Average Recall     (AR) @[ IoU=0.50:0.95 | area=   all | maxDets=100 ] = 0.686
 Average Recall     (AR) @[ IoU=0.50:0.95 | area=   all | maxDets=300 ] = 0.686
 Average Recall     (AR) @[ IoU=0.50:0.95 | area=   all | maxDets=1000 ] = 0.686
 Average Recall     (AR) @[ IoU=0.50:0.95 | area= small | maxDets=1000 ] = 0.000
 Average Recall     (AR) @[ IoU=0.50:0.95 | area=medium | maxDets=1000 ] = 0.575
 Average Recall     (AR) @[ IoU=0.50:0.95 | area= large | maxDets=1000 ] = 0.761

2023-02-10 01:08:38,113 - mmdet - INFO - Evaluating segm...
2023-02-10 01:08:38,265 - mmdet - INFO - 
 Average Precision  (AP) @[ IoU=0.50:0.95 | area=   all | maxDets=100 ] = 0.279
 Average Precision  (AP) @[ IoU=0.50      | area=   all | maxDets=1000 ] = 0.317
 Average Precision  (AP) @[ IoU=0.75      | area=   all | maxDets=1000 ] = 0.314
 Average Precision  (AP) @[ IoU=0.50:0.95 | area= small | maxDets=1000 ] = 0.005
 Average Precision  (AP) @[ IoU=0.50:0.95 | area=medium | maxDets=1000 ] = 0.124
 Average Precision  (AP) @[ IoU=0.50:0.95 | area= large | maxDets=1000 ] = 0.430
 Average Recall     (AR) @[ IoU=0.50:0.95 | area=   all | maxDets=100 ] = 0.792
 Average Recall     (AR) @[ IoU=0.50:0.95 | area=   all | maxDets=300 ] = 0.792
 Average Recall     (AR) @[ IoU=0.50:0.95 | area=   all | maxDets=1000 ] = 0.792
 Average Recall     (AR) @[ IoU=0.50:0.95 | area= small | maxDets=1000 ] = 0.250
 Average Recall     (AR) @[ IoU=0.50:0.95 | area=medium | maxDets=1000 ] = 0.650
 Average Recall     (AR) @[ IoU=0.50:0.95 | area= large | maxDets=1000 ] = 0.869

2023-02-10 01:08:38,311 - mmdet - INFO - The previous best checkpoint D:\workspace\openmmlab_tutorial\hw2\work\baloon\best_bbox_mAP_epoch_2.pth was removed
2023-02-10 01:08:40,269 - mmdet - INFO - Now best checkpoint is saved as best_bbox_mAP_epoch_3.pth.
2023-02-10 01:08:40,269 - mmdet - INFO - Best bbox_mAP is 0.2302 at 3 epoch.
2023-02-10 01:08:40,271 - mmdet - INFO - Exp name: mask_rcnn_r50_fpn_2x_baloon.py
2023-02-10 01:08:40,271 - mmdet - INFO - Epoch(val) [3][13]	bbox_mAP: 0.2302, bbox_mAP_50: 0.3159, bbox_mAP_75: 0.2661, bbox_mAP_s: 0.0000, bbox_mAP_m: 0.1935, bbox_mAP_l: 0.2709, bbox_mAP_copypaste: 0.2302 0.3159 0.2661 0.0000 0.1935 0.2709, segm_mAP: 0.2794, segm_mAP_50: 0.3166, segm_mAP_75: 0.3143, segm_mAP_s: 0.0045, segm_mAP_m: 0.1242, segm_mAP_l: 0.4301, segm_mAP_copypaste: 0.2794 0.3166 0.3143 0.0045 0.1242 0.4301
2023-02-10 01:08:54,079 - mmdet - INFO - Epoch [4][10/16]	lr: 2.298e-04, eta: 0:05:49, time: 1.372, data_time: 0.897, memory: 7098, loss_rpn_cls: 0.0303, loss_rpn_bbox: 0.0114, loss_cls: 0.2326, acc: 89.7461, loss_bbox: 0.3642, loss_mask: 0.1713, loss: 0.8098
2023-02-10 01:08:57,366 - mmdet - INFO - Saving checkpoint at 4 epochs
2023-02-10 01:09:13,932 - mmdet - INFO - Evaluating bbox...
2023-02-10 01:09:14,034 - mmdet - INFO - 
 Average Precision  (AP) @[ IoU=0.50:0.95 | area=   all | maxDets=100 ] = 0.490
 Average Precision  (AP) @[ IoU=0.50      | area=   all | maxDets=1000 ] = 0.648
 Average Precision  (AP) @[ IoU=0.75      | area=   all | maxDets=1000 ] = 0.538
 Average Precision  (AP) @[ IoU=0.50:0.95 | area= small | maxDets=1000 ] = 0.000
 Average Precision  (AP) @[ IoU=0.50:0.95 | area=medium | maxDets=1000 ] = 0.449
 Average Precision  (AP) @[ IoU=0.50:0.95 | area= large | maxDets=1000 ] = 0.539
 Average Recall     (AR) @[ IoU=0.50:0.95 | area=   all | maxDets=100 ] = 0.700
 Average Recall     (AR) @[ IoU=0.50:0.95 | area=   all | maxDets=300 ] = 0.700
 Average Recall     (AR) @[ IoU=0.50:0.95 | area=   all | maxDets=1000 ] = 0.700
 Average Recall     (AR) @[ IoU=0.50:0.95 | area= small | maxDets=1000 ] = 0.000
 Average Recall     (AR) @[ IoU=0.50:0.95 | area=medium | maxDets=1000 ] = 0.625
 Average Recall     (AR) @[ IoU=0.50:0.95 | area= large | maxDets=1000 ] = 0.764

2023-02-10 01:09:14,034 - mmdet - INFO - Evaluating segm...
2023-02-10 01:09:14,166 - mmdet - INFO - 
 Average Precision  (AP) @[ IoU=0.50:0.95 | area=   all | maxDets=100 ] = 0.585
 Average Precision  (AP) @[ IoU=0.50      | area=   all | maxDets=1000 ] = 0.648
 Average Precision  (AP) @[ IoU=0.75      | area=   all | maxDets=1000 ] = 0.638
 Average Precision  (AP) @[ IoU=0.50:0.95 | area= small | maxDets=1000 ] = 0.011
 Average Precision  (AP) @[ IoU=0.50:0.95 | area=medium | maxDets=1000 ] = 0.391
 Average Precision  (AP) @[ IoU=0.50:0.95 | area= large | maxDets=1000 ] = 0.697
 Average Recall     (AR) @[ IoU=0.50:0.95 | area=   all | maxDets=100 ] = 0.812
 Average Recall     (AR) @[ IoU=0.50:0.95 | area=   all | maxDets=300 ] = 0.812
 Average Recall     (AR) @[ IoU=0.50:0.95 | area=   all | maxDets=1000 ] = 0.812
 Average Recall     (AR) @[ IoU=0.50:0.95 | area= small | maxDets=1000 ] = 0.250
 Average Recall     (AR) @[ IoU=0.50:0.95 | area=medium | maxDets=1000 ] = 0.708
 Average Recall     (AR) @[ IoU=0.50:0.95 | area= large | maxDets=1000 ] = 0.878

2023-02-10 01:09:14,205 - mmdet - INFO - The previous best checkpoint D:\workspace\openmmlab_tutorial\hw2\work\baloon\best_bbox_mAP_epoch_3.pth was removed
2023-02-10 01:09:16,183 - mmdet - INFO - Now best checkpoint is saved as best_bbox_mAP_epoch_4.pth.
2023-02-10 01:09:16,183 - mmdet - INFO - Best bbox_mAP is 0.4901 at 4 epoch.
2023-02-10 01:09:16,184 - mmdet - INFO - Exp name: mask_rcnn_r50_fpn_2x_baloon.py
2023-02-10 01:09:16,184 - mmdet - INFO - Epoch(val) [4][13]	bbox_mAP: 0.4901, bbox_mAP_50: 0.6478, bbox_mAP_75: 0.5383, bbox_mAP_s: 0.0000, bbox_mAP_m: 0.4493, bbox_mAP_l: 0.5387, bbox_mAP_copypaste: 0.4901 0.6478 0.5383 0.0000 0.4493 0.5387, segm_mAP: 0.5846, segm_mAP_50: 0.6482, segm_mAP_75: 0.6377, segm_mAP_s: 0.0115, segm_mAP_m: 0.3915, segm_mAP_l: 0.6974, segm_mAP_copypaste: 0.5846 0.6482 0.6377 0.0115 0.3915 0.6974
2023-02-10 01:09:29,966 - mmdet - INFO - Epoch [5][10/16]	lr: 2.937e-04, eta: 0:05:18, time: 1.369, data_time: 0.874, memory: 7098, loss_rpn_cls: 0.0288, loss_rpn_bbox: 0.0105, loss_cls: 0.2034, acc: 89.1553, loss_bbox: 0.3864, loss_mask: 0.1028, loss: 0.7319
2023-02-10 01:09:33,210 - mmdet - INFO - Saving checkpoint at 5 epochs
2023-02-10 01:09:49,359 - mmdet - INFO - Evaluating bbox...
2023-02-10 01:09:49,453 - mmdet - INFO - 
 Average Precision  (AP) @[ IoU=0.50:0.95 | area=   all | maxDets=100 ] = 0.612
 Average Precision  (AP) @[ IoU=0.50      | area=   all | maxDets=1000 ] = 0.813
 Average Precision  (AP) @[ IoU=0.75      | area=   all | maxDets=1000 ] = 0.668
 Average Precision  (AP) @[ IoU=0.50:0.95 | area= small | maxDets=1000 ] = 0.000
 Average Precision  (AP) @[ IoU=0.50:0.95 | area=medium | maxDets=1000 ] = 0.633
 Average Precision  (AP) @[ IoU=0.50:0.95 | area= large | maxDets=1000 ] = 0.656
 Average Recall     (AR) @[ IoU=0.50:0.95 | area=   all | maxDets=100 ] = 0.728
 Average Recall     (AR) @[ IoU=0.50:0.95 | area=   all | maxDets=300 ] = 0.728
 Average Recall     (AR) @[ IoU=0.50:0.95 | area=   all | maxDets=1000 ] = 0.728
 Average Recall     (AR) @[ IoU=0.50:0.95 | area= small | maxDets=1000 ] = 0.000
 Average Recall     (AR) @[ IoU=0.50:0.95 | area=medium | maxDets=1000 ] = 0.708
 Average Recall     (AR) @[ IoU=0.50:0.95 | area= large | maxDets=1000 ] = 0.775

2023-02-10 01:09:49,453 - mmdet - INFO - Evaluating segm...
2023-02-10 01:09:49,577 - mmdet - INFO - 
 Average Precision  (AP) @[ IoU=0.50:0.95 | area=   all | maxDets=100 ] = 0.738
 Average Precision  (AP) @[ IoU=0.50      | area=   all | maxDets=1000 ] = 0.811
 Average Precision  (AP) @[ IoU=0.75      | area=   all | maxDets=1000 ] = 0.798
 Average Precision  (AP) @[ IoU=0.50:0.95 | area= small | maxDets=1000 ] = 0.011
 Average Precision  (AP) @[ IoU=0.50:0.95 | area=medium | maxDets=1000 ] = 0.655
 Average Precision  (AP) @[ IoU=0.50:0.95 | area= large | maxDets=1000 ] = 0.807
 Average Recall     (AR) @[ IoU=0.50:0.95 | area=   all | maxDets=100 ] = 0.830
 Average Recall     (AR) @[ IoU=0.50:0.95 | area=   all | maxDets=300 ] = 0.830
 Average Recall     (AR) @[ IoU=0.50:0.95 | area=   all | maxDets=1000 ] = 0.830
 Average Recall     (AR) @[ IoU=0.50:0.95 | area= small | maxDets=1000 ] = 0.200
 Average Recall     (AR) @[ IoU=0.50:0.95 | area=medium | maxDets=1000 ] = 0.792
 Average Recall     (AR) @[ IoU=0.50:0.95 | area= large | maxDets=1000 ] = 0.878

2023-02-10 01:09:49,617 - mmdet - INFO - The previous best checkpoint D:\workspace\openmmlab_tutorial\hw2\work\baloon\best_bbox_mAP_epoch_4.pth was removed
2023-02-10 01:09:51,643 - mmdet - INFO - Now best checkpoint is saved as best_bbox_mAP_epoch_5.pth.
2023-02-10 01:09:51,644 - mmdet - INFO - Best bbox_mAP is 0.6117 at 5 epoch.
2023-02-10 01:09:51,645 - mmdet - INFO - Exp name: mask_rcnn_r50_fpn_2x_baloon.py
2023-02-10 01:09:51,645 - mmdet - INFO - Epoch(val) [5][13]	bbox_mAP: 0.6117, bbox_mAP_50: 0.8128, bbox_mAP_75: 0.6683, bbox_mAP_s: 0.0000, bbox_mAP_m: 0.6331, bbox_mAP_l: 0.6562, bbox_mAP_copypaste: 0.6117 0.8128 0.6683 0.0000 0.6331 0.6562, segm_mAP: 0.7381, segm_mAP_50: 0.8105, segm_mAP_75: 0.7982, segm_mAP_s: 0.0112, segm_mAP_m: 0.6549, segm_mAP_l: 0.8069, segm_mAP_copypaste: 0.7381 0.8105 0.7982 0.0112 0.6549 0.8069
2023-02-10 01:10:05,401 - mmdet - INFO - Epoch [6][10/16]	lr: 3.576e-04, eta: 0:04:52, time: 1.367, data_time: 0.895, memory: 7098, loss_rpn_cls: 0.0231, loss_rpn_bbox: 0.0126, loss_cls: 0.1839, acc: 90.0537, loss_bbox: 0.4115, loss_mask: 0.1039, loss: 0.7350
2023-02-10 01:10:08,523 - mmdet - INFO - Saving checkpoint at 6 epochs
2023-02-10 01:10:23,848 - mmdet - INFO - Evaluating bbox...
2023-02-10 01:10:23,937 - mmdet - INFO - 
 Average Precision  (AP) @[ IoU=0.50:0.95 | area=   all | maxDets=100 ] = 0.607
 Average Precision  (AP) @[ IoU=0.50      | area=   all | maxDets=1000 ] = 0.825
 Average Precision  (AP) @[ IoU=0.75      | area=   all | maxDets=1000 ] = 0.654
 Average Precision  (AP) @[ IoU=0.50:0.95 | area= small | maxDets=1000 ] = 0.000
 Average Precision  (AP) @[ IoU=0.50:0.95 | area=medium | maxDets=1000 ] = 0.681
 Average Precision  (AP) @[ IoU=0.50:0.95 | area= large | maxDets=1000 ] = 0.637
 Average Recall     (AR) @[ IoU=0.50:0.95 | area=   all | maxDets=100 ] = 0.714
 Average Recall     (AR) @[ IoU=0.50:0.95 | area=   all | maxDets=300 ] = 0.714
 Average Recall     (AR) @[ IoU=0.50:0.95 | area=   all | maxDets=1000 ] = 0.714
 Average Recall     (AR) @[ IoU=0.50:0.95 | area= small | maxDets=1000 ] = 0.000
 Average Recall     (AR) @[ IoU=0.50:0.95 | area=medium | maxDets=1000 ] = 0.733
 Average Recall     (AR) @[ IoU=0.50:0.95 | area= large | maxDets=1000 ] = 0.747

2023-02-10 01:10:23,937 - mmdet - INFO - Evaluating segm...
2023-02-10 01:10:24,056 - mmdet - INFO - 
 Average Precision  (AP) @[ IoU=0.50:0.95 | area=   all | maxDets=100 ] = 0.752
 Average Precision  (AP) @[ IoU=0.50      | area=   all | maxDets=1000 ] = 0.825
 Average Precision  (AP) @[ IoU=0.75      | area=   all | maxDets=1000 ] = 0.814
 Average Precision  (AP) @[ IoU=0.50:0.95 | area= small | maxDets=1000 ] = 0.018
 Average Precision  (AP) @[ IoU=0.50:0.95 | area=medium | maxDets=1000 ] = 0.715
 Average Precision  (AP) @[ IoU=0.50:0.95 | area= large | maxDets=1000 ] = 0.814
 Average Recall     (AR) @[ IoU=0.50:0.95 | area=   all | maxDets=100 ] = 0.834
 Average Recall     (AR) @[ IoU=0.50:0.95 | area=   all | maxDets=300 ] = 0.834
 Average Recall     (AR) @[ IoU=0.50:0.95 | area=   all | maxDets=1000 ] = 0.834
 Average Recall     (AR) @[ IoU=0.50:0.95 | area= small | maxDets=1000 ] = 0.250
 Average Recall     (AR) @[ IoU=0.50:0.95 | area=medium | maxDets=1000 ] = 0.783
 Average Recall     (AR) @[ IoU=0.50:0.95 | area= large | maxDets=1000 ] = 0.883

2023-02-10 01:10:24,062 - mmdet - INFO - Exp name: mask_rcnn_r50_fpn_2x_baloon.py
2023-02-10 01:10:24,063 - mmdet - INFO - Epoch(val) [6][13]	bbox_mAP: 0.6073, bbox_mAP_50: 0.8253, bbox_mAP_75: 0.6545, bbox_mAP_s: 0.0000, bbox_mAP_m: 0.6813, bbox_mAP_l: 0.6371, bbox_mAP_copypaste: 0.6073 0.8253 0.6545 0.0000 0.6813 0.6371, segm_mAP: 0.7518, segm_mAP_50: 0.8252, segm_mAP_75: 0.8144, segm_mAP_s: 0.0180, segm_mAP_m: 0.7150, segm_mAP_l: 0.8140, segm_mAP_copypaste: 0.7518 0.8252 0.8144 0.0180 0.7150 0.8140
2023-02-10 01:10:37,808 - mmdet - INFO - Epoch [7][10/16]	lr: 4.216e-04, eta: 0:04:30, time: 1.366, data_time: 0.896, memory: 7098, loss_rpn_cls: 0.0173, loss_rpn_bbox: 0.0103, loss_cls: 0.1396, acc: 95.1465, loss_bbox: 0.3436, loss_mask: 0.0960, loss: 0.6067
2023-02-10 01:10:40,956 - mmdet - INFO - Saving checkpoint at 7 epochs
2023-02-10 01:10:55,432 - mmdet - INFO - Evaluating bbox...
2023-02-10 01:10:55,509 - mmdet - INFO - 
 Average Precision  (AP) @[ IoU=0.50:0.95 | area=   all | maxDets=100 ] = 0.638
 Average Precision  (AP) @[ IoU=0.50      | area=   all | maxDets=1000 ] = 0.844
 Average Precision  (AP) @[ IoU=0.75      | area=   all | maxDets=1000 ] = 0.749
 Average Precision  (AP) @[ IoU=0.50:0.95 | area= small | maxDets=1000 ] = 0.005
 Average Precision  (AP) @[ IoU=0.50:0.95 | area=medium | maxDets=1000 ] = 0.702
 Average Precision  (AP) @[ IoU=0.50:0.95 | area= large | maxDets=1000 ] = 0.664
 Average Recall     (AR) @[ IoU=0.50:0.95 | area=   all | maxDets=100 ] = 0.742
 Average Recall     (AR) @[ IoU=0.50:0.95 | area=   all | maxDets=300 ] = 0.742
 Average Recall     (AR) @[ IoU=0.50:0.95 | area=   all | maxDets=1000 ] = 0.742
 Average Recall     (AR) @[ IoU=0.50:0.95 | area= small | maxDets=1000 ] = 0.200
 Average Recall     (AR) @[ IoU=0.50:0.95 | area=medium | maxDets=1000 ] = 0.750
 Average Recall     (AR) @[ IoU=0.50:0.95 | area= large | maxDets=1000 ] = 0.769

2023-02-10 01:10:55,509 - mmdet - INFO - Evaluating segm...
2023-02-10 01:10:55,607 - mmdet - INFO - 
 Average Precision  (AP) @[ IoU=0.50:0.95 | area=   all | maxDets=100 ] = 0.779
 Average Precision  (AP) @[ IoU=0.50      | area=   all | maxDets=1000 ] = 0.845
 Average Precision  (AP) @[ IoU=0.75      | area=   all | maxDets=1000 ] = 0.841
 Average Precision  (AP) @[ IoU=0.50:0.95 | area= small | maxDets=1000 ] = 0.024
 Average Precision  (AP) @[ IoU=0.50:0.95 | area=medium | maxDets=1000 ] = 0.742
 Average Precision  (AP) @[ IoU=0.50:0.95 | area= large | maxDets=1000 ] = 0.832
 Average Recall     (AR) @[ IoU=0.50:0.95 | area=   all | maxDets=100 ] = 0.846
 Average Recall     (AR) @[ IoU=0.50:0.95 | area=   all | maxDets=300 ] = 0.846
 Average Recall     (AR) @[ IoU=0.50:0.95 | area=   all | maxDets=1000 ] = 0.846
 Average Recall     (AR) @[ IoU=0.50:0.95 | area= small | maxDets=1000 ] = 0.450
 Average Recall     (AR) @[ IoU=0.50:0.95 | area=medium | maxDets=1000 ] = 0.800
 Average Recall     (AR) @[ IoU=0.50:0.95 | area= large | maxDets=1000 ] = 0.883

2023-02-10 01:10:55,648 - mmdet - INFO - The previous best checkpoint D:\workspace\openmmlab_tutorial\hw2\work\baloon\best_bbox_mAP_epoch_5.pth was removed
2023-02-10 01:10:57,672 - mmdet - INFO - Now best checkpoint is saved as best_bbox_mAP_epoch_7.pth.
2023-02-10 01:10:57,672 - mmdet - INFO - Best bbox_mAP is 0.6376 at 7 epoch.
2023-02-10 01:10:57,673 - mmdet - INFO - Exp name: mask_rcnn_r50_fpn_2x_baloon.py
2023-02-10 01:10:57,674 - mmdet - INFO - Epoch(val) [7][13]	bbox_mAP: 0.6376, bbox_mAP_50: 0.8444, bbox_mAP_75: 0.7487, bbox_mAP_s: 0.0047, bbox_mAP_m: 0.7020, bbox_mAP_l: 0.6637, bbox_mAP_copypaste: 0.6376 0.8444 0.7487 0.0047 0.7020 0.6637, segm_mAP: 0.7786, segm_mAP_50: 0.8453, segm_mAP_75: 0.8412, segm_mAP_s: 0.0243, segm_mAP_m: 0.7421, segm_mAP_l: 0.8315, segm_mAP_copypaste: 0.7786 0.8453 0.8412 0.0243 0.7421 0.8315
2023-02-10 01:11:11,559 - mmdet - INFO - Epoch [8][10/16]	lr: 4.855e-04, eta: 0:04:11, time: 1.381, data_time: 0.887, memory: 7098, loss_rpn_cls: 0.0137, loss_rpn_bbox: 0.0120, loss_cls: 0.1209, acc: 96.1621, loss_bbox: 0.3101, loss_mask: 0.1006, loss: 0.5573
2023-02-10 01:11:14,819 - mmdet - INFO - Saving checkpoint at 8 epochs
2023-02-10 01:11:28,321 - mmdet - INFO - Evaluating bbox...
2023-02-10 01:11:28,377 - mmdet - INFO - 
 Average Precision  (AP) @[ IoU=0.50:0.95 | area=   all | maxDets=100 ] = 0.681
 Average Precision  (AP) @[ IoU=0.50      | area=   all | maxDets=1000 ] = 0.865
 Average Precision  (AP) @[ IoU=0.75      | area=   all | maxDets=1000 ] = 0.795
 Average Precision  (AP) @[ IoU=0.50:0.95 | area= small | maxDets=1000 ] = 0.017
 Average Precision  (AP) @[ IoU=0.50:0.95 | area=medium | maxDets=1000 ] = 0.696
 Average Precision  (AP) @[ IoU=0.50:0.95 | area= large | maxDets=1000 ] = 0.721
 Average Recall     (AR) @[ IoU=0.50:0.95 | area=   all | maxDets=100 ] = 0.756
 Average Recall     (AR) @[ IoU=0.50:0.95 | area=   all | maxDets=300 ] = 0.756
 Average Recall     (AR) @[ IoU=0.50:0.95 | area=   all | maxDets=1000 ] = 0.756
 Average Recall     (AR) @[ IoU=0.50:0.95 | area= small | maxDets=1000 ] = 0.050
 Average Recall     (AR) @[ IoU=0.50:0.95 | area=medium | maxDets=1000 ] = 0.750
 Average Recall     (AR) @[ IoU=0.50:0.95 | area= large | maxDets=1000 ] = 0.797

2023-02-10 01:11:28,377 - mmdet - INFO - Evaluating segm...
2023-02-10 01:11:28,449 - mmdet - INFO - 
 Average Precision  (AP) @[ IoU=0.50:0.95 | area=   all | maxDets=100 ] = 0.797
 Average Precision  (AP) @[ IoU=0.50      | area=   all | maxDets=1000 ] = 0.863
 Average Precision  (AP) @[ IoU=0.75      | area=   all | maxDets=1000 ] = 0.858
 Average Precision  (AP) @[ IoU=0.50:0.95 | area= small | maxDets=1000 ] = 0.032
 Average Precision  (AP) @[ IoU=0.50:0.95 | area=medium | maxDets=1000 ] = 0.751
 Average Precision  (AP) @[ IoU=0.50:0.95 | area= large | maxDets=1000 ] = 0.851
 Average Recall     (AR) @[ IoU=0.50:0.95 | area=   all | maxDets=100 ] = 0.846
 Average Recall     (AR) @[ IoU=0.50:0.95 | area=   all | maxDets=300 ] = 0.846
 Average Recall     (AR) @[ IoU=0.50:0.95 | area=   all | maxDets=1000 ] = 0.846
 Average Recall     (AR) @[ IoU=0.50:0.95 | area= small | maxDets=1000 ] = 0.250
 Average Recall     (AR) @[ IoU=0.50:0.95 | area=medium | maxDets=1000 ] = 0.800
 Average Recall     (AR) @[ IoU=0.50:0.95 | area= large | maxDets=1000 ] = 0.894

2023-02-10 01:11:28,491 - mmdet - INFO - The previous best checkpoint D:\workspace\openmmlab_tutorial\hw2\work\baloon\best_bbox_mAP_epoch_7.pth was removed
2023-02-10 01:11:30,509 - mmdet - INFO - Now best checkpoint is saved as best_bbox_mAP_epoch_8.pth.
2023-02-10 01:11:30,510 - mmdet - INFO - Best bbox_mAP is 0.6807 at 8 epoch.
2023-02-10 01:11:30,511 - mmdet - INFO - Exp name: mask_rcnn_r50_fpn_2x_baloon.py
2023-02-10 01:11:30,511 - mmdet - INFO - Epoch(val) [8][13]	bbox_mAP: 0.6807, bbox_mAP_50: 0.8646, bbox_mAP_75: 0.7955, bbox_mAP_s: 0.0168, bbox_mAP_m: 0.6958, bbox_mAP_l: 0.7212, bbox_mAP_copypaste: 0.6807 0.8646 0.7955 0.0168 0.6958 0.7212, segm_mAP: 0.7971, segm_mAP_50: 0.8625, segm_mAP_75: 0.8577, segm_mAP_s: 0.0316, segm_mAP_m: 0.7511, segm_mAP_l: 0.8508, segm_mAP_copypaste: 0.7971 0.8625 0.8577 0.0316 0.7511 0.8508
2023-02-10 01:11:44,226 - mmdet - INFO - Epoch [9][10/16]	lr: 5.495e-04, eta: 0:03:53, time: 1.363, data_time: 0.878, memory: 7098, loss_rpn_cls: 0.0091, loss_rpn_bbox: 0.0113, loss_cls: 0.0937, acc: 96.9727, loss_bbox: 0.2327, loss_mask: 0.1008, loss: 0.4476
2023-02-10 01:11:47,423 - mmdet - INFO - Saving checkpoint at 9 epochs
2023-02-10 01:11:59,157 - mmdet - INFO - Evaluating bbox...
2023-02-10 01:11:59,195 - mmdet - INFO - 
 Average Precision  (AP) @[ IoU=0.50:0.95 | area=   all | maxDets=100 ] = 0.743
 Average Precision  (AP) @[ IoU=0.50      | area=   all | maxDets=1000 ] = 0.876
 Average Precision  (AP) @[ IoU=0.75      | area=   all | maxDets=1000 ] = 0.844
 Average Precision  (AP) @[ IoU=0.50:0.95 | area= small | maxDets=1000 ] = 0.050
 Average Precision  (AP) @[ IoU=0.50:0.95 | area=medium | maxDets=1000 ] = 0.711
 Average Precision  (AP) @[ IoU=0.50:0.95 | area= large | maxDets=1000 ] = 0.800
 Average Recall     (AR) @[ IoU=0.50:0.95 | area=   all | maxDets=100 ] = 0.800
 Average Recall     (AR) @[ IoU=0.50:0.95 | area=   all | maxDets=300 ] = 0.800
 Average Recall     (AR) @[ IoU=0.50:0.95 | area=   all | maxDets=1000 ] = 0.800
 Average Recall     (AR) @[ IoU=0.50:0.95 | area= small | maxDets=1000 ] = 0.100
 Average Recall     (AR) @[ IoU=0.50:0.95 | area=medium | maxDets=1000 ] = 0.758
 Average Recall     (AR) @[ IoU=0.50:0.95 | area= large | maxDets=1000 ] = 0.853

2023-02-10 01:11:59,195 - mmdet - INFO - Evaluating segm...
2023-02-10 01:11:59,243 - mmdet - INFO - 
 Average Precision  (AP) @[ IoU=0.50:0.95 | area=   all | maxDets=100 ] = 0.813
 Average Precision  (AP) @[ IoU=0.50      | area=   all | maxDets=1000 ] = 0.873
 Average Precision  (AP) @[ IoU=0.75      | area=   all | maxDets=1000 ] = 0.866
 Average Precision  (AP) @[ IoU=0.50:0.95 | area= small | maxDets=1000 ] = 0.036
 Average Precision  (AP) @[ IoU=0.50:0.95 | area=medium | maxDets=1000 ] = 0.759
 Average Precision  (AP) @[ IoU=0.50:0.95 | area= large | maxDets=1000 ] = 0.869
 Average Recall     (AR) @[ IoU=0.50:0.95 | area=   all | maxDets=100 ] = 0.854
 Average Recall     (AR) @[ IoU=0.50:0.95 | area=   all | maxDets=300 ] = 0.854
 Average Recall     (AR) @[ IoU=0.50:0.95 | area=   all | maxDets=1000 ] = 0.854
 Average Recall     (AR) @[ IoU=0.50:0.95 | area= small | maxDets=1000 ] = 0.250
 Average Recall     (AR) @[ IoU=0.50:0.95 | area=medium | maxDets=1000 ] = 0.808
 Average Recall     (AR) @[ IoU=0.50:0.95 | area= large | maxDets=1000 ] = 0.903

2023-02-10 01:11:59,292 - mmdet - INFO - The previous best checkpoint D:\workspace\openmmlab_tutorial\hw2\work\baloon\best_bbox_mAP_epoch_8.pth was removed
2023-02-10 01:12:01,214 - mmdet - INFO - Now best checkpoint is saved as best_bbox_mAP_epoch_9.pth.
2023-02-10 01:12:01,214 - mmdet - INFO - Best bbox_mAP is 0.7432 at 9 epoch.
2023-02-10 01:12:01,215 - mmdet - INFO - Exp name: mask_rcnn_r50_fpn_2x_baloon.py
2023-02-10 01:12:01,215 - mmdet - INFO - Epoch(val) [9][13]	bbox_mAP: 0.7432, bbox_mAP_50: 0.8762, bbox_mAP_75: 0.8440, bbox_mAP_s: 0.0505, bbox_mAP_m: 0.7115, bbox_mAP_l: 0.8001, bbox_mAP_copypaste: 0.7432 0.8762 0.8440 0.0505 0.7115 0.8001, segm_mAP: 0.8131, segm_mAP_50: 0.8733, segm_mAP_75: 0.8665, segm_mAP_s: 0.0361, segm_mAP_m: 0.7593, segm_mAP_l: 0.8690, segm_mAP_copypaste: 0.8131 0.8733 0.8665 0.0361 0.7593 0.8690
2023-02-10 01:12:15,094 - mmdet - INFO - Epoch [10][10/16]	lr: 6.134e-04, eta: 0:03:35, time: 1.379, data_time: 0.900, memory: 7098, loss_rpn_cls: 0.0069, loss_rpn_bbox: 0.0099, loss_cls: 0.0781, acc: 97.1582, loss_bbox: 0.1230, loss_mask: 0.0918, loss: 0.3099
2023-02-10 01:12:18,405 - mmdet - INFO - Saving checkpoint at 10 epochs
2023-02-10 01:12:30,118 - mmdet - INFO - Evaluating bbox...
2023-02-10 01:12:30,155 - mmdet - INFO - 
 Average Precision  (AP) @[ IoU=0.50:0.95 | area=   all | maxDets=100 ] = 0.736
 Average Precision  (AP) @[ IoU=0.50      | area=   all | maxDets=1000 ] = 0.891
 Average Precision  (AP) @[ IoU=0.75      | area=   all | maxDets=1000 ] = 0.861
 Average Precision  (AP) @[ IoU=0.50:0.95 | area= small | maxDets=1000 ] = 0.074
 Average Precision  (AP) @[ IoU=0.50:0.95 | area=medium | maxDets=1000 ] = 0.657
 Average Precision  (AP) @[ IoU=0.50:0.95 | area= large | maxDets=1000 ] = 0.795
 Average Recall     (AR) @[ IoU=0.50:0.95 | area=   all | maxDets=100 ] = 0.798
 Average Recall     (AR) @[ IoU=0.50:0.95 | area=   all | maxDets=300 ] = 0.798
 Average Recall     (AR) @[ IoU=0.50:0.95 | area=   all | maxDets=1000 ] = 0.798
 Average Recall     (AR) @[ IoU=0.50:0.95 | area= small | maxDets=1000 ] = 0.400
 Average Recall     (AR) @[ IoU=0.50:0.95 | area=medium | maxDets=1000 ] = 0.725
 Average Recall     (AR) @[ IoU=0.50:0.95 | area= large | maxDets=1000 ] = 0.844

2023-02-10 01:12:30,155 - mmdet - INFO - Evaluating segm...
2023-02-10 01:12:30,277 - mmdet - INFO - 
 Average Precision  (AP) @[ IoU=0.50:0.95 | area=   all | maxDets=100 ] = 0.804
 Average Precision  (AP) @[ IoU=0.50      | area=   all | maxDets=1000 ] = 0.881
 Average Precision  (AP) @[ IoU=0.75      | area=   all | maxDets=1000 ] = 0.871
 Average Precision  (AP) @[ IoU=0.50:0.95 | area= small | maxDets=1000 ] = 0.052
 Average Precision  (AP) @[ IoU=0.50:0.95 | area=medium | maxDets=1000 ] = 0.734
 Average Precision  (AP) @[ IoU=0.50:0.95 | area= large | maxDets=1000 ] = 0.857
 Average Recall     (AR) @[ IoU=0.50:0.95 | area=   all | maxDets=100 ] = 0.854
 Average Recall     (AR) @[ IoU=0.50:0.95 | area=   all | maxDets=300 ] = 0.854
 Average Recall     (AR) @[ IoU=0.50:0.95 | area=   all | maxDets=1000 ] = 0.854
 Average Recall     (AR) @[ IoU=0.50:0.95 | area= small | maxDets=1000 ] = 0.450
 Average Recall     (AR) @[ IoU=0.50:0.95 | area=medium | maxDets=1000 ] = 0.808
 Average Recall     (AR) @[ IoU=0.50:0.95 | area= large | maxDets=1000 ] = 0.892

2023-02-10 01:12:30,281 - mmdet - INFO - Exp name: mask_rcnn_r50_fpn_2x_baloon.py
2023-02-10 01:12:30,281 - mmdet - INFO - Epoch(val) [10][13]	bbox_mAP: 0.7359, bbox_mAP_50: 0.8911, bbox_mAP_75: 0.8613, bbox_mAP_s: 0.0737, bbox_mAP_m: 0.6568, bbox_mAP_l: 0.7949, bbox_mAP_copypaste: 0.7359 0.8911 0.8613 0.0737 0.6568 0.7949, segm_mAP: 0.8041, segm_mAP_50: 0.8807, segm_mAP_75: 0.8712, segm_mAP_s: 0.0524, segm_mAP_m: 0.7344, segm_mAP_l: 0.8573, segm_mAP_copypaste: 0.8041 0.8807 0.8712 0.0524 0.7344 0.8573
2023-02-10 01:12:44,321 - mmdet - INFO - Epoch [11][10/16]	lr: 6.773e-04, eta: 0:03:19, time: 1.396, data_time: 0.897, memory: 7098, loss_rpn_cls: 0.0079, loss_rpn_bbox: 0.0130, loss_cls: 0.0824, acc: 97.0508, loss_bbox: 0.1237, loss_mask: 0.0940, loss: 0.3209
2023-02-10 01:12:47,441 - mmdet - INFO - Saving checkpoint at 11 epochs
2023-02-10 01:12:59,201 - mmdet - INFO - Evaluating bbox...
2023-02-10 01:12:59,235 - mmdet - INFO - 
 Average Precision  (AP) @[ IoU=0.50:0.95 | area=   all | maxDets=100 ] = 0.778
 Average Precision  (AP) @[ IoU=0.50      | area=   all | maxDets=1000 ] = 0.899
 Average Precision  (AP) @[ IoU=0.75      | area=   all | maxDets=1000 ] = 0.864
 Average Precision  (AP) @[ IoU=0.50:0.95 | area= small | maxDets=1000 ] = 0.112
 Average Precision  (AP) @[ IoU=0.50:0.95 | area=medium | maxDets=1000 ] = 0.686
 Average Precision  (AP) @[ IoU=0.50:0.95 | area= large | maxDets=1000 ] = 0.844
 Average Recall     (AR) @[ IoU=0.50:0.95 | area=   all | maxDets=100 ] = 0.832
 Average Recall     (AR) @[ IoU=0.50:0.95 | area=   all | maxDets=300 ] = 0.832
 Average Recall     (AR) @[ IoU=0.50:0.95 | area=   all | maxDets=1000 ] = 0.832
 Average Recall     (AR) @[ IoU=0.50:0.95 | area= small | maxDets=1000 ] = 0.400
 Average Recall     (AR) @[ IoU=0.50:0.95 | area=medium | maxDets=1000 ] = 0.742
 Average Recall     (AR) @[ IoU=0.50:0.95 | area= large | maxDets=1000 ] = 0.886

2023-02-10 01:12:59,236 - mmdet - INFO - Evaluating segm...
2023-02-10 01:12:59,275 - mmdet - INFO - 
 Average Precision  (AP) @[ IoU=0.50:0.95 | area=   all | maxDets=100 ] = 0.823
 Average Precision  (AP) @[ IoU=0.50      | area=   all | maxDets=1000 ] = 0.884
 Average Precision  (AP) @[ IoU=0.75      | area=   all | maxDets=1000 ] = 0.882
 Average Precision  (AP) @[ IoU=0.50:0.95 | area= small | maxDets=1000 ] = 0.058
 Average Precision  (AP) @[ IoU=0.50:0.95 | area=medium | maxDets=1000 ] = 0.746
 Average Precision  (AP) @[ IoU=0.50:0.95 | area= large | maxDets=1000 ] = 0.878
 Average Recall     (AR) @[ IoU=0.50:0.95 | area=   all | maxDets=100 ] = 0.864
 Average Recall     (AR) @[ IoU=0.50:0.95 | area=   all | maxDets=300 ] = 0.864
 Average Recall     (AR) @[ IoU=0.50:0.95 | area=   all | maxDets=1000 ] = 0.864
 Average Recall     (AR) @[ IoU=0.50:0.95 | area= small | maxDets=1000 ] = 0.500
 Average Recall     (AR) @[ IoU=0.50:0.95 | area=medium | maxDets=1000 ] = 0.800
 Average Recall     (AR) @[ IoU=0.50:0.95 | area= large | maxDets=1000 ] = 0.906

2023-02-10 01:12:59,322 - mmdet - INFO - The previous best checkpoint D:\workspace\openmmlab_tutorial\hw2\work\baloon\best_bbox_mAP_epoch_9.pth was removed
2023-02-10 01:13:01,356 - mmdet - INFO - Now best checkpoint is saved as best_bbox_mAP_epoch_11.pth.
2023-02-10 01:13:01,357 - mmdet - INFO - Best bbox_mAP is 0.7777 at 11 epoch.
2023-02-10 01:13:01,358 - mmdet - INFO - Exp name: mask_rcnn_r50_fpn_2x_baloon.py
2023-02-10 01:13:01,358 - mmdet - INFO - Epoch(val) [11][13]	bbox_mAP: 0.7777, bbox_mAP_50: 0.8986, bbox_mAP_75: 0.8637, bbox_mAP_s: 0.1119, bbox_mAP_m: 0.6857, bbox_mAP_l: 0.8438, bbox_mAP_copypaste: 0.7777 0.8986 0.8637 0.1119 0.6857 0.8438, segm_mAP: 0.8227, segm_mAP_50: 0.8843, segm_mAP_75: 0.8818, segm_mAP_s: 0.0577, segm_mAP_m: 0.7462, segm_mAP_l: 0.8782, segm_mAP_copypaste: 0.8227 0.8843 0.8818 0.0577 0.7462 0.8782
2023-02-10 01:13:15,232 - mmdet - INFO - Epoch [12][10/16]	lr: 7.413e-04, eta: 0:03:03, time: 1.379, data_time: 0.889, memory: 7098, loss_rpn_cls: 0.0089, loss_rpn_bbox: 0.0105, loss_cls: 0.0743, acc: 97.3193, loss_bbox: 0.0959, loss_mask: 0.0871, loss: 0.2767
2023-02-10 01:13:18,395 - mmdet - INFO - Saving checkpoint at 12 epochs
2023-02-10 01:13:29,999 - mmdet - INFO - Evaluating bbox...
2023-02-10 01:13:30,029 - mmdet - INFO - 
 Average Precision  (AP) @[ IoU=0.50:0.95 | area=   all | maxDets=100 ] = 0.783
 Average Precision  (AP) @[ IoU=0.50      | area=   all | maxDets=1000 ] = 0.897
 Average Precision  (AP) @[ IoU=0.75      | area=   all | maxDets=1000 ] = 0.871
 Average Precision  (AP) @[ IoU=0.50:0.95 | area= small | maxDets=1000 ] = 0.076
 Average Precision  (AP) @[ IoU=0.50:0.95 | area=medium | maxDets=1000 ] = 0.712
 Average Precision  (AP) @[ IoU=0.50:0.95 | area= large | maxDets=1000 ] = 0.847
 Average Recall     (AR) @[ IoU=0.50:0.95 | area=   all | maxDets=100 ] = 0.822
 Average Recall     (AR) @[ IoU=0.50:0.95 | area=   all | maxDets=300 ] = 0.822
 Average Recall     (AR) @[ IoU=0.50:0.95 | area=   all | maxDets=1000 ] = 0.822
 Average Recall     (AR) @[ IoU=0.50:0.95 | area= small | maxDets=1000 ] = 0.150
 Average Recall     (AR) @[ IoU=0.50:0.95 | area=medium | maxDets=1000 ] = 0.758
 Average Recall     (AR) @[ IoU=0.50:0.95 | area= large | maxDets=1000 ] = 0.881

2023-02-10 01:13:30,029 - mmdet - INFO - Evaluating segm...
2023-02-10 01:13:30,066 - mmdet - INFO - 
 Average Precision  (AP) @[ IoU=0.50:0.95 | area=   all | maxDets=100 ] = 0.823
 Average Precision  (AP) @[ IoU=0.50      | area=   all | maxDets=1000 ] = 0.897
 Average Precision  (AP) @[ IoU=0.75      | area=   all | maxDets=1000 ] = 0.883
 Average Precision  (AP) @[ IoU=0.50:0.95 | area= small | maxDets=1000 ] = 0.038
 Average Precision  (AP) @[ IoU=0.50:0.95 | area=medium | maxDets=1000 ] = 0.748
 Average Precision  (AP) @[ IoU=0.50:0.95 | area= large | maxDets=1000 ] = 0.882
 Average Recall     (AR) @[ IoU=0.50:0.95 | area=   all | maxDets=100 ] = 0.856
 Average Recall     (AR) @[ IoU=0.50:0.95 | area=   all | maxDets=300 ] = 0.856
 Average Recall     (AR) @[ IoU=0.50:0.95 | area=   all | maxDets=1000 ] = 0.856
 Average Recall     (AR) @[ IoU=0.50:0.95 | area= small | maxDets=1000 ] = 0.300
 Average Recall     (AR) @[ IoU=0.50:0.95 | area=medium | maxDets=1000 ] = 0.792
 Average Recall     (AR) @[ IoU=0.50:0.95 | area= large | maxDets=1000 ] = 0.908

2023-02-10 01:13:30,110 - mmdet - INFO - The previous best checkpoint D:\workspace\openmmlab_tutorial\hw2\work\baloon\best_bbox_mAP_epoch_11.pth was removed
2023-02-10 01:13:32,171 - mmdet - INFO - Now best checkpoint is saved as best_bbox_mAP_epoch_12.pth.
2023-02-10 01:13:32,171 - mmdet - INFO - Best bbox_mAP is 0.7826 at 12 epoch.
2023-02-10 01:13:32,173 - mmdet - INFO - Exp name: mask_rcnn_r50_fpn_2x_baloon.py
2023-02-10 01:13:32,173 - mmdet - INFO - Epoch(val) [12][13]	bbox_mAP: 0.7826, bbox_mAP_50: 0.8973, bbox_mAP_75: 0.8713, bbox_mAP_s: 0.0757, bbox_mAP_m: 0.7120, bbox_mAP_l: 0.8468, bbox_mAP_copypaste: 0.7826 0.8973 0.8713 0.0757 0.7120 0.8468, segm_mAP: 0.8233, segm_mAP_50: 0.8973, segm_mAP_75: 0.8827, segm_mAP_s: 0.0379, segm_mAP_m: 0.7479, segm_mAP_l: 0.8820, segm_mAP_copypaste: 0.8233 0.8973 0.8827 0.0379 0.7479 0.8820
2023-02-10 01:13:46,052 - mmdet - INFO - Epoch [13][10/16]	lr: 8.052e-04, eta: 0:02:47, time: 1.379, data_time: 0.895, memory: 7098, loss_rpn_cls: 0.0070, loss_rpn_bbox: 0.0112, loss_cls: 0.0663, acc: 97.5000, loss_bbox: 0.0899, loss_mask: 0.0860, loss: 0.2603
2023-02-10 01:13:49,213 - mmdet - INFO - Saving checkpoint at 13 epochs
2023-02-10 01:14:00,540 - mmdet - INFO - Evaluating bbox...
2023-02-10 01:14:00,568 - mmdet - INFO - 
 Average Precision  (AP) @[ IoU=0.50:0.95 | area=   all | maxDets=100 ] = 0.777
 Average Precision  (AP) @[ IoU=0.50      | area=   all | maxDets=1000 ] = 0.898
 Average Precision  (AP) @[ IoU=0.75      | area=   all | maxDets=1000 ] = 0.872
 Average Precision  (AP) @[ IoU=0.50:0.95 | area= small | maxDets=1000 ] = 0.076
 Average Precision  (AP) @[ IoU=0.50:0.95 | area=medium | maxDets=1000 ] = 0.704
 Average Precision  (AP) @[ IoU=0.50:0.95 | area= large | maxDets=1000 ] = 0.840
 Average Recall     (AR) @[ IoU=0.50:0.95 | area=   all | maxDets=100 ] = 0.822
 Average Recall     (AR) @[ IoU=0.50:0.95 | area=   all | maxDets=300 ] = 0.822
 Average Recall     (AR) @[ IoU=0.50:0.95 | area=   all | maxDets=1000 ] = 0.822
 Average Recall     (AR) @[ IoU=0.50:0.95 | area= small | maxDets=1000 ] = 0.150
 Average Recall     (AR) @[ IoU=0.50:0.95 | area=medium | maxDets=1000 ] = 0.758
 Average Recall     (AR) @[ IoU=0.50:0.95 | area= large | maxDets=1000 ] = 0.881

2023-02-10 01:14:00,569 - mmdet - INFO - Evaluating segm...
2023-02-10 01:14:00,602 - mmdet - INFO - 
 Average Precision  (AP) @[ IoU=0.50:0.95 | area=   all | maxDets=100 ] = 0.825
 Average Precision  (AP) @[ IoU=0.50      | area=   all | maxDets=1000 ] = 0.898
 Average Precision  (AP) @[ IoU=0.75      | area=   all | maxDets=1000 ] = 0.883
 Average Precision  (AP) @[ IoU=0.50:0.95 | area= small | maxDets=1000 ] = 0.034
 Average Precision  (AP) @[ IoU=0.50:0.95 | area=medium | maxDets=1000 ] = 0.740
 Average Precision  (AP) @[ IoU=0.50:0.95 | area= large | maxDets=1000 ] = 0.884
 Average Recall     (AR) @[ IoU=0.50:0.95 | area=   all | maxDets=100 ] = 0.856
 Average Recall     (AR) @[ IoU=0.50:0.95 | area=   all | maxDets=300 ] = 0.856
 Average Recall     (AR) @[ IoU=0.50:0.95 | area=   all | maxDets=1000 ] = 0.856
 Average Recall     (AR) @[ IoU=0.50:0.95 | area= small | maxDets=1000 ] = 0.300
 Average Recall     (AR) @[ IoU=0.50:0.95 | area=medium | maxDets=1000 ] = 0.792
 Average Recall     (AR) @[ IoU=0.50:0.95 | area= large | maxDets=1000 ] = 0.908

2023-02-10 01:14:00,606 - mmdet - INFO - Exp name: mask_rcnn_r50_fpn_2x_baloon.py
2023-02-10 01:14:00,606 - mmdet - INFO - Epoch(val) [13][13]	bbox_mAP: 0.7771, bbox_mAP_50: 0.8975, bbox_mAP_75: 0.8715, bbox_mAP_s: 0.0757, bbox_mAP_m: 0.7040, bbox_mAP_l: 0.8404, bbox_mAP_copypaste: 0.7771 0.8975 0.8715 0.0757 0.7040 0.8404, segm_mAP: 0.8246, segm_mAP_50: 0.8975, segm_mAP_75: 0.8829, segm_mAP_s: 0.0337, segm_mAP_m: 0.7400, segm_mAP_l: 0.8841, segm_mAP_copypaste: 0.8246 0.8975 0.8829 0.0337 0.7400 0.8841
2023-02-10 01:14:14,443 - mmdet - INFO - Epoch [14][10/16]	lr: 8.691e-04, eta: 0:02:32, time: 1.375, data_time: 0.893, memory: 7098, loss_rpn_cls: 0.0057, loss_rpn_bbox: 0.0056, loss_cls: 0.0477, acc: 98.2715, loss_bbox: 0.0600, loss_mask: 0.0659, loss: 0.1848
2023-02-10 01:14:17,831 - mmdet - INFO - Saving checkpoint at 14 epochs
2023-02-10 01:14:28,907 - mmdet - INFO - Evaluating bbox...
2023-02-10 01:14:28,936 - mmdet - INFO - 
 Average Precision  (AP) @[ IoU=0.50:0.95 | area=   all | maxDets=100 ] = 0.770
 Average Precision  (AP) @[ IoU=0.50      | area=   all | maxDets=1000 ] = 0.910
 Average Precision  (AP) @[ IoU=0.75      | area=   all | maxDets=1000 ] = 0.880
 Average Precision  (AP) @[ IoU=0.50:0.95 | area= small | maxDets=1000 ] = 0.150
 Average Precision  (AP) @[ IoU=0.50:0.95 | area=medium | maxDets=1000 ] = 0.705
 Average Precision  (AP) @[ IoU=0.50:0.95 | area= large | maxDets=1000 ] = 0.824
 Average Recall     (AR) @[ IoU=0.50:0.95 | area=   all | maxDets=100 ] = 0.820
 Average Recall     (AR) @[ IoU=0.50:0.95 | area=   all | maxDets=300 ] = 0.820
 Average Recall     (AR) @[ IoU=0.50:0.95 | area=   all | maxDets=1000 ] = 0.820
 Average Recall     (AR) @[ IoU=0.50:0.95 | area= small | maxDets=1000 ] = 0.450
 Average Recall     (AR) @[ IoU=0.50:0.95 | area=medium | maxDets=1000 ] = 0.750
 Average Recall     (AR) @[ IoU=0.50:0.95 | area= large | maxDets=1000 ] = 0.864

2023-02-10 01:14:28,936 - mmdet - INFO - Evaluating segm...
2023-02-10 01:14:28,970 - mmdet - INFO - 
 Average Precision  (AP) @[ IoU=0.50:0.95 | area=   all | maxDets=100 ] = 0.827
 Average Precision  (AP) @[ IoU=0.50      | area=   all | maxDets=1000 ] = 0.910
 Average Precision  (AP) @[ IoU=0.75      | area=   all | maxDets=1000 ] = 0.885
 Average Precision  (AP) @[ IoU=0.50:0.95 | area= small | maxDets=1000 ] = 0.074
 Average Precision  (AP) @[ IoU=0.50:0.95 | area=medium | maxDets=1000 ] = 0.740
 Average Precision  (AP) @[ IoU=0.50:0.95 | area= large | maxDets=1000 ] = 0.883
 Average Recall     (AR) @[ IoU=0.50:0.95 | area=   all | maxDets=100 ] = 0.866
 Average Recall     (AR) @[ IoU=0.50:0.95 | area=   all | maxDets=300 ] = 0.866
 Average Recall     (AR) @[ IoU=0.50:0.95 | area=   all | maxDets=1000 ] = 0.866
 Average Recall     (AR) @[ IoU=0.50:0.95 | area= small | maxDets=1000 ] = 0.500
 Average Recall     (AR) @[ IoU=0.50:0.95 | area=medium | maxDets=1000 ] = 0.792
 Average Recall     (AR) @[ IoU=0.50:0.95 | area= large | maxDets=1000 ] = 0.911

2023-02-10 01:14:28,974 - mmdet - INFO - Exp name: mask_rcnn_r50_fpn_2x_baloon.py
2023-02-10 01:14:28,974 - mmdet - INFO - Epoch(val) [14][13]	bbox_mAP: 0.7699, bbox_mAP_50: 0.9103, bbox_mAP_75: 0.8799, bbox_mAP_s: 0.1505, bbox_mAP_m: 0.7054, bbox_mAP_l: 0.8243, bbox_mAP_copypaste: 0.7699 0.9103 0.8799 0.1505 0.7054 0.8243, segm_mAP: 0.8271, segm_mAP_50: 0.9103, segm_mAP_75: 0.8852, segm_mAP_s: 0.0742, segm_mAP_m: 0.7403, segm_mAP_l: 0.8834, segm_mAP_copypaste: 0.8271 0.9103 0.8852 0.0742 0.7403 0.8834
2023-02-10 01:14:42,606 - mmdet - INFO - Epoch [15][10/16]	lr: 9.331e-04, eta: 0:02:16, time: 1.355, data_time: 0.872, memory: 7098, loss_rpn_cls: 0.0075, loss_rpn_bbox: 0.0085, loss_cls: 0.0540, acc: 97.9395, loss_bbox: 0.0755, loss_mask: 0.0778, loss: 0.2232
2023-02-10 01:14:45,851 - mmdet - INFO - Saving checkpoint at 15 epochs
2023-02-10 01:14:56,863 - mmdet - INFO - Evaluating bbox...
2023-02-10 01:14:56,891 - mmdet - INFO - 
 Average Precision  (AP) @[ IoU=0.50:0.95 | area=   all | maxDets=100 ] = 0.790
 Average Precision  (AP) @[ IoU=0.50      | area=   all | maxDets=1000 ] = 0.914
 Average Precision  (AP) @[ IoU=0.75      | area=   all | maxDets=1000 ] = 0.883
 Average Precision  (AP) @[ IoU=0.50:0.95 | area= small | maxDets=1000 ] = 0.192
 Average Precision  (AP) @[ IoU=0.50:0.95 | area=medium | maxDets=1000 ] = 0.724
 Average Precision  (AP) @[ IoU=0.50:0.95 | area= large | maxDets=1000 ] = 0.842
 Average Recall     (AR) @[ IoU=0.50:0.95 | area=   all | maxDets=100 ] = 0.842
 Average Recall     (AR) @[ IoU=0.50:0.95 | area=   all | maxDets=300 ] = 0.842
 Average Recall     (AR) @[ IoU=0.50:0.95 | area=   all | maxDets=1000 ] = 0.842
 Average Recall     (AR) @[ IoU=0.50:0.95 | area= small | maxDets=1000 ] = 0.550
 Average Recall     (AR) @[ IoU=0.50:0.95 | area=medium | maxDets=1000 ] = 0.775
 Average Recall     (AR) @[ IoU=0.50:0.95 | area= large | maxDets=1000 ] = 0.881

2023-02-10 01:14:56,892 - mmdet - INFO - Evaluating segm...
2023-02-10 01:14:56,925 - mmdet - INFO - 
 Average Precision  (AP) @[ IoU=0.50:0.95 | area=   all | maxDets=100 ] = 0.821
 Average Precision  (AP) @[ IoU=0.50      | area=   all | maxDets=1000 ] = 0.892
 Average Precision  (AP) @[ IoU=0.75      | area=   all | maxDets=1000 ] = 0.888
 Average Precision  (AP) @[ IoU=0.50:0.95 | area= small | maxDets=1000 ] = 0.074
 Average Precision  (AP) @[ IoU=0.50:0.95 | area=medium | maxDets=1000 ] = 0.739
 Average Precision  (AP) @[ IoU=0.50:0.95 | area= large | maxDets=1000 ] = 0.877
 Average Recall     (AR) @[ IoU=0.50:0.95 | area=   all | maxDets=100 ] = 0.858
 Average Recall     (AR) @[ IoU=0.50:0.95 | area=   all | maxDets=300 ] = 0.858
 Average Recall     (AR) @[ IoU=0.50:0.95 | area=   all | maxDets=1000 ] = 0.858
 Average Recall     (AR) @[ IoU=0.50:0.95 | area= small | maxDets=1000 ] = 0.500
 Average Recall     (AR) @[ IoU=0.50:0.95 | area=medium | maxDets=1000 ] = 0.783
 Average Recall     (AR) @[ IoU=0.50:0.95 | area= large | maxDets=1000 ] = 0.903

2023-02-10 01:14:56,960 - mmdet - INFO - The previous best checkpoint D:\workspace\openmmlab_tutorial\hw2\work\baloon\best_bbox_mAP_epoch_12.pth was removed
2023-02-10 01:14:59,032 - mmdet - INFO - Now best checkpoint is saved as best_bbox_mAP_epoch_15.pth.
2023-02-10 01:14:59,032 - mmdet - INFO - Best bbox_mAP is 0.7898 at 15 epoch.
2023-02-10 01:14:59,033 - mmdet - INFO - Exp name: mask_rcnn_r50_fpn_2x_baloon.py
2023-02-10 01:14:59,033 - mmdet - INFO - Epoch(val) [15][13]	bbox_mAP: 0.7898, bbox_mAP_50: 0.9143, bbox_mAP_75: 0.8833, bbox_mAP_s: 0.1922, bbox_mAP_m: 0.7238, bbox_mAP_l: 0.8420, bbox_mAP_copypaste: 0.7898 0.9143 0.8833 0.1922 0.7238 0.8420, segm_mAP: 0.8214, segm_mAP_50: 0.8916, segm_mAP_75: 0.8880, segm_mAP_s: 0.0742, segm_mAP_m: 0.7390, segm_mAP_l: 0.8772, segm_mAP_copypaste: 0.8214 0.8916 0.8880 0.0742 0.7390 0.8772
2023-02-10 01:15:12,911 - mmdet - INFO - Epoch [16][10/16]	lr: 9.970e-04, eta: 0:02:01, time: 1.380, data_time: 0.894, memory: 7098, loss_rpn_cls: 0.0053, loss_rpn_bbox: 0.0071, loss_cls: 0.0516, acc: 98.0811, loss_bbox: 0.0700, loss_mask: 0.0712, loss: 0.2051
2023-02-10 01:15:16,078 - mmdet - INFO - Saving checkpoint at 16 epochs
2023-02-10 01:15:26,960 - mmdet - INFO - Evaluating bbox...
2023-02-10 01:15:26,989 - mmdet - INFO - 
 Average Precision  (AP) @[ IoU=0.50:0.95 | area=   all | maxDets=100 ] = 0.795
 Average Precision  (AP) @[ IoU=0.50      | area=   all | maxDets=1000 ] = 0.914
 Average Precision  (AP) @[ IoU=0.75      | area=   all | maxDets=1000 ] = 0.884
 Average Precision  (AP) @[ IoU=0.50:0.95 | area= small | maxDets=1000 ] = 0.238
 Average Precision  (AP) @[ IoU=0.50:0.95 | area=medium | maxDets=1000 ] = 0.703
 Average Precision  (AP) @[ IoU=0.50:0.95 | area= large | maxDets=1000 ] = 0.856
 Average Recall     (AR) @[ IoU=0.50:0.95 | area=   all | maxDets=100 ] = 0.842
 Average Recall     (AR) @[ IoU=0.50:0.95 | area=   all | maxDets=300 ] = 0.842
 Average Recall     (AR) @[ IoU=0.50:0.95 | area=   all | maxDets=1000 ] = 0.842
 Average Recall     (AR) @[ IoU=0.50:0.95 | area= small | maxDets=1000 ] = 0.550
 Average Recall     (AR) @[ IoU=0.50:0.95 | area=medium | maxDets=1000 ] = 0.750
 Average Recall     (AR) @[ IoU=0.50:0.95 | area= large | maxDets=1000 ] = 0.889

2023-02-10 01:15:26,990 - mmdet - INFO - Evaluating segm...
2023-02-10 01:15:27,023 - mmdet - INFO - 
 Average Precision  (AP) @[ IoU=0.50:0.95 | area=   all | maxDets=100 ] = 0.827
 Average Precision  (AP) @[ IoU=0.50      | area=   all | maxDets=1000 ] = 0.891
 Average Precision  (AP) @[ IoU=0.75      | area=   all | maxDets=1000 ] = 0.887
 Average Precision  (AP) @[ IoU=0.50:0.95 | area= small | maxDets=1000 ] = 0.093
 Average Precision  (AP) @[ IoU=0.50:0.95 | area=medium | maxDets=1000 ] = 0.748
 Average Precision  (AP) @[ IoU=0.50:0.95 | area= large | maxDets=1000 ] = 0.883
 Average Recall     (AR) @[ IoU=0.50:0.95 | area=   all | maxDets=100 ] = 0.862
 Average Recall     (AR) @[ IoU=0.50:0.95 | area=   all | maxDets=300 ] = 0.862
 Average Recall     (AR) @[ IoU=0.50:0.95 | area=   all | maxDets=1000 ] = 0.862
 Average Recall     (AR) @[ IoU=0.50:0.95 | area= small | maxDets=1000 ] = 0.500
 Average Recall     (AR) @[ IoU=0.50:0.95 | area=medium | maxDets=1000 ] = 0.792
 Average Recall     (AR) @[ IoU=0.50:0.95 | area= large | maxDets=1000 ] = 0.906

2023-02-10 01:15:27,068 - mmdet - INFO - The previous best checkpoint D:\workspace\openmmlab_tutorial\hw2\work\baloon\best_bbox_mAP_epoch_15.pth was removed
2023-02-10 01:15:29,126 - mmdet - INFO - Now best checkpoint is saved as best_bbox_mAP_epoch_16.pth.
2023-02-10 01:15:29,126 - mmdet - INFO - Best bbox_mAP is 0.7954 at 16 epoch.
2023-02-10 01:15:29,127 - mmdet - INFO - Exp name: mask_rcnn_r50_fpn_2x_baloon.py
2023-02-10 01:15:29,127 - mmdet - INFO - Epoch(val) [16][13]	bbox_mAP: 0.7954, bbox_mAP_50: 0.9142, bbox_mAP_75: 0.8837, bbox_mAP_s: 0.2379, bbox_mAP_m: 0.7027, bbox_mAP_l: 0.8557, bbox_mAP_copypaste: 0.7954 0.9142 0.8837 0.2379 0.7027 0.8557, segm_mAP: 0.8269, segm_mAP_50: 0.8908, segm_mAP_75: 0.8869, segm_mAP_s: 0.0926, segm_mAP_m: 0.7479, segm_mAP_l: 0.8831, segm_mAP_copypaste: 0.8269 0.8908 0.8869 0.0926 0.7479 0.8831
2023-02-10 01:15:43,165 - mmdet - INFO - Epoch [17][10/16]	lr: 1.061e-04, eta: 0:01:46, time: 1.396, data_time: 0.914, memory: 7098, loss_rpn_cls: 0.0042, loss_rpn_bbox: 0.0079, loss_cls: 0.0553, acc: 97.9297, loss_bbox: 0.0691, loss_mask: 0.0723, loss: 0.2088
2023-02-10 08:54:31,751 - mmdet - INFO - Saving checkpoint at 17 epochs
2023-02-10 08:54:49,335 - mmdet - INFO - Evaluating bbox...
2023-02-10 08:54:49,367 - mmdet - INFO - 
 Average Precision  (AP) @[ IoU=0.50:0.95 | area=   all | maxDets=100 ] = 0.793
 Average Precision  (AP) @[ IoU=0.50      | area=   all | maxDets=1000 ] = 0.915
 Average Precision  (AP) @[ IoU=0.75      | area=   all | maxDets=1000 ] = 0.884
 Average Precision  (AP) @[ IoU=0.50:0.95 | area= small | maxDets=1000 ] = 0.238
 Average Precision  (AP) @[ IoU=0.50:0.95 | area=medium | maxDets=1000 ] = 0.712
 Average Precision  (AP) @[ IoU=0.50:0.95 | area= large | maxDets=1000 ] = 0.850
 Average Recall     (AR) @[ IoU=0.50:0.95 | area=   all | maxDets=100 ] = 0.838
 Average Recall     (AR) @[ IoU=0.50:0.95 | area=   all | maxDets=300 ] = 0.838
 Average Recall     (AR) @[ IoU=0.50:0.95 | area=   all | maxDets=1000 ] = 0.838
 Average Recall     (AR) @[ IoU=0.50:0.95 | area= small | maxDets=1000 ] = 0.550
 Average Recall     (AR) @[ IoU=0.50:0.95 | area=medium | maxDets=1000 ] = 0.750
 Average Recall     (AR) @[ IoU=0.50:0.95 | area= large | maxDets=1000 ] = 0.883

2023-02-10 08:54:49,368 - mmdet - INFO - Evaluating segm...
2023-02-10 08:54:49,407 - mmdet - INFO - 
 Average Precision  (AP) @[ IoU=0.50:0.95 | area=   all | maxDets=100 ] = 0.829
 Average Precision  (AP) @[ IoU=0.50      | area=   all | maxDets=1000 ] = 0.892
 Average Precision  (AP) @[ IoU=0.75      | area=   all | maxDets=1000 ] = 0.888
 Average Precision  (AP) @[ IoU=0.50:0.95 | area= small | maxDets=1000 ] = 0.093
 Average Precision  (AP) @[ IoU=0.50:0.95 | area=medium | maxDets=1000 ] = 0.744
 Average Precision  (AP) @[ IoU=0.50:0.95 | area= large | maxDets=1000 ] = 0.886
 Average Recall     (AR) @[ IoU=0.50:0.95 | area=   all | maxDets=100 ] = 0.864
 Average Recall     (AR) @[ IoU=0.50:0.95 | area=   all | maxDets=300 ] = 0.864
 Average Recall     (AR) @[ IoU=0.50:0.95 | area=   all | maxDets=1000 ] = 0.864
 Average Recall     (AR) @[ IoU=0.50:0.95 | area= small | maxDets=1000 ] = 0.500
 Average Recall     (AR) @[ IoU=0.50:0.95 | area=medium | maxDets=1000 ] = 0.792
 Average Recall     (AR) @[ IoU=0.50:0.95 | area= large | maxDets=1000 ] = 0.908

2023-02-10 08:54:49,412 - mmdet - INFO - Exp name: mask_rcnn_r50_fpn_2x_baloon.py
2023-02-10 08:54:49,412 - mmdet - INFO - Epoch(val) [17][13]	bbox_mAP: 0.7926, bbox_mAP_50: 0.9150, bbox_mAP_75: 0.8844, bbox_mAP_s: 0.2379, bbox_mAP_m: 0.7124, bbox_mAP_l: 0.8499, bbox_mAP_copypaste: 0.7926 0.9150 0.8844 0.2379 0.7124 0.8499, segm_mAP: 0.8288, segm_mAP_50: 0.8915, segm_mAP_75: 0.8876, segm_mAP_s: 0.0926, segm_mAP_m: 0.7440, segm_mAP_l: 0.8863, segm_mAP_copypaste: 0.8288 0.8915 0.8876 0.0926 0.7440 0.8863
2023-02-10 08:55:02,922 - mmdet - INFO - Epoch [18][10/16]	lr: 1.125e-04, eta: 0:01:32, time: 1.343, data_time: 0.896, memory: 7098, loss_rpn_cls: 0.0030, loss_rpn_bbox: 0.0084, loss_cls: 0.0559, acc: 97.7344, loss_bbox: 0.0753, loss_mask: 0.0779, loss: 0.2206
2023-02-10 08:55:05,780 - mmdet - INFO - Saving checkpoint at 18 epochs
2023-02-10 08:55:16,521 - mmdet - INFO - Evaluating bbox...
2023-02-10 08:55:16,555 - mmdet - INFO - 
 Average Precision  (AP) @[ IoU=0.50:0.95 | area=   all | maxDets=100 ] = 0.796
 Average Precision  (AP) @[ IoU=0.50      | area=   all | maxDets=1000 ] = 0.915
 Average Precision  (AP) @[ IoU=0.75      | area=   all | maxDets=1000 ] = 0.884
 Average Precision  (AP) @[ IoU=0.50:0.95 | area= small | maxDets=1000 ] = 0.238
 Average Precision  (AP) @[ IoU=0.50:0.95 | area=medium | maxDets=1000 ] = 0.715
 Average Precision  (AP) @[ IoU=0.50:0.95 | area= large | maxDets=1000 ] = 0.855
 Average Recall     (AR) @[ IoU=0.50:0.95 | area=   all | maxDets=100 ] = 0.840
 Average Recall     (AR) @[ IoU=0.50:0.95 | area=   all | maxDets=300 ] = 0.840
 Average Recall     (AR) @[ IoU=0.50:0.95 | area=   all | maxDets=1000 ] = 0.840
 Average Recall     (AR) @[ IoU=0.50:0.95 | area= small | maxDets=1000 ] = 0.550
 Average Recall     (AR) @[ IoU=0.50:0.95 | area=medium | maxDets=1000 ] = 0.750
 Average Recall     (AR) @[ IoU=0.50:0.95 | area= large | maxDets=1000 ] = 0.886

2023-02-10 08:55:16,556 - mmdet - INFO - Evaluating segm...
2023-02-10 08:55:16,593 - mmdet - INFO - 
 Average Precision  (AP) @[ IoU=0.50:0.95 | area=   all | maxDets=100 ] = 0.831
 Average Precision  (AP) @[ IoU=0.50      | area=   all | maxDets=1000 ] = 0.915
 Average Precision  (AP) @[ IoU=0.75      | area=   all | maxDets=1000 ] = 0.888
 Average Precision  (AP) @[ IoU=0.50:0.95 | area= small | maxDets=1000 ] = 0.106
 Average Precision  (AP) @[ IoU=0.50:0.95 | area=medium | maxDets=1000 ] = 0.746
 Average Precision  (AP) @[ IoU=0.50:0.95 | area= large | maxDets=1000 ] = 0.887
 Average Recall     (AR) @[ IoU=0.50:0.95 | area=   all | maxDets=100 ] = 0.866
 Average Recall     (AR) @[ IoU=0.50:0.95 | area=   all | maxDets=300 ] = 0.866
 Average Recall     (AR) @[ IoU=0.50:0.95 | area=   all | maxDets=1000 ] = 0.866
 Average Recall     (AR) @[ IoU=0.50:0.95 | area= small | maxDets=1000 ] = 0.550
 Average Recall     (AR) @[ IoU=0.50:0.95 | area=medium | maxDets=1000 ] = 0.792
 Average Recall     (AR) @[ IoU=0.50:0.95 | area= large | maxDets=1000 ] = 0.908

2023-02-10 08:55:16,650 - mmdet - INFO - The previous best checkpoint D:\workspace\openmmlab_tutorial\hw2\work\baloon\best_bbox_mAP_epoch_16.pth was removed
2023-02-10 08:55:18,626 - mmdet - INFO - Now best checkpoint is saved as best_bbox_mAP_epoch_18.pth.
2023-02-10 08:55:18,626 - mmdet - INFO - Best bbox_mAP is 0.7959 at 18 epoch.
2023-02-10 08:55:18,628 - mmdet - INFO - Exp name: mask_rcnn_r50_fpn_2x_baloon.py
2023-02-10 08:55:18,629 - mmdet - INFO - Epoch(val) [18][13]	bbox_mAP: 0.7959, bbox_mAP_50: 0.9150, bbox_mAP_75: 0.8845, bbox_mAP_s: 0.2379, bbox_mAP_m: 0.7146, bbox_mAP_l: 0.8547, bbox_mAP_copypaste: 0.7959 0.9150 0.8845 0.2379 0.7146 0.8547, segm_mAP: 0.8305, segm_mAP_50: 0.9150, segm_mAP_75: 0.8879, segm_mAP_s: 0.1063, segm_mAP_m: 0.7458, segm_mAP_l: 0.8871, segm_mAP_copypaste: 0.8305 0.9150 0.8879 0.1063 0.7458 0.8871
2023-02-10 08:55:31,686 - mmdet - INFO - Epoch [19][10/16]	lr: 1.189e-04, eta: 0:01:17, time: 1.298, data_time: 0.875, memory: 7098, loss_rpn_cls: 0.0021, loss_rpn_bbox: 0.0052, loss_cls: 0.0437, acc: 98.3838, loss_bbox: 0.0516, loss_mask: 0.0704, loss: 0.1730
2023-02-10 08:55:34,651 - mmdet - INFO - Saving checkpoint at 19 epochs
2023-02-10 08:55:45,270 - mmdet - INFO - Evaluating bbox...
2023-02-10 08:55:45,300 - mmdet - INFO - 
 Average Precision  (AP) @[ IoU=0.50:0.95 | area=   all | maxDets=100 ] = 0.799
 Average Precision  (AP) @[ IoU=0.50      | area=   all | maxDets=1000 ] = 0.915
 Average Precision  (AP) @[ IoU=0.75      | area=   all | maxDets=1000 ] = 0.885
 Average Precision  (AP) @[ IoU=0.50:0.95 | area= small | maxDets=1000 ] = 0.238
 Average Precision  (AP) @[ IoU=0.50:0.95 | area=medium | maxDets=1000 ] = 0.715
 Average Precision  (AP) @[ IoU=0.50:0.95 | area= large | maxDets=1000 ] = 0.859
 Average Recall     (AR) @[ IoU=0.50:0.95 | area=   all | maxDets=100 ] = 0.844
 Average Recall     (AR) @[ IoU=0.50:0.95 | area=   all | maxDets=300 ] = 0.844
 Average Recall     (AR) @[ IoU=0.50:0.95 | area=   all | maxDets=1000 ] = 0.844
 Average Recall     (AR) @[ IoU=0.50:0.95 | area= small | maxDets=1000 ] = 0.550
 Average Recall     (AR) @[ IoU=0.50:0.95 | area=medium | maxDets=1000 ] = 0.750
 Average Recall     (AR) @[ IoU=0.50:0.95 | area= large | maxDets=1000 ] = 0.892

2023-02-10 08:55:45,302 - mmdet - INFO - Evaluating segm...
2023-02-10 08:55:45,336 - mmdet - INFO - 
 Average Precision  (AP) @[ IoU=0.50:0.95 | area=   all | maxDets=100 ] = 0.831
 Average Precision  (AP) @[ IoU=0.50      | area=   all | maxDets=1000 ] = 0.915
 Average Precision  (AP) @[ IoU=0.75      | area=   all | maxDets=1000 ] = 0.888
 Average Precision  (AP) @[ IoU=0.50:0.95 | area= small | maxDets=1000 ] = 0.093
 Average Precision  (AP) @[ IoU=0.50:0.95 | area=medium | maxDets=1000 ] = 0.746
 Average Precision  (AP) @[ IoU=0.50:0.95 | area= large | maxDets=1000 ] = 0.887
 Average Recall     (AR) @[ IoU=0.50:0.95 | area=   all | maxDets=100 ] = 0.866
 Average Recall     (AR) @[ IoU=0.50:0.95 | area=   all | maxDets=300 ] = 0.866
 Average Recall     (AR) @[ IoU=0.50:0.95 | area=   all | maxDets=1000 ] = 0.866
 Average Recall     (AR) @[ IoU=0.50:0.95 | area= small | maxDets=1000 ] = 0.500
 Average Recall     (AR) @[ IoU=0.50:0.95 | area=medium | maxDets=1000 ] = 0.800
 Average Recall     (AR) @[ IoU=0.50:0.95 | area= large | maxDets=1000 ] = 0.908

2023-02-10 08:55:45,371 - mmdet - INFO - The previous best checkpoint D:\workspace\openmmlab_tutorial\hw2\work\baloon\best_bbox_mAP_epoch_18.pth was removed
2023-02-10 08:55:47,306 - mmdet - INFO - Now best checkpoint is saved as best_bbox_mAP_epoch_19.pth.
2023-02-10 08:55:47,306 - mmdet - INFO - Best bbox_mAP is 0.7994 at 19 epoch.
2023-02-10 08:55:47,308 - mmdet - INFO - Exp name: mask_rcnn_r50_fpn_2x_baloon.py
2023-02-10 08:55:47,309 - mmdet - INFO - Epoch(val) [19][13]	bbox_mAP: 0.7994, bbox_mAP_50: 0.9153, bbox_mAP_75: 0.8848, bbox_mAP_s: 0.2379, bbox_mAP_m: 0.7146, bbox_mAP_l: 0.8593, bbox_mAP_copypaste: 0.7994 0.9153 0.8848 0.2379 0.7146 0.8593, segm_mAP: 0.8309, segm_mAP_50: 0.9153, segm_mAP_75: 0.8879, segm_mAP_s: 0.0926, segm_mAP_m: 0.7464, segm_mAP_l: 0.8870, segm_mAP_copypaste: 0.8309 0.9153 0.8879 0.0926 0.7464 0.8870
2023-02-10 08:56:00,463 - mmdet - INFO - Epoch [20][10/16]	lr: 1.253e-04, eta: 0:01:02, time: 1.308, data_time: 0.867, memory: 7098, loss_rpn_cls: 0.0031, loss_rpn_bbox: 0.0081, loss_cls: 0.0552, acc: 97.9590, loss_bbox: 0.0719, loss_mask: 0.0809, loss: 0.2193
2023-02-10 08:56:03,416 - mmdet - INFO - Saving checkpoint at 20 epochs
2023-02-10 08:56:14,075 - mmdet - INFO - Evaluating bbox...
2023-02-10 08:56:14,106 - mmdet - INFO - 
 Average Precision  (AP) @[ IoU=0.50:0.95 | area=   all | maxDets=100 ] = 0.796
 Average Precision  (AP) @[ IoU=0.50      | area=   all | maxDets=1000 ] = 0.915
 Average Precision  (AP) @[ IoU=0.75      | area=   all | maxDets=1000 ] = 0.884
 Average Precision  (AP) @[ IoU=0.50:0.95 | area= small | maxDets=1000 ] = 0.238
 Average Precision  (AP) @[ IoU=0.50:0.95 | area=medium | maxDets=1000 ] = 0.702
 Average Precision  (AP) @[ IoU=0.50:0.95 | area= large | maxDets=1000 ] = 0.857
 Average Recall     (AR) @[ IoU=0.50:0.95 | area=   all | maxDets=100 ] = 0.840
 Average Recall     (AR) @[ IoU=0.50:0.95 | area=   all | maxDets=300 ] = 0.840
 Average Recall     (AR) @[ IoU=0.50:0.95 | area=   all | maxDets=1000 ] = 0.840
 Average Recall     (AR) @[ IoU=0.50:0.95 | area= small | maxDets=1000 ] = 0.550
 Average Recall     (AR) @[ IoU=0.50:0.95 | area=medium | maxDets=1000 ] = 0.742
 Average Recall     (AR) @[ IoU=0.50:0.95 | area= large | maxDets=1000 ] = 0.889

2023-02-10 08:56:14,107 - mmdet - INFO - Evaluating segm...
2023-02-10 08:56:14,144 - mmdet - INFO - 
 Average Precision  (AP) @[ IoU=0.50:0.95 | area=   all | maxDets=100 ] = 0.831
 Average Precision  (AP) @[ IoU=0.50      | area=   all | maxDets=1000 ] = 0.915
 Average Precision  (AP) @[ IoU=0.75      | area=   all | maxDets=1000 ] = 0.887
 Average Precision  (AP) @[ IoU=0.50:0.95 | area= small | maxDets=1000 ] = 0.106
 Average Precision  (AP) @[ IoU=0.50:0.95 | area=medium | maxDets=1000 ] = 0.746
 Average Precision  (AP) @[ IoU=0.50:0.95 | area= large | maxDets=1000 ] = 0.887
 Average Recall     (AR) @[ IoU=0.50:0.95 | area=   all | maxDets=100 ] = 0.868
 Average Recall     (AR) @[ IoU=0.50:0.95 | area=   all | maxDets=300 ] = 0.868
 Average Recall     (AR) @[ IoU=0.50:0.95 | area=   all | maxDets=1000 ] = 0.868
 Average Recall     (AR) @[ IoU=0.50:0.95 | area= small | maxDets=1000 ] = 0.550
 Average Recall     (AR) @[ IoU=0.50:0.95 | area=medium | maxDets=1000 ] = 0.800
 Average Recall     (AR) @[ IoU=0.50:0.95 | area= large | maxDets=1000 ] = 0.908

2023-02-10 08:56:14,149 - mmdet - INFO - Exp name: mask_rcnn_r50_fpn_2x_baloon.py
2023-02-10 08:56:14,149 - mmdet - INFO - Epoch(val) [20][13]	bbox_mAP: 0.7957, bbox_mAP_50: 0.9148, bbox_mAP_75: 0.8842, bbox_mAP_s: 0.2379, bbox_mAP_m: 0.7021, bbox_mAP_l: 0.8569, bbox_mAP_copypaste: 0.7957 0.9148 0.8842 0.2379 0.7021 0.8569, segm_mAP: 0.8310, segm_mAP_50: 0.9148, segm_mAP_75: 0.8874, segm_mAP_s: 0.1063, segm_mAP_m: 0.7464, segm_mAP_l: 0.8871, segm_mAP_copypaste: 0.8310 0.9148 0.8874 0.1063 0.7464 0.8871
2023-02-10 08:56:27,320 - mmdet - INFO - Epoch [21][10/16]	lr: 1.317e-04, eta: 0:00:48, time: 1.310, data_time: 0.873, memory: 7098, loss_rpn_cls: 0.0027, loss_rpn_bbox: 0.0058, loss_cls: 0.0437, acc: 98.3887, loss_bbox: 0.0572, loss_mask: 0.0631, loss: 0.1726
2023-02-10 08:56:30,340 - mmdet - INFO - Saving checkpoint at 21 epochs
2023-02-10 08:56:41,216 - mmdet - INFO - Evaluating bbox...
2023-02-10 08:56:41,245 - mmdet - INFO - 
 Average Precision  (AP) @[ IoU=0.50:0.95 | area=   all | maxDets=100 ] = 0.796
 Average Precision  (AP) @[ IoU=0.50      | area=   all | maxDets=1000 ] = 0.914
 Average Precision  (AP) @[ IoU=0.75      | area=   all | maxDets=1000 ] = 0.883
 Average Precision  (AP) @[ IoU=0.50:0.95 | area= small | maxDets=1000 ] = 0.317
 Average Precision  (AP) @[ IoU=0.50:0.95 | area=medium | maxDets=1000 ] = 0.693
 Average Precision  (AP) @[ IoU=0.50:0.95 | area= large | maxDets=1000 ] = 0.860
 Average Recall     (AR) @[ IoU=0.50:0.95 | area=   all | maxDets=100 ] = 0.842
 Average Recall     (AR) @[ IoU=0.50:0.95 | area=   all | maxDets=300 ] = 0.842
 Average Recall     (AR) @[ IoU=0.50:0.95 | area=   all | maxDets=1000 ] = 0.842
 Average Recall     (AR) @[ IoU=0.50:0.95 | area= small | maxDets=1000 ] = 0.550
 Average Recall     (AR) @[ IoU=0.50:0.95 | area=medium | maxDets=1000 ] = 0.733
 Average Recall     (AR) @[ IoU=0.50:0.95 | area= large | maxDets=1000 ] = 0.894

2023-02-10 08:56:41,246 - mmdet - INFO - Evaluating segm...
2023-02-10 08:56:41,281 - mmdet - INFO - 
 Average Precision  (AP) @[ IoU=0.50:0.95 | area=   all | maxDets=100 ] = 0.828
 Average Precision  (AP) @[ IoU=0.50      | area=   all | maxDets=1000 ] = 0.914
 Average Precision  (AP) @[ IoU=0.75      | area=   all | maxDets=1000 ] = 0.887
 Average Precision  (AP) @[ IoU=0.50:0.95 | area= small | maxDets=1000 ] = 0.117
 Average Precision  (AP) @[ IoU=0.50:0.95 | area=medium | maxDets=1000 ] = 0.741
 Average Precision  (AP) @[ IoU=0.50:0.95 | area= large | maxDets=1000 ] = 0.886
 Average Recall     (AR) @[ IoU=0.50:0.95 | area=   all | maxDets=100 ] = 0.866
 Average Recall     (AR) @[ IoU=0.50:0.95 | area=   all | maxDets=300 ] = 0.866
 Average Recall     (AR) @[ IoU=0.50:0.95 | area=   all | maxDets=1000 ] = 0.866
 Average Recall     (AR) @[ IoU=0.50:0.95 | area= small | maxDets=1000 ] = 0.550
 Average Recall     (AR) @[ IoU=0.50:0.95 | area=medium | maxDets=1000 ] = 0.792
 Average Recall     (AR) @[ IoU=0.50:0.95 | area= large | maxDets=1000 ] = 0.908

2023-02-10 08:56:41,285 - mmdet - INFO - Exp name: mask_rcnn_r50_fpn_2x_baloon.py
2023-02-10 08:56:41,285 - mmdet - INFO - Epoch(val) [21][13]	bbox_mAP: 0.7956, bbox_mAP_50: 0.9140, bbox_mAP_75: 0.8828, bbox_mAP_s: 0.3172, bbox_mAP_m: 0.6930, bbox_mAP_l: 0.8603, bbox_mAP_copypaste: 0.7956 0.9140 0.8828 0.3172 0.6930 0.8603, segm_mAP: 0.8281, segm_mAP_50: 0.9140, segm_mAP_75: 0.8867, segm_mAP_s: 0.1174, segm_mAP_m: 0.7411, segm_mAP_l: 0.8859, segm_mAP_copypaste: 0.8281 0.9140 0.8867 0.1174 0.7411 0.8859
2023-02-10 08:56:54,472 - mmdet - INFO - Epoch [22][10/16]	lr: 1.381e-04, eta: 0:00:33, time: 1.312, data_time: 0.874, memory: 7098, loss_rpn_cls: 0.0051, loss_rpn_bbox: 0.0059, loss_cls: 0.0444, acc: 98.3008, loss_bbox: 0.0517, loss_mask: 0.0591, loss: 0.1662
2023-02-10 08:56:57,374 - mmdet - INFO - Saving checkpoint at 22 epochs
2023-02-10 08:57:08,063 - mmdet - INFO - Evaluating bbox...
2023-02-10 08:57:08,096 - mmdet - INFO - 
 Average Precision  (AP) @[ IoU=0.50:0.95 | area=   all | maxDets=100 ] = 0.790
 Average Precision  (AP) @[ IoU=0.50      | area=   all | maxDets=1000 ] = 0.914
 Average Precision  (AP) @[ IoU=0.75      | area=   all | maxDets=1000 ] = 0.883
 Average Precision  (AP) @[ IoU=0.50:0.95 | area= small | maxDets=1000 ] = 0.317
 Average Precision  (AP) @[ IoU=0.50:0.95 | area=medium | maxDets=1000 ] = 0.693
 Average Precision  (AP) @[ IoU=0.50:0.95 | area= large | maxDets=1000 ] = 0.852
 Average Recall     (AR) @[ IoU=0.50:0.95 | area=   all | maxDets=100 ] = 0.836
 Average Recall     (AR) @[ IoU=0.50:0.95 | area=   all | maxDets=300 ] = 0.836
 Average Recall     (AR) @[ IoU=0.50:0.95 | area=   all | maxDets=1000 ] = 0.836
 Average Recall     (AR) @[ IoU=0.50:0.95 | area= small | maxDets=1000 ] = 0.550
 Average Recall     (AR) @[ IoU=0.50:0.95 | area=medium | maxDets=1000 ] = 0.733
 Average Recall     (AR) @[ IoU=0.50:0.95 | area= large | maxDets=1000 ] = 0.886

2023-02-10 08:57:08,097 - mmdet - INFO - Evaluating segm...
2023-02-10 08:57:08,135 - mmdet - INFO - 
 Average Precision  (AP) @[ IoU=0.50:0.95 | area=   all | maxDets=100 ] = 0.828
 Average Precision  (AP) @[ IoU=0.50      | area=   all | maxDets=1000 ] = 0.914
 Average Precision  (AP) @[ IoU=0.75      | area=   all | maxDets=1000 ] = 0.887
 Average Precision  (AP) @[ IoU=0.50:0.95 | area= small | maxDets=1000 ] = 0.102
 Average Precision  (AP) @[ IoU=0.50:0.95 | area=medium | maxDets=1000 ] = 0.741
 Average Precision  (AP) @[ IoU=0.50:0.95 | area= large | maxDets=1000 ] = 0.886
 Average Recall     (AR) @[ IoU=0.50:0.95 | area=   all | maxDets=100 ] = 0.864
 Average Recall     (AR) @[ IoU=0.50:0.95 | area=   all | maxDets=300 ] = 0.864
 Average Recall     (AR) @[ IoU=0.50:0.95 | area=   all | maxDets=1000 ] = 0.864
 Average Recall     (AR) @[ IoU=0.50:0.95 | area= small | maxDets=1000 ] = 0.500
 Average Recall     (AR) @[ IoU=0.50:0.95 | area=medium | maxDets=1000 ] = 0.792
 Average Recall     (AR) @[ IoU=0.50:0.95 | area= large | maxDets=1000 ] = 0.908

2023-02-10 08:57:08,140 - mmdet - INFO - Exp name: mask_rcnn_r50_fpn_2x_baloon.py
2023-02-10 08:57:08,141 - mmdet - INFO - Epoch(val) [22][13]	bbox_mAP: 0.7903, bbox_mAP_50: 0.9145, bbox_mAP_75: 0.8830, bbox_mAP_s: 0.3172, bbox_mAP_m: 0.6930, bbox_mAP_l: 0.8515, bbox_mAP_copypaste: 0.7903 0.9145 0.8830 0.3172 0.6930 0.8515, segm_mAP: 0.8280, segm_mAP_50: 0.9145, segm_mAP_75: 0.8869, segm_mAP_s: 0.1015, segm_mAP_m: 0.7411, segm_mAP_l: 0.8861, segm_mAP_copypaste: 0.8280 0.9145 0.8869 0.1015 0.7411 0.8861
2023-02-10 08:57:21,512 - mmdet - INFO - Epoch [23][10/16]	lr: 1.445e-05, eta: 0:00:19, time: 1.329, data_time: 0.901, memory: 7098, loss_rpn_cls: 0.0043, loss_rpn_bbox: 0.0069, loss_cls: 0.0471, acc: 98.2617, loss_bbox: 0.0586, loss_mask: 0.0676, loss: 0.1844
2023-02-10 08:57:24,513 - mmdet - INFO - Saving checkpoint at 23 epochs
2023-02-10 08:57:35,395 - mmdet - INFO - Evaluating bbox...
2023-02-10 08:57:35,427 - mmdet - INFO - 
 Average Precision  (AP) @[ IoU=0.50:0.95 | area=   all | maxDets=100 ] = 0.796
 Average Precision  (AP) @[ IoU=0.50      | area=   all | maxDets=1000 ] = 0.914
 Average Precision  (AP) @[ IoU=0.75      | area=   all | maxDets=1000 ] = 0.883
 Average Precision  (AP) @[ IoU=0.50:0.95 | area= small | maxDets=1000 ] = 0.317
 Average Precision  (AP) @[ IoU=0.50:0.95 | area=medium | maxDets=1000 ] = 0.693
 Average Precision  (AP) @[ IoU=0.50:0.95 | area= large | maxDets=1000 ] = 0.860
 Average Recall     (AR) @[ IoU=0.50:0.95 | area=   all | maxDets=100 ] = 0.842
 Average Recall     (AR) @[ IoU=0.50:0.95 | area=   all | maxDets=300 ] = 0.842
 Average Recall     (AR) @[ IoU=0.50:0.95 | area=   all | maxDets=1000 ] = 0.842
 Average Recall     (AR) @[ IoU=0.50:0.95 | area= small | maxDets=1000 ] = 0.550
 Average Recall     (AR) @[ IoU=0.50:0.95 | area=medium | maxDets=1000 ] = 0.733
 Average Recall     (AR) @[ IoU=0.50:0.95 | area= large | maxDets=1000 ] = 0.894

2023-02-10 08:57:35,428 - mmdet - INFO - Evaluating segm...
2023-02-10 08:57:35,464 - mmdet - INFO - 
 Average Precision  (AP) @[ IoU=0.50:0.95 | area=   all | maxDets=100 ] = 0.830
 Average Precision  (AP) @[ IoU=0.50      | area=   all | maxDets=1000 ] = 0.914
 Average Precision  (AP) @[ IoU=0.75      | area=   all | maxDets=1000 ] = 0.887
 Average Precision  (AP) @[ IoU=0.50:0.95 | area= small | maxDets=1000 ] = 0.102
 Average Precision  (AP) @[ IoU=0.50:0.95 | area=medium | maxDets=1000 ] = 0.744
 Average Precision  (AP) @[ IoU=0.50:0.95 | area= large | maxDets=1000 ] = 0.886
 Average Recall     (AR) @[ IoU=0.50:0.95 | area=   all | maxDets=100 ] = 0.866
 Average Recall     (AR) @[ IoU=0.50:0.95 | area=   all | maxDets=300 ] = 0.866
 Average Recall     (AR) @[ IoU=0.50:0.95 | area=   all | maxDets=1000 ] = 0.866
 Average Recall     (AR) @[ IoU=0.50:0.95 | area= small | maxDets=1000 ] = 0.500
 Average Recall     (AR) @[ IoU=0.50:0.95 | area=medium | maxDets=1000 ] = 0.800
 Average Recall     (AR) @[ IoU=0.50:0.95 | area= large | maxDets=1000 ] = 0.908

2023-02-10 08:57:35,468 - mmdet - INFO - Exp name: mask_rcnn_r50_fpn_2x_baloon.py
2023-02-10 08:57:35,468 - mmdet - INFO - Epoch(val) [23][13]	bbox_mAP: 0.7956, bbox_mAP_50: 0.9145, bbox_mAP_75: 0.8830, bbox_mAP_s: 0.3172, bbox_mAP_m: 0.6930, bbox_mAP_l: 0.8600, bbox_mAP_copypaste: 0.7956 0.9145 0.8830 0.3172 0.6930 0.8600, segm_mAP: 0.8298, segm_mAP_50: 0.9145, segm_mAP_75: 0.8869, segm_mAP_s: 0.1015, segm_mAP_m: 0.7441, segm_mAP_l: 0.8861, segm_mAP_copypaste: 0.8298 0.9145 0.8869 0.1015 0.7441 0.8861
2023-02-10 08:57:48,704 - mmdet - INFO - Epoch [24][10/16]	lr: 1.508e-05, eta: 0:00:05, time: 1.317, data_time: 0.880, memory: 7098, loss_rpn_cls: 0.0040, loss_rpn_bbox: 0.0061, loss_cls: 0.0452, acc: 98.3740, loss_bbox: 0.0570, loss_mask: 0.0689, loss: 0.1812
2023-02-10 08:57:51,688 - mmdet - INFO - Saving checkpoint at 24 epochs
2023-02-10 08:58:02,533 - mmdet - INFO - Evaluating bbox...
2023-02-10 08:58:02,564 - mmdet - INFO - 
 Average Precision  (AP) @[ IoU=0.50:0.95 | area=   all | maxDets=100 ] = 0.800
 Average Precision  (AP) @[ IoU=0.50      | area=   all | maxDets=1000 ] = 0.915
 Average Precision  (AP) @[ IoU=0.75      | area=   all | maxDets=1000 ] = 0.883
 Average Precision  (AP) @[ IoU=0.50:0.95 | area= small | maxDets=1000 ] = 0.317
 Average Precision  (AP) @[ IoU=0.50:0.95 | area=medium | maxDets=1000 ] = 0.711
 Average Precision  (AP) @[ IoU=0.50:0.95 | area= large | maxDets=1000 ] = 0.860
 Average Recall     (AR) @[ IoU=0.50:0.95 | area=   all | maxDets=100 ] = 0.846
 Average Recall     (AR) @[ IoU=0.50:0.95 | area=   all | maxDets=300 ] = 0.846
 Average Recall     (AR) @[ IoU=0.50:0.95 | area=   all | maxDets=1000 ] = 0.846
 Average Recall     (AR) @[ IoU=0.50:0.95 | area= small | maxDets=1000 ] = 0.550
 Average Recall     (AR) @[ IoU=0.50:0.95 | area=medium | maxDets=1000 ] = 0.750
 Average Recall     (AR) @[ IoU=0.50:0.95 | area= large | maxDets=1000 ] = 0.894

2023-02-10 08:58:02,565 - mmdet - INFO - Evaluating segm...
2023-02-10 08:58:02,602 - mmdet - INFO - 
 Average Precision  (AP) @[ IoU=0.50:0.95 | area=   all | maxDets=100 ] = 0.828
 Average Precision  (AP) @[ IoU=0.50      | area=   all | maxDets=1000 ] = 0.915
 Average Precision  (AP) @[ IoU=0.75      | area=   all | maxDets=1000 ] = 0.887
 Average Precision  (AP) @[ IoU=0.50:0.95 | area= small | maxDets=1000 ] = 0.102
 Average Precision  (AP) @[ IoU=0.50:0.95 | area=medium | maxDets=1000 ] = 0.741
 Average Precision  (AP) @[ IoU=0.50:0.95 | area= large | maxDets=1000 ] = 0.886
 Average Recall     (AR) @[ IoU=0.50:0.95 | area=   all | maxDets=100 ] = 0.864
 Average Recall     (AR) @[ IoU=0.50:0.95 | area=   all | maxDets=300 ] = 0.864
 Average Recall     (AR) @[ IoU=0.50:0.95 | area=   all | maxDets=1000 ] = 0.864
 Average Recall     (AR) @[ IoU=0.50:0.95 | area= small | maxDets=1000 ] = 0.500
 Average Recall     (AR) @[ IoU=0.50:0.95 | area=medium | maxDets=1000 ] = 0.792
 Average Recall     (AR) @[ IoU=0.50:0.95 | area= large | maxDets=1000 ] = 0.908

2023-02-10 08:58:02,644 - mmdet - INFO - The previous best checkpoint D:\workspace\openmmlab_tutorial\hw2\work\baloon\best_bbox_mAP_epoch_19.pth was removed
2023-02-10 08:58:04,560 - mmdet - INFO - Now best checkpoint is saved as best_bbox_mAP_epoch_24.pth.
2023-02-10 08:58:04,560 - mmdet - INFO - Best bbox_mAP is 0.7998 at 24 epoch.
2023-02-10 08:58:04,563 - mmdet - INFO - Exp name: mask_rcnn_r50_fpn_2x_baloon.py
2023-02-10 08:58:04,564 - mmdet - INFO - Epoch(val) [24][13]	bbox_mAP: 0.7998, bbox_mAP_50: 0.9145, bbox_mAP_75: 0.8830, bbox_mAP_s: 0.3172, bbox_mAP_m: 0.7106, bbox_mAP_l: 0.8598, bbox_mAP_copypaste: 0.7998 0.9145 0.8830 0.3172 0.7106 0.8598, segm_mAP: 0.8279, segm_mAP_50: 0.9145, segm_mAP_75: 0.8870, segm_mAP_s: 0.1015, segm_mAP_m: 0.7411, segm_mAP_l: 0.8859, segm_mAP_copypaste: 0.8279 0.9145 0.8870 0.1015 0.7411 0.8859
